<?xml version="1.0" encoding="UTF-8"?>
<testsuite name="com.reservationsystem.EatgoRestaurantApiApplicationTests" tests="1" skipped="0" failures="0" errors="0" timestamp="2021-07-17T15:17:13" hostname="DESKTOP-R7AB2GV" time="0.013">
  <properties/>
  <testcase name="contextLoads()" classname="com.reservationsystem.EatgoRestaurantApiApplicationTests" time="0.013"/>
  <system-out><![CDATA[00:17:08.081 [Test worker] DEBUG org.springframework.test.context.BootstrapUtils - Instantiating CacheAwareContextLoaderDelegate from class [org.springframework.test.context.cache.DefaultCacheAwareContextLoaderDelegate]
00:17:08.100 [Test worker] DEBUG org.springframework.test.context.BootstrapUtils - Instantiating BootstrapContext using constructor [public org.springframework.test.context.support.DefaultBootstrapContext(java.lang.Class,org.springframework.test.context.CacheAwareContextLoaderDelegate)]
00:17:08.128 [Test worker] DEBUG org.springframework.test.context.BootstrapUtils - Instantiating TestContextBootstrapper for test class [com.reservationsystem.EatgoRestaurantApiApplicationTests] from class [org.springframework.boot.test.context.SpringBootTestContextBootstrapper]
00:17:08.144 [Test worker] INFO org.springframework.boot.test.context.SpringBootTestContextBootstrapper - Neither @ContextConfiguration nor @ContextHierarchy found for test class [com.reservationsystem.EatgoRestaurantApiApplicationTests], using SpringBootContextLoader
00:17:08.148 [Test worker] DEBUG org.springframework.test.context.support.AbstractContextLoader - Did not detect default resource location for test class [com.reservationsystem.EatgoRestaurantApiApplicationTests]: class path resource [com/reservationsystem/EatgoRestaurantApiApplicationTests-context.xml] does not exist
00:17:08.149 [Test worker] DEBUG org.springframework.test.context.support.AbstractContextLoader - Did not detect default resource location for test class [com.reservationsystem.EatgoRestaurantApiApplicationTests]: class path resource [com/reservationsystem/EatgoRestaurantApiApplicationTestsContext.groovy] does not exist
00:17:08.149 [Test worker] INFO org.springframework.test.context.support.AbstractContextLoader - Could not detect default resource locations for test class [com.reservationsystem.EatgoRestaurantApiApplicationTests]: no resource found for suffixes {-context.xml, Context.groovy}.
00:17:08.150 [Test worker] INFO org.springframework.test.context.support.AnnotationConfigContextLoaderUtils - Could not detect default configuration classes for test class [com.reservationsystem.EatgoRestaurantApiApplicationTests]: EatgoRestaurantApiApplicationTests does not declare any static, non-private, non-final, nested classes annotated with @Configuration.
00:17:08.186 [Test worker] DEBUG org.springframework.test.context.support.ActiveProfilesUtils - Could not find an 'annotation declaring class' for annotation type [org.springframework.test.context.ActiveProfiles] and class [com.reservationsystem.EatgoRestaurantApiApplicationTests]
00:17:08.245 [Test worker] DEBUG org.springframework.context.annotation.ClassPathScanningCandidateComponentProvider - Identified candidate component class: file [C:\Users\JAESEUNG\IdeaProjects\Restaurant_System\eatgo-restaurant-api\build\classes\java\main\com\reservationsystem\EatgoReservationApiApplication.class]
00:17:08.254 [Test worker] INFO org.springframework.boot.test.context.SpringBootTestContextBootstrapper - Found @SpringBootConfiguration com.reservationsystem.EatgoReservationApiApplication for test class com.reservationsystem.EatgoRestaurantApiApplicationTests
00:17:08.359 [Test worker] DEBUG org.springframework.boot.test.context.SpringBootTestContextBootstrapper - @TestExecutionListeners is not present for class [com.reservationsystem.EatgoRestaurantApiApplicationTests]: using defaults.
00:17:08.360 [Test worker] INFO org.springframework.boot.test.context.SpringBootTestContextBootstrapper - Loaded default TestExecutionListener class names from location [META-INF/spring.factories]: [org.springframework.boot.test.autoconfigure.restdocs.RestDocsTestExecutionListener, org.springframework.boot.test.autoconfigure.web.client.MockRestServiceServerResetTestExecutionListener, org.springframework.boot.test.autoconfigure.web.servlet.MockMvcPrintOnlyOnFailureTestExecutionListener, org.springframework.boot.test.autoconfigure.web.servlet.WebDriverTestExecutionListener, org.springframework.boot.test.mock.mockito.MockitoTestExecutionListener, org.springframework.boot.test.mock.mockito.ResetMocksTestExecutionListener, org.springframework.test.context.web.ServletTestExecutionListener, org.springframework.test.context.support.DirtiesContextBeforeModesTestExecutionListener, org.springframework.test.context.support.DependencyInjectionTestExecutionListener, org.springframework.test.context.support.DirtiesContextTestExecutionListener, org.springframework.test.context.transaction.TransactionalTestExecutionListener, org.springframework.test.context.jdbc.SqlScriptsTestExecutionListener, org.springframework.test.context.event.EventPublishingTestExecutionListener]
00:17:08.378 [Test worker] INFO org.springframework.boot.test.context.SpringBootTestContextBootstrapper - Using TestExecutionListeners: [org.springframework.test.context.web.ServletTestExecutionListener@1279070f, org.springframework.test.context.support.DirtiesContextBeforeModesTestExecutionListener@60b8aa39, org.springframework.boot.test.mock.mockito.MockitoTestExecutionListener@57f2be33, org.springframework.boot.test.autoconfigure.SpringBootDependencyInjectionTestExecutionListener@28810692, org.springframework.test.context.support.DirtiesContextTestExecutionListener@721a3df2, org.springframework.test.context.transaction.TransactionalTestExecutionListener@5756a8ea, org.springframework.test.context.jdbc.SqlScriptsTestExecutionListener@15978715, org.springframework.test.context.event.EventPublishingTestExecutionListener@3502b6a3, org.springframework.boot.test.autoconfigure.restdocs.RestDocsTestExecutionListener@16d4f85c, org.springframework.boot.test.autoconfigure.web.client.MockRestServiceServerResetTestExecutionListener@74270394, org.springframework.boot.test.autoconfigure.web.servlet.MockMvcPrintOnlyOnFailureTestExecutionListener@5da18d2a, org.springframework.boot.test.autoconfigure.web.servlet.WebDriverTestExecutionListener@7db69f93, org.springframework.boot.test.mock.mockito.ResetMocksTestExecutionListener@4c918e61]
00:17:08.382 [Test worker] DEBUG org.springframework.test.context.support.AbstractDirtiesContextTestExecutionListener - Before test class: context [DefaultTestContext@17227ed3 testClass = EatgoRestaurantApiApplicationTests, testInstance = [null], testMethod = [null], testException = [null], mergedContextConfiguration = [WebMergedContextConfiguration@52ce10e5 testClass = EatgoRestaurantApiApplicationTests, locations = '{}', classes = '{class com.reservationsystem.EatgoReservationApiApplication}', contextInitializerClasses = '[]', activeProfiles = '{}', propertySourceLocations = '{}', propertySourceProperties = '{org.springframework.boot.test.context.SpringBootTestContextBootstrapper=true}', contextCustomizers = set[org.springframework.boot.test.autoconfigure.properties.PropertyMappingContextCustomizer@0, org.springframework.boot.test.autoconfigure.web.servlet.WebDriverContextCustomizerFactory$Customizer@79e0c96f, org.springframework.boot.test.context.filter.ExcludeFilterContextCustomizer@6c7b9942, org.springframework.boot.test.json.DuplicateJsonObjectContextCustomizerFactory$DuplicateJsonObjectContextCustomizer@3f3dc325, org.springframework.boot.test.mock.mockito.MockitoContextCustomizer@0, org.springframework.boot.test.web.client.TestRestTemplateContextCustomizer@339f3abc], resourceBasePath = 'src/main/webapp', contextLoader = 'org.springframework.boot.test.context.SpringBootContextLoader', parent = [null]], attributes = map['org.springframework.test.context.web.ServletTestExecutionListener.activateListener' -> true]], class annotated with @DirtiesContext [false] with mode [null].
00:17:08.405 [Test worker] DEBUG org.springframework.test.context.support.TestPropertySourceUtils - Adding inlined properties to environment: {spring.jmx.enabled=false, org.springframework.boot.test.context.SpringBootTestContextBootstrapper=true, server.port=-1}

  .   ____          _            __ _ _
 /\\ / ___'_ __ _ _(_)_ __  __ _ \ \ \ \
( ( )\___ | '_ | '_| | '_ \/ _` | \ \ \ \
 \\/  ___)| |_)| | | | | || (_| |  ) ) ) )
  '  |____| .__|_| |_|_| |_\__, | / / / /
 =========|_|==============|___/=/_/_/_/
 :: Spring Boot ::        (v2.2.1.RELEASE)

2021-07-18 00:17:08.829  INFO 2472 --- [    Test worker] c.r.EatgoRestaurantApiApplicationTests   : Starting EatgoRestaurantApiApplicationTests on DESKTOP-R7AB2GV with PID 2472 (started by JAESEUNG in C:\Users\JAESEUNG\IdeaProjects\Restaurant_System\eatgo-restaurant-api)
2021-07-18 00:17:08.830  INFO 2472 --- [    Test worker] c.r.EatgoRestaurantApiApplicationTests   : No active profile set, falling back to default profiles: default
2021-07-18 00:17:09.574  INFO 2472 --- [    Test worker] .s.d.r.c.RepositoryConfigurationDelegate : Bootstrapping Spring Data repositories in DEFAULT mode.
2021-07-18 00:17:09.684  INFO 2472 --- [    Test worker] .s.d.r.c.RepositoryConfigurationDelegate : Finished Spring Data repository scanning in 99ms. Found 7 repository interfaces.
2021-07-18 00:17:10.148  INFO 2472 --- [    Test worker] trationDelegate$BeanPostProcessorChecker : Bean 'org.springframework.transaction.annotation.ProxyTransactionManagementConfiguration' of type [org.springframework.transaction.annotation.ProxyTransactionManagementConfiguration] is not eligible for getting processed by all BeanPostProcessors (for example: not eligible for auto-proxying)
2021-07-18 00:17:10.417  INFO 2472 --- [    Test worker] o.hibernate.jpa.internal.util.LogHelper  : HHH000204: Processing PersistenceUnitInfo [name: default]
2021-07-18 00:17:10.509  INFO 2472 --- [    Test worker] org.hibernate.Version                    : HHH000412: Hibernate Core {5.4.8.Final}
2021-07-18 00:17:10.555  INFO 2472 --- [    Test worker] o.hibernate.annotations.common.Version   : HCANN000001: Hibernate Commons Annotations {5.1.0.Final}
2021-07-18 00:17:10.680  INFO 2472 --- [    Test worker] com.zaxxer.hikari.HikariDataSource       : HikariPool-1 - Starting...
2021-07-18 00:17:10.904  INFO 2472 --- [    Test worker] com.zaxxer.hikari.HikariDataSource       : HikariPool-1 - Start completed.
2021-07-18 00:17:10.938  INFO 2472 --- [    Test worker] org.hibernate.dialect.Dialect            : HHH000400: Using dialect: org.hibernate.dialect.H2Dialect
2021-07-18 00:17:11.717  INFO 2472 --- [    Test worker] o.h.e.t.j.p.i.JtaPlatformInitiator       : HHH000490: Using JtaPlatform implementation: [org.hibernate.engine.transaction.jta.platform.internal.NoJtaPlatform]
2021-07-18 00:17:11.726  INFO 2472 --- [    Test worker] j.LocalContainerEntityManagerFactoryBean : Initialized JPA EntityManagerFactory for persistence unit 'default'
2021-07-18 00:17:11.825  WARN 2472 --- [    Test worker] JpaBaseConfiguration$JpaWebConfiguration : spring.jpa.open-in-view is enabled by default. Therefore, database queries may be performed during view rendering. Explicitly configure spring.jpa.open-in-view to disable this warning
2021-07-18 00:17:12.402  INFO 2472 --- [    Test worker] .s.s.UserDetailsServiceAutoConfiguration : 

Using generated security password: 6bcf5892-4366-4171-80fb-e13c1b8e53b8

2021-07-18 00:17:12.591  INFO 2472 --- [    Test worker] o.s.s.web.DefaultSecurityFilterChain     : Creating filter chain: any request, [org.springframework.security.web.context.request.async.WebAsyncManagerIntegrationFilter@5697d7b0, org.springframework.security.web.context.SecurityContextPersistenceFilter@19b3894c, org.springframework.security.web.header.HeaderWriterFilter@4692cd8f, org.springframework.security.web.authentication.logout.LogoutFilter@77fc299a, com.reservationsystem.filters.JwtAuthenticationFilter@1b2cf7dd, org.springframework.security.web.savedrequest.RequestCacheAwareFilter@4ecb5342, org.springframework.security.web.servletapi.SecurityContextHolderAwareRequestFilter@54c39155, org.springframework.security.web.authentication.AnonymousAuthenticationFilter@681f496, org.springframework.security.web.session.SessionManagementFilter@16e9ab6f, org.springframework.security.web.access.ExceptionTranslationFilter@16f66034]
2021-07-18 00:17:13.225  INFO 2472 --- [    Test worker] o.s.s.concurrent.ThreadPoolTaskExecutor  : Initializing ExecutorService 'applicationTaskExecutor'
2021-07-18 00:17:13.662  INFO 2472 --- [    Test worker] c.r.EatgoRestaurantApiApplicationTests   : Started EatgoRestaurantApiApplicationTests in 5.245 seconds (JVM running for 7.215)
]]></system-out>
  <system-err><![CDATA[]]></system-err>
</testsuite>
