<?xml version="1.0" encoding="UTF-8"?>
<testsuite name="com.reservationsystem.interfaces.ReservationControllerTests" tests="1" skipped="0" failures="0" errors="0" timestamp="2021-07-17T15:17:14" hostname="DESKTOP-R7AB2GV" time="0.199">
  <properties/>
  <testcase name="list()" classname="com.reservationsystem.interfaces.ReservationControllerTests" time="0.199"/>
  <system-out><![CDATA[2021-07-18 00:17:13.702  INFO 2472 --- [    Test worker] .b.t.a.w.s.WebMvcTestContextBootstrapper : Neither @ContextConfiguration nor @ContextHierarchy found for test class [com.reservationsystem.interfaces.ReservationControllerTests], using SpringBootContextLoader
2021-07-18 00:17:13.704  INFO 2472 --- [    Test worker] o.s.t.c.support.AbstractContextLoader    : Could not detect default resource locations for test class [com.reservationsystem.interfaces.ReservationControllerTests]: no resource found for suffixes {-context.xml, Context.groovy}.
2021-07-18 00:17:13.704  INFO 2472 --- [    Test worker] t.c.s.AnnotationConfigContextLoaderUtils : Could not detect default configuration classes for test class [com.reservationsystem.interfaces.ReservationControllerTests]: ReservationControllerTests does not declare any static, non-private, non-final, nested classes annotated with @Configuration.
2021-07-18 00:17:13.728  INFO 2472 --- [    Test worker] .b.t.c.SpringBootTestContextBootstrapper : Found @SpringBootConfiguration com.reservationsystem.EatgoReservationApiApplication for test class com.reservationsystem.interfaces.ReservationControllerTests
2021-07-18 00:17:13.729  INFO 2472 --- [    Test worker] .b.t.a.w.s.WebMvcTestContextBootstrapper : Loaded default TestExecutionListener class names from location [META-INF/spring.factories]: [org.springframework.boot.test.autoconfigure.restdocs.RestDocsTestExecutionListener, org.springframework.boot.test.autoconfigure.web.client.MockRestServiceServerResetTestExecutionListener, org.springframework.boot.test.autoconfigure.web.servlet.MockMvcPrintOnlyOnFailureTestExecutionListener, org.springframework.boot.test.autoconfigure.web.servlet.WebDriverTestExecutionListener, org.springframework.boot.test.mock.mockito.MockitoTestExecutionListener, org.springframework.boot.test.mock.mockito.ResetMocksTestExecutionListener, org.springframework.test.context.web.ServletTestExecutionListener, org.springframework.test.context.support.DirtiesContextBeforeModesTestExecutionListener, org.springframework.test.context.support.DependencyInjectionTestExecutionListener, org.springframework.test.context.support.DirtiesContextTestExecutionListener, org.springframework.test.context.transaction.TransactionalTestExecutionListener, org.springframework.test.context.jdbc.SqlScriptsTestExecutionListener, org.springframework.test.context.event.EventPublishingTestExecutionListener]
2021-07-18 00:17:13.729  INFO 2472 --- [    Test worker] .b.t.a.w.s.WebMvcTestContextBootstrapper : Using TestExecutionListeners: [org.springframework.test.context.web.ServletTestExecutionListener@44aebc87, org.springframework.test.context.support.DirtiesContextBeforeModesTestExecutionListener@20b46c4c, org.springframework.boot.test.mock.mockito.MockitoTestExecutionListener@59d0e492, org.springframework.boot.test.autoconfigure.SpringBootDependencyInjectionTestExecutionListener@3c25dea5, org.springframework.test.context.support.DirtiesContextTestExecutionListener@d5e1722, org.springframework.test.context.transaction.TransactionalTestExecutionListener@e8bccc9, org.springframework.test.context.jdbc.SqlScriptsTestExecutionListener@50214dfe, org.springframework.test.context.event.EventPublishingTestExecutionListener@42e361a9, org.springframework.boot.test.autoconfigure.restdocs.RestDocsTestExecutionListener@3ff989d0, org.springframework.boot.test.autoconfigure.web.client.MockRestServiceServerResetTestExecutionListener@6f44f762, org.springframework.boot.test.autoconfigure.web.servlet.MockMvcPrintOnlyOnFailureTestExecutionListener@355019c9, org.springframework.boot.test.autoconfigure.web.servlet.WebDriverTestExecutionListener@6ce7c8e3, org.springframework.boot.test.mock.mockito.ResetMocksTestExecutionListener@1f236ba6]

  .   ____          _            __ _ _
 /\\ / ___'_ __ _ _(_)_ __  __ _ \ \ \ \
( ( )\___ | '_ | '_| | '_ \/ _` | \ \ \ \
 \\/  ___)| |_)| | | | | || (_| |  ) ) ) )
  '  |____| .__|_| |_|_| |_\__, | / / / /
 =========|_|==============|___/=/_/_/_/
 :: Spring Boot ::        (v2.2.1.RELEASE)

2021-07-18 00:17:13.777  INFO 2472 --- [    Test worker] c.r.i.ReservationControllerTests         : Starting ReservationControllerTests on DESKTOP-R7AB2GV with PID 2472 (started by JAESEUNG in C:\Users\JAESEUNG\IdeaProjects\Restaurant_System\eatgo-restaurant-api)
2021-07-18 00:17:13.779  INFO 2472 --- [    Test worker] c.r.i.ReservationControllerTests         : No active profile set, falling back to default profiles: default
2021-07-18 00:17:14.130  INFO 2472 --- [    Test worker] .s.s.UserDetailsServiceAutoConfiguration : 

Using generated security password: 83dbd2dd-1696-4ac2-a207-50d30e0ac951

2021-07-18 00:17:14.199  INFO 2472 --- [    Test worker] o.s.s.web.DefaultSecurityFilterChain     : Creating filter chain: any request, [org.springframework.security.web.context.request.async.WebAsyncManagerIntegrationFilter@7a921b86, org.springframework.security.web.context.SecurityContextPersistenceFilter@6ce37926, org.springframework.security.web.header.HeaderWriterFilter@660243f4, org.springframework.security.web.authentication.logout.LogoutFilter@7a2169c4, com.reservationsystem.filters.JwtAuthenticationFilter@410b7fda, org.springframework.security.web.savedrequest.RequestCacheAwareFilter@8410e48, org.springframework.security.web.servletapi.SecurityContextHolderAwareRequestFilter@7c28e157, org.springframework.security.web.authentication.AnonymousAuthenticationFilter@2c42e854, org.springframework.security.web.session.SessionManagementFilter@7a217086, org.springframework.security.web.access.ExceptionTranslationFilter@46245c5e]
2021-07-18 00:17:14.338  INFO 2472 --- [    Test worker] o.s.s.concurrent.ThreadPoolTaskExecutor  : Initializing ExecutorService 'applicationTaskExecutor'
2021-07-18 00:17:14.520  INFO 2472 --- [    Test worker] o.s.b.t.m.w.SpringBootMockServletContext : Initializing Spring TestDispatcherServlet ''
2021-07-18 00:17:14.520  INFO 2472 --- [    Test worker] o.s.t.web.servlet.TestDispatcherServlet  : Initializing Servlet ''
2021-07-18 00:17:14.540  INFO 2472 --- [    Test worker] o.s.t.web.servlet.TestDispatcherServlet  : Completed initialization in 18 ms
2021-07-18 00:17:14.557  INFO 2472 --- [    Test worker] c.r.i.ReservationControllerTests         : Started ReservationControllerTests in 0.824 seconds (JVM running for 8.11)
]]></system-out>
  <system-err><![CDATA[]]></system-err>
</testsuite>
