<?xml version="1.0" encoding="UTF-8"?>
<testsuite name="com.reservationsystem.interfaces.ReservationControllerTest" tests="1" skipped="0" failures="0" errors="0" timestamp="2021-04-15T10:33:16" hostname="DESKTOP-R7AB2GV" time="0.029">
  <properties/>
  <testcase name="list()" classname="com.reservationsystem.interfaces.ReservationControllerTest" time="0.029"/>
  <system-out><![CDATA[19:33:11.871 [Test worker] DEBUG org.springframework.test.context.BootstrapUtils - Instantiating CacheAwareContextLoaderDelegate from class [org.springframework.test.context.cache.DefaultCacheAwareContextLoaderDelegate]
19:33:11.899 [Test worker] DEBUG org.springframework.test.context.BootstrapUtils - Instantiating BootstrapContext using constructor [public org.springframework.test.context.support.DefaultBootstrapContext(java.lang.Class,org.springframework.test.context.CacheAwareContextLoaderDelegate)]
19:33:11.948 [Test worker] DEBUG org.springframework.test.context.BootstrapUtils - Instantiating TestContextBootstrapper for test class [com.reservationsystem.interfaces.ReservationControllerTest] from class [org.springframework.boot.test.autoconfigure.web.servlet.WebMvcTestContextBootstrapper]
19:33:11.984 [Test worker] INFO org.springframework.boot.test.autoconfigure.web.servlet.WebMvcTestContextBootstrapper - Neither @ContextConfiguration nor @ContextHierarchy found for test class [com.reservationsystem.interfaces.ReservationControllerTest], using SpringBootContextLoader
19:33:11.993 [Test worker] DEBUG org.springframework.test.context.support.AbstractContextLoader - Did not detect default resource location for test class [com.reservationsystem.interfaces.ReservationControllerTest]: class path resource [com/reservationsystem/interfaces/ReservationControllerTest-context.xml] does not exist
19:33:11.994 [Test worker] DEBUG org.springframework.test.context.support.AbstractContextLoader - Did not detect default resource location for test class [com.reservationsystem.interfaces.ReservationControllerTest]: class path resource [com/reservationsystem/interfaces/ReservationControllerTestContext.groovy] does not exist
19:33:11.994 [Test worker] INFO org.springframework.test.context.support.AbstractContextLoader - Could not detect default resource locations for test class [com.reservationsystem.interfaces.ReservationControllerTest]: no resource found for suffixes {-context.xml, Context.groovy}.
19:33:11.995 [Test worker] INFO org.springframework.test.context.support.AnnotationConfigContextLoaderUtils - Could not detect default configuration classes for test class [com.reservationsystem.interfaces.ReservationControllerTest]: ReservationControllerTest does not declare any static, non-private, non-final, nested classes annotated with @Configuration.
19:33:12.097 [Test worker] DEBUG org.springframework.test.context.support.ActiveProfilesUtils - Could not find an 'annotation declaring class' for annotation type [org.springframework.test.context.ActiveProfiles] and class [com.reservationsystem.interfaces.ReservationControllerTest]
19:33:12.212 [Test worker] DEBUG org.springframework.context.annotation.ClassPathScanningCandidateComponentProvider - Identified candidate component class: file [C:\Users\JAESEUNG\IdeaProjects\reservation_system\eagto-restaurant-api\build\classes\java\main\com\reservationsystem\EatgoReservationApiApplication.class]
19:33:12.218 [Test worker] INFO org.springframework.boot.test.context.SpringBootTestContextBootstrapper - Found @SpringBootConfiguration com.reservationsystem.EatgoReservationApiApplication for test class com.reservationsystem.interfaces.ReservationControllerTest
19:33:12.224 [Test worker] DEBUG org.springframework.boot.test.autoconfigure.web.servlet.WebMvcTestContextBootstrapper - @TestExecutionListeners is not present for class [com.reservationsystem.interfaces.ReservationControllerTest]: using defaults.
19:33:12.225 [Test worker] INFO org.springframework.boot.test.autoconfigure.web.servlet.WebMvcTestContextBootstrapper - Loaded default TestExecutionListener class names from location [META-INF/spring.factories]: [org.springframework.boot.test.autoconfigure.restdocs.RestDocsTestExecutionListener, org.springframework.boot.test.autoconfigure.web.client.MockRestServiceServerResetTestExecutionListener, org.springframework.boot.test.autoconfigure.web.servlet.MockMvcPrintOnlyOnFailureTestExecutionListener, org.springframework.boot.test.autoconfigure.web.servlet.WebDriverTestExecutionListener, org.springframework.boot.test.mock.mockito.MockitoTestExecutionListener, org.springframework.boot.test.mock.mockito.ResetMocksTestExecutionListener, org.springframework.test.context.web.ServletTestExecutionListener, org.springframework.test.context.support.DirtiesContextBeforeModesTestExecutionListener, org.springframework.test.context.support.DependencyInjectionTestExecutionListener, org.springframework.test.context.support.DirtiesContextTestExecutionListener, org.springframework.test.context.transaction.TransactionalTestExecutionListener, org.springframework.test.context.jdbc.SqlScriptsTestExecutionListener, org.springframework.test.context.event.EventPublishingTestExecutionListener]
19:33:12.263 [Test worker] INFO org.springframework.boot.test.autoconfigure.web.servlet.WebMvcTestContextBootstrapper - Using TestExecutionListeners: [org.springframework.test.context.web.ServletTestExecutionListener@ef49cfe, org.springframework.test.context.support.DirtiesContextBeforeModesTestExecutionListener@48cf569b, org.springframework.boot.test.mock.mockito.MockitoTestExecutionListener@55e6a472, org.springframework.boot.test.autoconfigure.SpringBootDependencyInjectionTestExecutionListener@2e0f0154, org.springframework.test.context.support.DirtiesContextTestExecutionListener@4366b07, org.springframework.test.context.transaction.TransactionalTestExecutionListener@36ff8e94, org.springframework.test.context.jdbc.SqlScriptsTestExecutionListener@565a790d, org.springframework.test.context.event.EventPublishingTestExecutionListener@89d733, org.springframework.boot.test.autoconfigure.restdocs.RestDocsTestExecutionListener@37d0fa76, org.springframework.boot.test.autoconfigure.web.client.MockRestServiceServerResetTestExecutionListener@7d914936, org.springframework.boot.test.autoconfigure.web.servlet.MockMvcPrintOnlyOnFailureTestExecutionListener@7886c598, org.springframework.boot.test.autoconfigure.web.servlet.WebDriverTestExecutionListener@3678a5f4, org.springframework.boot.test.mock.mockito.ResetMocksTestExecutionListener@64bea07]
19:33:12.271 [Test worker] DEBUG org.springframework.test.context.support.AbstractDirtiesContextTestExecutionListener - Before test class: context [DefaultTestContext@4e8681d2 testClass = ReservationControllerTest, testInstance = [null], testMethod = [null], testException = [null], mergedContextConfiguration = [WebMergedContextConfiguration@4874eece testClass = ReservationControllerTest, locations = '{}', classes = '{class com.reservationsystem.EatgoReservationApiApplication}', contextInitializerClasses = '[]', activeProfiles = '{}', propertySourceLocations = '{}', propertySourceProperties = '{org.springframework.boot.test.autoconfigure.web.servlet.WebMvcTestContextBootstrapper=true}', contextCustomizers = set[org.springframework.boot.test.autoconfigure.OverrideAutoConfigurationContextCustomizerFactory$DisableAutoConfigurationContextCustomizer@10c7a2e, org.springframework.boot.test.autoconfigure.filter.TypeExcludeFiltersContextCustomizer@cfe46a1b, org.springframework.boot.test.autoconfigure.properties.PropertyMappingContextCustomizer@f1aff296, org.springframework.boot.test.autoconfigure.web.servlet.WebDriverContextCustomizerFactory$Customizer@26b7953a, [ImportsContextCustomizer@5897ba53 key = [org.springframework.boot.autoconfigure.cache.CacheAutoConfiguration, org.springframework.boot.autoconfigure.context.MessageSourceAutoConfiguration, org.springframework.boot.autoconfigure.data.web.SpringDataWebAutoConfiguration, org.springframework.boot.autoconfigure.freemarker.FreeMarkerAutoConfiguration, org.springframework.boot.autoconfigure.groovy.template.GroovyTemplateAutoConfiguration, org.springframework.boot.autoconfigure.gson.GsonAutoConfiguration, org.springframework.boot.autoconfigure.hateoas.HypermediaAutoConfiguration, org.springframework.boot.autoconfigure.http.HttpMessageConvertersAutoConfiguration, org.springframework.boot.autoconfigure.jackson.JacksonAutoConfiguration, org.springframework.boot.autoconfigure.jsonb.JsonbAutoConfiguration, org.springframework.boot.autoconfigure.mustache.MustacheAutoConfiguration, org.springframework.boot.autoconfigure.task.TaskExecutionAutoConfiguration, org.springframework.boot.autoconfigure.thymeleaf.ThymeleafAutoConfiguration, org.springframework.boot.autoconfigure.validation.ValidationAutoConfiguration, org.springframework.boot.autoconfigure.web.servlet.error.ErrorMvcAutoConfiguration, org.springframework.boot.autoconfigure.web.servlet.WebMvcAutoConfiguration, org.springframework.boot.test.autoconfigure.web.servlet.MockMvcAutoConfiguration, org.springframework.boot.test.autoconfigure.web.servlet.MockMvcWebClientAutoConfiguration, org.springframework.boot.test.autoconfigure.web.servlet.MockMvcWebDriverAutoConfiguration, org.springframework.boot.autoconfigure.security.servlet.SecurityAutoConfiguration, org.springframework.boot.autoconfigure.security.servlet.UserDetailsServiceAutoConfiguration, org.springframework.boot.test.autoconfigure.web.servlet.MockMvcSecurityConfiguration]], org.springframework.boot.test.context.filter.ExcludeFilterContextCustomizer@52c61c97, org.springframework.boot.test.json.DuplicateJsonObjectContextCustomizerFactory$DuplicateJsonObjectContextCustomizer@323e175a, org.springframework.boot.test.mock.mockito.MockitoContextCustomizer@abdcc6ce], resourceBasePath = 'src/main/webapp', contextLoader = 'org.springframework.boot.test.context.SpringBootContextLoader', parent = [null]], attributes = map[[empty]]], class annotated with @DirtiesContext [false] with mode [null].
19:33:12.492 [Test worker] DEBUG org.springframework.test.context.support.TestPropertySourceUtils - Adding inlined properties to environment: {spring.jmx.enabled=false, org.springframework.boot.test.autoconfigure.web.servlet.WebMvcTestContextBootstrapper=true, server.port=-1}

  .   ____          _            __ _ _
 /\\ / ___'_ __ _ _(_)_ __  __ _ \ \ \ \
( ( )\___ | '_ | '_| | '_ \/ _` | \ \ \ \
 \\/  ___)| |_)| | | | | || (_| |  ) ) ) )
  '  |____| .__|_| |_|_| |_\__, | / / / /
 =========|_|==============|___/=/_/_/_/
 :: Spring Boot ::        (v2.2.1.RELEASE)

2021-04-15 19:33:13.354  INFO 6272 --- [    Test worker] c.r.i.ReservationControllerTest          : Starting ReservationControllerTest on DESKTOP-R7AB2GV with PID 6272 (started by JAESEUNG in C:\Users\JAESEUNG\IdeaProjects\reservation_system\eagto-restaurant-api)
2021-04-15 19:33:13.359  INFO 6272 --- [    Test worker] c.r.i.ReservationControllerTest          : No active profile set, falling back to default profiles: default
2021-04-15 19:33:15.552  INFO 6272 --- [    Test worker] o.s.s.concurrent.ThreadPoolTaskExecutor  : Initializing ExecutorService 'applicationTaskExecutor'
2021-04-15 19:33:16.227  INFO 6272 --- [    Test worker] .s.s.UserDetailsServiceAutoConfiguration : 

Using generated security password: 3e568b19-37fe-46a4-8c8b-f6fadf41167f

2021-04-15 19:33:16.668  INFO 6272 --- [    Test worker] o.s.s.web.DefaultSecurityFilterChain     : Creating filter chain: any request, [org.springframework.security.web.context.request.async.WebAsyncManagerIntegrationFilter@5429c790, org.springframework.security.web.context.SecurityContextPersistenceFilter@ecb0aeb, org.springframework.security.web.header.HeaderWriterFilter@1bcde60d, org.springframework.security.web.csrf.CsrfFilter@68237e7a, org.springframework.security.web.authentication.logout.LogoutFilter@33d0d96a, org.springframework.security.web.authentication.UsernamePasswordAuthenticationFilter@4517f2a, org.springframework.security.web.authentication.ui.DefaultLoginPageGeneratingFilter@fed0d05, org.springframework.security.web.authentication.ui.DefaultLogoutPageGeneratingFilter@2742d0a2, org.springframework.security.web.authentication.www.BasicAuthenticationFilter@1f801191, org.springframework.security.web.savedrequest.RequestCacheAwareFilter@4f3fa4e9, org.springframework.security.web.servletapi.SecurityContextHolderAwareRequestFilter@70c6e963, org.springframework.security.web.authentication.AnonymousAuthenticationFilter@57ce537d, org.springframework.security.web.session.SessionManagementFilter@128cfc5e, org.springframework.security.web.access.ExceptionTranslationFilter@2a78a671, org.springframework.security.web.access.intercept.FilterSecurityInterceptor@49192ce2]
2021-04-15 19:33:16.762  INFO 6272 --- [    Test worker] o.s.b.t.m.w.SpringBootMockServletContext : Initializing Spring TestDispatcherServlet ''
2021-04-15 19:33:16.762  INFO 6272 --- [    Test worker] o.s.t.web.servlet.TestDispatcherServlet  : Initializing Servlet ''
2021-04-15 19:33:16.794  INFO 6272 --- [    Test worker] o.s.t.web.servlet.TestDispatcherServlet  : Completed initialization in 31 ms
2021-04-15 19:33:16.848  INFO 6272 --- [    Test worker] c.r.i.ReservationControllerTest          : Started ReservationControllerTest in 4.339 seconds (JVM running for 7.557)
]]></system-out>
  <system-err><![CDATA[]]></system-err>
</testsuite>
