<?xml version="1.0" encoding="UTF-8"?>
<testsuite name="com.reservationsystem.application.RestaurantServiceTest" tests="1" skipped="0" failures="0" errors="0" timestamp="2021-01-13T14:27:59" hostname="DESKTOP-R7AB2GV" time="0.663">
  <properties/>
  <testcase name="getRestaurant" classname="com.reservationsystem.application.RestaurantServiceTest" time="0.663"/>
  <system-out><![CDATA[]]></system-out>
  <system-err><![CDATA[]]></system-err>
</testsuite>
