<?xml version="1.0" encoding="UTF-8"?>
<testsuite name="com.reservationsystem.domain.RestaurantRepositoryImplTest" tests="1" skipped="0" failures="0" errors="0" timestamp="2021-01-16T07:56:14" hostname="DESKTOP-R7AB2GV" time="0.007">
  <properties/>
  <testcase name="save" classname="com.reservationsystem.domain.RestaurantRepositoryImplTest" time="0.007"/>
  <system-out><![CDATA[]]></system-out>
  <system-err><![CDATA[]]></system-err>
</testsuite>
