<?xml version="1.0" encoding="UTF-8"?>
<testsuite name="com.reservationsystem.interfaces.SessionControllerTest" tests="3" skipped="0" failures="0" errors="0" timestamp="2021-04-22T00:42:56" hostname="DESKTOP-R7AB2GV" time="0.389">
  <properties/>
  <testcase name="createWithValidAttributes" classname="com.reservationsystem.interfaces.SessionControllerTest" time="0.345"/>
  <testcase name="createWithInValidAttributes" classname="com.reservationsystem.interfaces.SessionControllerTest" time="0.017"/>
  <testcase name="createWithNotExistedEmail" classname="com.reservationsystem.interfaces.SessionControllerTest" time="0.022"/>
  <system-out><![CDATA[09:42:51.881 [Test worker] DEBUG org.springframework.test.annotation.ProfileValueUtils - Retrieved @ProfileValueSourceConfiguration [null] for test class [com.reservationsystem.interfaces.SessionControllerTest]
09:42:51.882 [Test worker] DEBUG org.springframework.test.annotation.ProfileValueUtils - Retrieved ProfileValueSource type [class org.springframework.test.annotation.SystemProfileValueSource] for class [com.reservationsystem.interfaces.SessionControllerTest]
09:42:51.882 [Test worker] DEBUG org.springframework.test.annotation.ProfileValueUtils - Retrieved @ProfileValueSourceConfiguration [null] for test class [com.reservationsystem.interfaces.SessionControllerTest]
09:42:51.882 [Test worker] DEBUG org.springframework.test.annotation.ProfileValueUtils - Retrieved ProfileValueSource type [class org.springframework.test.annotation.SystemProfileValueSource] for class [com.reservationsystem.interfaces.SessionControllerTest]
09:42:51.890 [Test worker] DEBUG org.springframework.test.context.support.AbstractDirtiesContextTestExecutionListener - Before test class: context [DefaultTestContext@53f114d7 testClass = SessionControllerTest, testInstance = [null], testMethod = [null], testException = [null], mergedContextConfiguration = [WebMergedContextConfiguration@999e2c0 testClass = SessionControllerTest, locations = '{}', classes = '{class com.reservationsystem.EatgoLoginApiApplication}', contextInitializerClasses = '[]', activeProfiles = '{}', propertySourceLocations = '{}', propertySourceProperties = '{org.springframework.boot.test.autoconfigure.web.servlet.WebMvcTestContextBootstrapper=true}', contextCustomizers = set[org.springframework.boot.test.autoconfigure.OverrideAutoConfigurationContextCustomizerFactory$DisableAutoConfigurationContextCustomizer@4b058df0, org.springframework.boot.test.autoconfigure.filter.TypeExcludeFiltersContextCustomizer@67d27708, org.springframework.boot.test.autoconfigure.properties.PropertyMappingContextCustomizer@dac3e04e, org.springframework.boot.test.autoconfigure.web.servlet.WebDriverContextCustomizerFactory$Customizer@16d673c9, [ImportsContextCustomizer@337e25d9 key = [org.springframework.boot.autoconfigure.cache.CacheAutoConfiguration, org.springframework.boot.autoconfigure.context.MessageSourceAutoConfiguration, org.springframework.boot.autoconfigure.data.web.SpringDataWebAutoConfiguration, org.springframework.boot.autoconfigure.freemarker.FreeMarkerAutoConfiguration, org.springframework.boot.autoconfigure.groovy.template.GroovyTemplateAutoConfiguration, org.springframework.boot.autoconfigure.gson.GsonAutoConfiguration, org.springframework.boot.autoconfigure.hateoas.HypermediaAutoConfiguration, org.springframework.boot.autoconfigure.http.HttpMessageConvertersAutoConfiguration, org.springframework.boot.autoconfigure.jackson.JacksonAutoConfiguration, org.springframework.boot.autoconfigure.jsonb.JsonbAutoConfiguration, org.springframework.boot.autoconfigure.mustache.MustacheAutoConfiguration, org.springframework.boot.autoconfigure.task.TaskExecutionAutoConfiguration, org.springframework.boot.autoconfigure.thymeleaf.ThymeleafAutoConfiguration, org.springframework.boot.autoconfigure.validation.ValidationAutoConfiguration, org.springframework.boot.autoconfigure.web.servlet.error.ErrorMvcAutoConfiguration, org.springframework.boot.autoconfigure.web.servlet.WebMvcAutoConfiguration, org.springframework.boot.test.autoconfigure.web.servlet.MockMvcAutoConfiguration, org.springframework.boot.test.autoconfigure.web.servlet.MockMvcWebClientAutoConfiguration, org.springframework.boot.test.autoconfigure.web.servlet.MockMvcWebDriverAutoConfiguration, org.springframework.boot.autoconfigure.security.servlet.SecurityAutoConfiguration, org.springframework.boot.autoconfigure.security.servlet.UserDetailsServiceAutoConfiguration, org.springframework.boot.test.autoconfigure.web.servlet.MockMvcSecurityConfiguration]], org.springframework.boot.test.context.filter.ExcludeFilterContextCustomizer@3bbc02ad, org.springframework.boot.test.json.DuplicateJsonObjectContextCustomizerFactory$DuplicateJsonObjectContextCustomizer@60792337, org.springframework.boot.test.mock.mockito.MockitoContextCustomizer@e398b50c], resourceBasePath = 'src/main/webapp', contextLoader = 'org.springframework.boot.test.context.SpringBootContextLoader', parent = [null]], attributes = map[[empty]]], class annotated with @DirtiesContext [false] with mode [null].
09:42:51.894 [Test worker] DEBUG org.springframework.test.annotation.ProfileValueUtils - Retrieved @ProfileValueSourceConfiguration [null] for test class [com.reservationsystem.interfaces.SessionControllerTest]
09:42:51.894 [Test worker] DEBUG org.springframework.test.annotation.ProfileValueUtils - Retrieved ProfileValueSource type [class org.springframework.test.annotation.SystemProfileValueSource] for class [com.reservationsystem.interfaces.SessionControllerTest]
09:42:52.107 [Test worker] DEBUG org.springframework.test.context.support.TestPropertySourceUtils - Adding inlined properties to environment: {spring.jmx.enabled=false, org.springframework.boot.test.autoconfigure.web.servlet.WebMvcTestContextBootstrapper=true, server.port=-1}

  .   ____          _            __ _ _
 /\\ / ___'_ __ _ _(_)_ __  __ _ \ \ \ \
( ( )\___ | '_ | '_| | '_ \/ _` | \ \ \ \
 \\/  ___)| |_)| | | | | || (_| |  ) ) ) )
  '  |____| .__|_| |_|_| |_\__, | / / / /
 =========|_|==============|___/=/_/_/_/
 :: Spring Boot ::        (v2.2.1.RELEASE)

2021-04-22 09:42:52.737  INFO 6960 --- [    Test worker] c.r.interfaces.SessionControllerTest     : Starting SessionControllerTest on DESKTOP-R7AB2GV with PID 6960 (started by JAESEUNG in C:\Users\JAESEUNG\IdeaProjects\reservation_system\eatgo-login-api)
2021-04-22 09:42:52.740  INFO 6960 --- [    Test worker] c.r.interfaces.SessionControllerTest     : No active profile set, falling back to default profiles: default
2021-04-22 09:42:55.065  INFO 6960 --- [    Test worker] .s.s.UserDetailsServiceAutoConfiguration : 

Using generated security password: 695adf33-a6c4-482f-a4a3-21d70cd1df28

2021-04-22 09:42:55.331  INFO 6960 --- [    Test worker] o.s.s.web.DefaultSecurityFilterChain     : Creating filter chain: any request, [org.springframework.security.web.context.request.async.WebAsyncManagerIntegrationFilter@76217577, org.springframework.security.web.context.SecurityContextPersistenceFilter@26d2375c, org.springframework.security.web.header.HeaderWriterFilter@48201050, org.springframework.security.web.authentication.logout.LogoutFilter@1e99042b, org.springframework.security.web.savedrequest.RequestCacheAwareFilter@20d25379, org.springframework.security.web.servletapi.SecurityContextHolderAwareRequestFilter@5cbd3c30, org.springframework.security.web.authentication.AnonymousAuthenticationFilter@78180874, org.springframework.security.web.session.SessionManagementFilter@34dd648f, org.springframework.security.web.access.ExceptionTranslationFilter@7cfd1144]
2021-04-22 09:42:55.833  INFO 6960 --- [    Test worker] o.s.s.concurrent.ThreadPoolTaskExecutor  : Initializing ExecutorService 'applicationTaskExecutor'
2021-04-22 09:42:56.289  INFO 6960 --- [    Test worker] o.s.b.t.m.w.SpringBootMockServletContext : Initializing Spring TestDispatcherServlet ''
2021-04-22 09:42:56.289  INFO 6960 --- [    Test worker] o.s.t.web.servlet.TestDispatcherServlet  : Initializing Servlet ''
2021-04-22 09:42:56.319  INFO 6960 --- [    Test worker] o.s.t.web.servlet.TestDispatcherServlet  : Completed initialization in 30 ms
2021-04-22 09:42:56.375  INFO 6960 --- [    Test worker] c.r.interfaces.SessionControllerTest     : Started SessionControllerTest in 4.252 seconds (JVM running for 6.553)
]]></system-out>
  <system-err><![CDATA[]]></system-err>
</testsuite>
