<?xml version="1.0" encoding="UTF-8"?>
<testsuite name="com.reservationsystem.EatgoLoginApiApplicationTest" tests="1" skipped="0" failures="0" errors="0" timestamp="2021-07-17T15:17:01" hostname="DESKTOP-R7AB2GV" time="0.005">
  <properties/>
  <testcase name="contextLoads" classname="com.reservationsystem.EatgoLoginApiApplicationTest" time="0.005"/>
  <system-out><![CDATA[]]></system-out>
  <system-err><![CDATA[]]></system-err>
</testsuite>
