<?xml version="1.0" encoding="UTF-8"?>
<testsuite name="com.reservationsystem.interfaces.SessionControllerTest" tests="3" skipped="0" failures="0" errors="0" timestamp="2021-07-17T15:17:04" hostname="DESKTOP-R7AB2GV" time="0.256">
  <properties/>
  <testcase name="createWithValidAttributes" classname="com.reservationsystem.interfaces.SessionControllerTest" time="0.233"/>
  <testcase name="createWithInValidAttributes" classname="com.reservationsystem.interfaces.SessionControllerTest" time="0.011"/>
  <testcase name="createWithNotExistedEmail" classname="com.reservationsystem.interfaces.SessionControllerTest" time="0.008"/>
  <system-out><![CDATA[00:17:01.529 [Test worker] DEBUG org.springframework.test.annotation.ProfileValueUtils - Retrieved @ProfileValueSourceConfiguration [null] for test class [com.reservationsystem.interfaces.SessionControllerTest]
00:17:01.529 [Test worker] DEBUG org.springframework.test.annotation.ProfileValueUtils - Retrieved ProfileValueSource type [class org.springframework.test.annotation.SystemProfileValueSource] for class [com.reservationsystem.interfaces.SessionControllerTest]
00:17:01.529 [Test worker] DEBUG org.springframework.test.annotation.ProfileValueUtils - Retrieved @ProfileValueSourceConfiguration [null] for test class [com.reservationsystem.interfaces.SessionControllerTest]
00:17:01.529 [Test worker] DEBUG org.springframework.test.annotation.ProfileValueUtils - Retrieved ProfileValueSource type [class org.springframework.test.annotation.SystemProfileValueSource] for class [com.reservationsystem.interfaces.SessionControllerTest]
00:17:01.534 [Test worker] DEBUG org.springframework.test.context.support.AbstractDirtiesContextTestExecutionListener - Before test class: context [DefaultTestContext@53f114d7 testClass = SessionControllerTest, testInstance = [null], testMethod = [null], testException = [null], mergedContextConfiguration = [WebMergedContextConfiguration@999e2c0 testClass = SessionControllerTest, locations = '{}', classes = '{class com.reservationsystem.EatgoLoginApiApplication}', contextInitializerClasses = '[]', activeProfiles = '{}', propertySourceLocations = '{}', propertySourceProperties = '{org.springframework.boot.test.autoconfigure.web.servlet.WebMvcTestContextBootstrapper=true}', contextCustomizers = set[org.springframework.boot.test.autoconfigure.OverrideAutoConfigurationContextCustomizerFactory$DisableAutoConfigurationContextCustomizer@4b058df0, org.springframework.boot.test.autoconfigure.filter.TypeExcludeFiltersContextCustomizer@67d27708, org.springframework.boot.test.autoconfigure.properties.PropertyMappingContextCustomizer@dac3e04e, org.springframework.boot.test.autoconfigure.web.servlet.WebDriverContextCustomizerFactory$Customizer@16d673c9, [ImportsContextCustomizer@337e25d9 key = [org.springframework.boot.autoconfigure.cache.CacheAutoConfiguration, org.springframework.boot.autoconfigure.context.MessageSourceAutoConfiguration, org.springframework.boot.autoconfigure.data.web.SpringDataWebAutoConfiguration, org.springframework.boot.autoconfigure.freemarker.FreeMarkerAutoConfiguration, org.springframework.boot.autoconfigure.groovy.template.GroovyTemplateAutoConfiguration, org.springframework.boot.autoconfigure.gson.GsonAutoConfiguration, org.springframework.boot.autoconfigure.hateoas.HypermediaAutoConfiguration, org.springframework.boot.autoconfigure.http.HttpMessageConvertersAutoConfiguration, org.springframework.boot.autoconfigure.jackson.JacksonAutoConfiguration, org.springframework.boot.autoconfigure.jsonb.JsonbAutoConfiguration, org.springframework.boot.autoconfigure.mustache.MustacheAutoConfiguration, org.springframework.boot.autoconfigure.task.TaskExecutionAutoConfiguration, org.springframework.boot.autoconfigure.thymeleaf.ThymeleafAutoConfiguration, org.springframework.boot.autoconfigure.validation.ValidationAutoConfiguration, org.springframework.boot.autoconfigure.web.servlet.error.ErrorMvcAutoConfiguration, org.springframework.boot.autoconfigure.web.servlet.WebMvcAutoConfiguration, org.springframework.boot.test.autoconfigure.web.servlet.MockMvcAutoConfiguration, org.springframework.boot.test.autoconfigure.web.servlet.MockMvcWebClientAutoConfiguration, org.springframework.boot.test.autoconfigure.web.servlet.MockMvcWebDriverAutoConfiguration, org.springframework.boot.autoconfigure.security.servlet.SecurityAutoConfiguration, org.springframework.boot.autoconfigure.security.servlet.UserDetailsServiceAutoConfiguration, org.springframework.boot.test.autoconfigure.web.servlet.MockMvcSecurityConfiguration]], org.springframework.boot.test.context.filter.ExcludeFilterContextCustomizer@3bbc02ad, org.springframework.boot.test.json.DuplicateJsonObjectContextCustomizerFactory$DuplicateJsonObjectContextCustomizer@60792337, org.springframework.boot.test.mock.mockito.MockitoContextCustomizer@e398b50c], resourceBasePath = 'src/main/webapp', contextLoader = 'org.springframework.boot.test.context.SpringBootContextLoader', parent = [null]], attributes = map[[empty]]], class annotated with @DirtiesContext [false] with mode [null].
00:17:01.536 [Test worker] DEBUG org.springframework.test.annotation.ProfileValueUtils - Retrieved @ProfileValueSourceConfiguration [null] for test class [com.reservationsystem.interfaces.SessionControllerTest]
00:17:01.536 [Test worker] DEBUG org.springframework.test.annotation.ProfileValueUtils - Retrieved ProfileValueSource type [class org.springframework.test.annotation.SystemProfileValueSource] for class [com.reservationsystem.interfaces.SessionControllerTest]
00:17:01.653 [Test worker] DEBUG org.springframework.test.context.support.TestPropertySourceUtils - Adding inlined properties to environment: {spring.jmx.enabled=false, org.springframework.boot.test.autoconfigure.web.servlet.WebMvcTestContextBootstrapper=true, server.port=-1}

  .   ____          _            __ _ _
 /\\ / ___'_ __ _ _(_)_ __  __ _ \ \ \ \
( ( )\___ | '_ | '_| | '_ \/ _` | \ \ \ \
 \\/  ___)| |_)| | | | | || (_| |  ) ) ) )
  '  |____| .__|_| |_|_| |_\__, | / / / /
 =========|_|==============|___/=/_/_/_/
 :: Spring Boot ::        (v2.2.1.RELEASE)

2021-07-18 00:17:02.054  INFO 15704 --- [    Test worker] c.r.interfaces.SessionControllerTest     : Starting SessionControllerTest on DESKTOP-R7AB2GV with PID 15704 (started by JAESEUNG in C:\Users\JAESEUNG\IdeaProjects\Restaurant_System\eatgo-login-api)
2021-07-18 00:17:02.057  INFO 15704 --- [    Test worker] c.r.interfaces.SessionControllerTest     : No active profile set, falling back to default profiles: default
2021-07-18 00:17:03.644  INFO 15704 --- [    Test worker] .s.s.UserDetailsServiceAutoConfiguration : 

Using generated security password: 0ce1dbf8-9e25-47d0-b350-0712f3c96eac

2021-07-18 00:17:03.827  INFO 15704 --- [    Test worker] o.s.s.web.DefaultSecurityFilterChain     : Creating filter chain: any request, [org.springframework.security.web.context.request.async.WebAsyncManagerIntegrationFilter@1b151ca6, org.springframework.security.web.context.SecurityContextPersistenceFilter@783da666, org.springframework.security.web.header.HeaderWriterFilter@213e363f, org.springframework.security.web.authentication.logout.LogoutFilter@5031185b, org.springframework.security.web.savedrequest.RequestCacheAwareFilter@6df14d0b, org.springframework.security.web.servletapi.SecurityContextHolderAwareRequestFilter@7e51a98e, org.springframework.security.web.authentication.AnonymousAuthenticationFilter@4c424791, org.springframework.security.web.session.SessionManagementFilter@2c224531, org.springframework.security.web.access.ExceptionTranslationFilter@3b8e25fe]
2021-07-18 00:17:04.199  INFO 15704 --- [    Test worker] o.s.s.concurrent.ThreadPoolTaskExecutor  : Initializing ExecutorService 'applicationTaskExecutor'
2021-07-18 00:17:04.477  INFO 15704 --- [    Test worker] o.s.b.t.m.w.SpringBootMockServletContext : Initializing Spring TestDispatcherServlet ''
2021-07-18 00:17:04.477  INFO 15704 --- [    Test worker] o.s.t.web.servlet.TestDispatcherServlet  : Initializing Servlet ''
2021-07-18 00:17:04.493  INFO 15704 --- [    Test worker] o.s.t.web.servlet.TestDispatcherServlet  : Completed initialization in 16 ms
2021-07-18 00:17:04.532  INFO 15704 --- [    Test worker] c.r.interfaces.SessionControllerTest     : Started SessionControllerTest in 2.868 seconds (JVM running for 4.381)
]]></system-out>
  <system-err><![CDATA[]]></system-err>
</testsuite>
