<?xml version="1.0" encoding="UTF-8"?>
<testsuite name="com.reservationsystem.EatgoLoginApiApplicationTest" tests="1" skipped="0" failures="0" errors="0" timestamp="2021-04-22T00:42:51" hostname="DESKTOP-R7AB2GV" time="0.006">
  <properties/>
  <testcase name="contextLoads" classname="com.reservationsystem.EatgoLoginApiApplicationTest" time="0.006"/>
  <system-out><![CDATA[]]></system-out>
  <system-err><![CDATA[]]></system-err>
</testsuite>
