<?xml version="1.0" encoding="UTF-8"?>
<testsuite name="com.reservationsystem.domain.RestaurantTests" tests="1" skipped="0" failures="0" errors="0" timestamp="2021-03-21T08:51:19" hostname="DESKTOP-R7AB2GV" time="0.013">
  <properties/>
  <testcase name="information" classname="com.reservationsystem.domain.RestaurantTests" time="0.013"/>
  <system-out><![CDATA[]]></system-out>
  <system-err><![CDATA[]]></system-err>
</testsuite>
