<?xml version="1.0" encoding="UTF-8"?>
<testsuite name="com.reservationsystem.domain.RestaurantTests" tests="2" skipped="0" failures="0" errors="0" timestamp="2021-04-09T06:49:13" hostname="DESKTOP-R7AB2GV" time="0.005">
  <properties/>
  <testcase name="create" classname="com.reservationsystem.domain.RestaurantTests" time="0.004"/>
  <testcase name="information" classname="com.reservationsystem.domain.RestaurantTests" time="0.001"/>
  <system-out><![CDATA[]]></system-out>
  <system-err><![CDATA[]]></system-err>
</testsuite>
