<?xml version="1.0" encoding="UTF-8"?>
<testsuite name="com.reservationsystem.application.RegionServiceTest" tests="1" skipped="0" failures="0" errors="0" timestamp="2021-04-15T10:33:43" hostname="DESKTOP-R7AB2GV" time="0.065">
  <properties/>
  <testcase name="getRegions" classname="com.reservationsystem.application.RegionServiceTest" time="0.065"/>
  <system-out><![CDATA[]]></system-out>
  <system-err><![CDATA[]]></system-err>
</testsuite>
