<?xml version="1.0" encoding="UTF-8"?>
<testsuite name="com.reservationsystem.interfaces.CategoryControllerTest" tests="1" skipped="0" failures="0" errors="0" timestamp="2021-03-31T15:35:45" hostname="DESKTOP-R7AB2GV" time="0.436">
  <properties/>
  <testcase name="list" classname="com.reservationsystem.interfaces.CategoryControllerTest" time="0.436"/>
  <system-out><![CDATA[00:35:40.960 [Test worker] DEBUG org.springframework.test.annotation.ProfileValueUtils - Retrieved @ProfileValueSourceConfiguration [null] for test class [com.reservationsystem.interfaces.CategoryControllerTest]
00:35:40.961 [Test worker] DEBUG org.springframework.test.annotation.ProfileValueUtils - Retrieved ProfileValueSource type [class org.springframework.test.annotation.SystemProfileValueSource] for class [com.reservationsystem.interfaces.CategoryControllerTest]
00:35:40.962 [Test worker] DEBUG org.springframework.test.annotation.ProfileValueUtils - Retrieved @ProfileValueSourceConfiguration [null] for test class [com.reservationsystem.interfaces.CategoryControllerTest]
00:35:40.963 [Test worker] DEBUG org.springframework.test.annotation.ProfileValueUtils - Retrieved ProfileValueSource type [class org.springframework.test.annotation.SystemProfileValueSource] for class [com.reservationsystem.interfaces.CategoryControllerTest]
00:35:40.970 [Test worker] DEBUG org.springframework.test.context.support.AbstractDirtiesContextTestExecutionListener - Before test class: context [DefaultTestContext@157cff84 testClass = CategoryControllerTest, testInstance = [null], testMethod = [null], testException = [null], mergedContextConfiguration = [WebMergedContextConfiguration@1eac9954 testClass = CategoryControllerTest, locations = '{}', classes = '{class com.reservationsystem.EatgoCustomerApiApplication}', contextInitializerClasses = '[]', activeProfiles = '{}', propertySourceLocations = '{}', propertySourceProperties = '{org.springframework.boot.test.autoconfigure.web.servlet.WebMvcTestContextBootstrapper=true}', contextCustomizers = set[org.springframework.boot.test.autoconfigure.OverrideAutoConfigurationContextCustomizerFactory$DisableAutoConfigurationContextCustomizer@abe4457, org.springframework.boot.test.autoconfigure.filter.TypeExcludeFiltersContextCustomizer@ae36aba, org.springframework.boot.test.autoconfigure.properties.PropertyMappingContextCustomizer@49703de0, org.springframework.boot.test.autoconfigure.web.servlet.WebDriverContextCustomizerFactory$Customizer@51fbe51d, [ImportsContextCustomizer@4f88f53e key = [org.springframework.boot.autoconfigure.cache.CacheAutoConfiguration, org.springframework.boot.autoconfigure.context.MessageSourceAutoConfiguration, org.springframework.boot.autoconfigure.data.web.SpringDataWebAutoConfiguration, org.springframework.boot.autoconfigure.freemarker.FreeMarkerAutoConfiguration, org.springframework.boot.autoconfigure.groovy.template.GroovyTemplateAutoConfiguration, org.springframework.boot.autoconfigure.gson.GsonAutoConfiguration, org.springframework.boot.autoconfigure.hateoas.HypermediaAutoConfiguration, org.springframework.boot.autoconfigure.http.HttpMessageConvertersAutoConfiguration, org.springframework.boot.autoconfigure.jackson.JacksonAutoConfiguration, org.springframework.boot.autoconfigure.jsonb.JsonbAutoConfiguration, org.springframework.boot.autoconfigure.mustache.MustacheAutoConfiguration, org.springframework.boot.autoconfigure.task.TaskExecutionAutoConfiguration, org.springframework.boot.autoconfigure.thymeleaf.ThymeleafAutoConfiguration, org.springframework.boot.autoconfigure.validation.ValidationAutoConfiguration, org.springframework.boot.autoconfigure.web.servlet.error.ErrorMvcAutoConfiguration, org.springframework.boot.autoconfigure.web.servlet.WebMvcAutoConfiguration, org.springframework.boot.test.autoconfigure.web.servlet.MockMvcAutoConfiguration, org.springframework.boot.test.autoconfigure.web.servlet.MockMvcWebClientAutoConfiguration, org.springframework.boot.test.autoconfigure.web.servlet.MockMvcWebDriverAutoConfiguration, org.springframework.boot.autoconfigure.security.servlet.SecurityAutoConfiguration, org.springframework.boot.autoconfigure.security.servlet.UserDetailsServiceAutoConfiguration, org.springframework.boot.test.autoconfigure.web.servlet.MockMvcSecurityConfiguration]], org.springframework.boot.test.context.filter.ExcludeFilterContextCustomizer@a89bd7a, org.springframework.boot.test.json.DuplicateJsonObjectContextCustomizerFactory$DuplicateJsonObjectContextCustomizer@38011153, org.springframework.boot.test.mock.mockito.MockitoContextCustomizer@2ec3853c], resourceBasePath = 'src/main/webapp', contextLoader = 'org.springframework.boot.test.context.SpringBootContextLoader', parent = [null]], attributes = map[[empty]]], class annotated with @DirtiesContext [false] with mode [null].
00:35:40.973 [Test worker] DEBUG org.springframework.test.annotation.ProfileValueUtils - Retrieved @ProfileValueSourceConfiguration [null] for test class [com.reservationsystem.interfaces.CategoryControllerTest]
00:35:40.974 [Test worker] DEBUG org.springframework.test.annotation.ProfileValueUtils - Retrieved ProfileValueSource type [class org.springframework.test.annotation.SystemProfileValueSource] for class [com.reservationsystem.interfaces.CategoryControllerTest]
00:35:41.161 [Test worker] DEBUG org.springframework.test.context.support.TestPropertySourceUtils - Adding inlined properties to environment: {spring.jmx.enabled=false, org.springframework.boot.test.autoconfigure.web.servlet.WebMvcTestContextBootstrapper=true, server.port=-1}

  .   ____          _            __ _ _
 /\\ / ___'_ __ _ _(_)_ __  __ _ \ \ \ \
( ( )\___ | '_ | '_| | '_ \/ _` | \ \ \ \
 \\/  ___)| |_)| | | | | || (_| |  ) ) ) )
  '  |____| .__|_| |_|_| |_\__, | / / / /
 =========|_|==============|___/=/_/_/_/
 :: Spring Boot ::        (v2.2.1.RELEASE)

2021-04-01 00:35:41.895  INFO 12664 --- [    Test worker] c.r.interfaces.CategoryControllerTest    : Starting CategoryControllerTest on DESKTOP-R7AB2GV with PID 12664 (started by JAESEUNG in C:\Users\JAESEUNG\IdeaProjects\reservating_system\eatgo-customer-api)
2021-04-01 00:35:41.899  INFO 12664 --- [    Test worker] c.r.interfaces.CategoryControllerTest    : No active profile set, falling back to default profiles: default
2021-04-01 00:35:44.285  INFO 12664 --- [    Test worker] .s.s.UserDetailsServiceAutoConfiguration : 

Using generated security password: d128c71b-b01a-4fa3-be25-7cfdccf9a2d9

2021-04-01 00:35:44.721  INFO 12664 --- [    Test worker] o.s.s.web.DefaultSecurityFilterChain     : Creating filter chain: any request, [org.springframework.security.web.context.request.async.WebAsyncManagerIntegrationFilter@5b144520, org.springframework.security.web.context.SecurityContextPersistenceFilter@2ae52a9e, org.springframework.security.web.header.HeaderWriterFilter@1f762893, org.springframework.security.web.authentication.logout.LogoutFilter@5da9eae6, org.springframework.security.web.savedrequest.RequestCacheAwareFilter@4a58f1a5, org.springframework.security.web.servletapi.SecurityContextHolderAwareRequestFilter@13e99969, org.springframework.security.web.authentication.AnonymousAuthenticationFilter@4cf30b1b, org.springframework.security.web.session.SessionManagementFilter@46922c99, org.springframework.security.web.access.ExceptionTranslationFilter@4558b9fa]
2021-04-01 00:35:45.300  INFO 12664 --- [    Test worker] o.s.s.concurrent.ThreadPoolTaskExecutor  : Initializing ExecutorService 'applicationTaskExecutor'
2021-04-01 00:35:45.730  INFO 12664 --- [    Test worker] o.s.b.t.m.w.SpringBootMockServletContext : Initializing Spring TestDispatcherServlet ''
2021-04-01 00:35:45.731  INFO 12664 --- [    Test worker] o.s.t.web.servlet.TestDispatcherServlet  : Initializing Servlet ''
2021-04-01 00:35:45.754  INFO 12664 --- [    Test worker] o.s.t.web.servlet.TestDispatcherServlet  : Completed initialization in 23 ms
2021-04-01 00:35:45.847  INFO 12664 --- [    Test worker] c.r.interfaces.CategoryControllerTest    : Started CategoryControllerTest in 4.668 seconds (JVM running for 8.105)
]]></system-out>
  <system-err><![CDATA[]]></system-err>
</testsuite>
