<?xml version="1.0" encoding="UTF-8"?>
<testsuite name="com.reservationsystem.EatgoCustomerApiApplicationTest" tests="1" skipped="0" failures="0" errors="0" timestamp="2021-04-12T13:14:23" hostname="DESKTOP-R7AB2GV" time="0.0">
  <properties/>
  <testcase name="contextLoads" classname="com.reservationsystem.EatgoCustomerApiApplicationTest" time="0.0"/>
  <system-out><![CDATA[]]></system-out>
  <system-err><![CDATA[]]></system-err>
</testsuite>
