<?xml version="1.0" encoding="UTF-8"?>
<testsuite name="com.reservationsystem.interfaces.UserControllerTest" tests="1" skipped="0" failures="0" errors="0" timestamp="2021-04-15T10:33:53" hostname="DESKTOP-R7AB2GV" time="0.016">
  <properties/>
  <testcase name="create" classname="com.reservationsystem.interfaces.UserControllerTest" time="0.016"/>
  <system-out><![CDATA[
  .   ____          _            __ _ _
 /\\ / ___'_ __ _ _(_)_ __  __ _ \ \ \ \
( ( )\___ | '_ | '_| | '_ \/ _` | \ \ \ \
 \\/  ___)| |_)| | | | | || (_| |  ) ) ) )
  '  |____| .__|_| |_|_| |_\__, | / / / /
 =========|_|==============|___/=/_/_/_/
 :: Spring Boot ::        (v2.2.1.RELEASE)

2021-04-15 19:33:52.688  INFO 7160 --- [    Test worker] c.r.interfaces.UserControllerTest        : Starting UserControllerTest on DESKTOP-R7AB2GV with PID 7160 (started by JAESEUNG in C:\Users\JAESEUNG\IdeaProjects\reservation_system\eatgo-customer-api)
2021-04-15 19:33:52.689  INFO 7160 --- [    Test worker] c.r.interfaces.UserControllerTest        : No active profile set, falling back to default profiles: default
2021-04-15 19:33:53.168  INFO 7160 --- [    Test worker] .s.s.UserDetailsServiceAutoConfiguration : 

Using generated security password: 05469747-e7d5-4634-bada-5a8b70145a1d

2021-04-15 19:33:53.276  INFO 7160 --- [    Test worker] o.s.s.web.DefaultSecurityFilterChain     : Creating filter chain: any request, [org.springframework.security.web.context.request.async.WebAsyncManagerIntegrationFilter@9923cac, org.springframework.security.web.context.SecurityContextPersistenceFilter@522ad717, org.springframework.security.web.header.HeaderWriterFilter@6286e71c, org.springframework.security.web.authentication.logout.LogoutFilter@19a13add, com.reservationsystem.filter.JwtAuthenticationFilter@111ba959, org.springframework.security.web.savedrequest.RequestCacheAwareFilter@11d03e63, org.springframework.security.web.servletapi.SecurityContextHolderAwareRequestFilter@44bb9542, org.springframework.security.web.authentication.AnonymousAuthenticationFilter@322fe025, org.springframework.security.web.session.SessionManagementFilter@63b74c5a, org.springframework.security.web.access.ExceptionTranslationFilter@172a927b]
2021-04-15 19:33:53.524  INFO 7160 --- [    Test worker] o.s.s.concurrent.ThreadPoolTaskExecutor  : Initializing ExecutorService 'applicationTaskExecutor'
2021-04-15 19:33:53.769  INFO 7160 --- [    Test worker] o.s.b.t.m.w.SpringBootMockServletContext : Initializing Spring TestDispatcherServlet ''
2021-04-15 19:33:53.770  INFO 7160 --- [    Test worker] o.s.t.web.servlet.TestDispatcherServlet  : Initializing Servlet ''
2021-04-15 19:33:53.784  INFO 7160 --- [    Test worker] o.s.t.web.servlet.TestDispatcherServlet  : Completed initialization in 14 ms
2021-04-15 19:33:53.805  INFO 7160 --- [    Test worker] c.r.interfaces.UserControllerTest        : Started UserControllerTest in 1.191 seconds (JVM running for 13.601)
]]></system-out>
  <system-err><![CDATA[]]></system-err>
</testsuite>
