<?xml version="1.0" encoding="UTF-8"?>
<testsuite name="com.reservationsystem.interfaces.UserControllerTest" tests="1" skipped="0" failures="0" errors="0" timestamp="2021-04-22T00:42:48" hostname="DESKTOP-R7AB2GV" time="0.015">
  <properties/>
  <testcase name="create" classname="com.reservationsystem.interfaces.UserControllerTest" time="0.015"/>
  <system-out><![CDATA[
  .   ____          _            __ _ _
 /\\ / ___'_ __ _ _(_)_ __  __ _ \ \ \ \
( ( )\___ | '_ | '_| | '_ \/ _` | \ \ \ \
 \\/  ___)| |_)| | | | | || (_| |  ) ) ) )
  '  |____| .__|_| |_|_| |_\__, | / / / /
 =========|_|==============|___/=/_/_/_/
 :: Spring Boot ::        (v2.2.1.RELEASE)

2021-04-22 09:42:46.929  INFO 18260 --- [    Test worker] c.r.interfaces.UserControllerTest        : Starting UserControllerTest on DESKTOP-R7AB2GV with PID 18260 (started by JAESEUNG in C:\Users\JAESEUNG\IdeaProjects\reservation_system\eatgo-customer-api)
2021-04-22 09:42:46.931  INFO 18260 --- [    Test worker] c.r.interfaces.UserControllerTest        : No active profile set, falling back to default profiles: default
2021-04-22 09:42:47.457  INFO 18260 --- [    Test worker] .s.s.UserDetailsServiceAutoConfiguration : 

Using generated security password: e727d931-f9e2-441a-890b-e64f5a9e81f3

2021-04-22 09:42:47.563  INFO 18260 --- [    Test worker] o.s.s.web.DefaultSecurityFilterChain     : Creating filter chain: any request, [org.springframework.security.web.context.request.async.WebAsyncManagerIntegrationFilter@5b6a5caf, org.springframework.security.web.context.SecurityContextPersistenceFilter@322fe025, org.springframework.security.web.header.HeaderWriterFilter@9923cac, org.springframework.security.web.authentication.logout.LogoutFilter@3b59b380, com.reservationsystem.filter.JwtAuthenticationFilter@5aaa4ac8, org.springframework.security.web.savedrequest.RequestCacheAwareFilter@2248536f, org.springframework.security.web.servletapi.SecurityContextHolderAwareRequestFilter@3aa76cd6, org.springframework.security.web.authentication.AnonymousAuthenticationFilter@7e69adac, org.springframework.security.web.session.SessionManagementFilter@111ba959, org.springframework.security.web.access.ExceptionTranslationFilter@19a13add]
2021-04-22 09:42:47.813  INFO 18260 --- [    Test worker] o.s.s.concurrent.ThreadPoolTaskExecutor  : Initializing ExecutorService 'applicationTaskExecutor'
2021-04-22 09:42:48.021  INFO 18260 --- [    Test worker] o.s.b.t.m.w.SpringBootMockServletContext : Initializing Spring TestDispatcherServlet ''
2021-04-22 09:42:48.021  INFO 18260 --- [    Test worker] o.s.t.web.servlet.TestDispatcherServlet  : Initializing Servlet ''
2021-04-22 09:42:48.030  INFO 18260 --- [    Test worker] o.s.t.web.servlet.TestDispatcherServlet  : Completed initialization in 9 ms
2021-04-22 09:42:48.047  INFO 18260 --- [    Test worker] c.r.interfaces.UserControllerTest        : Started UserControllerTest in 1.211 seconds (JVM running for 13.151)
]]></system-out>
  <system-err><![CDATA[]]></system-err>
</testsuite>
