<?xml version="1.0" encoding="UTF-8"?>
<testsuite name="com.reservationsystem.interfaces.RestaurantControllerTest" tests="1" skipped="0" failures="0" errors="0" timestamp="2021-03-25T09:39:16" hostname="DESKTOP-R7AB2GV" time="0.275">
  <properties/>
  <testcase name="list" classname="com.reservationsystem.interfaces.RestaurantControllerTest" time="0.275"/>
  <system-out><![CDATA[18:39:12.919 [Test worker] DEBUG org.springframework.test.annotation.ProfileValueUtils - Retrieved @ProfileValueSourceConfiguration [null] for test class [com.reservationsystem.interfaces.RestaurantControllerTest]
18:39:12.920 [Test worker] DEBUG org.springframework.test.annotation.ProfileValueUtils - Retrieved ProfileValueSource type [class org.springframework.test.annotation.SystemProfileValueSource] for class [com.reservationsystem.interfaces.RestaurantControllerTest]
18:39:12.921 [Test worker] DEBUG org.springframework.test.annotation.ProfileValueUtils - Retrieved @ProfileValueSourceConfiguration [null] for test class [com.reservationsystem.interfaces.RestaurantControllerTest]
18:39:12.922 [Test worker] DEBUG org.springframework.test.annotation.ProfileValueUtils - Retrieved ProfileValueSource type [class org.springframework.test.annotation.SystemProfileValueSource] for class [com.reservationsystem.interfaces.RestaurantControllerTest]
18:39:12.928 [Test worker] DEBUG org.springframework.test.context.support.AbstractDirtiesContextTestExecutionListener - Before test class: context [DefaultTestContext@7c3135b8 testClass = RestaurantControllerTest, testInstance = [null], testMethod = [null], testException = [null], mergedContextConfiguration = [WebMergedContextConfiguration@2aab2fa3 testClass = RestaurantControllerTest, locations = '{}', classes = '{class com.reservationsystem.EatgoCustomerApiApplication}', contextInitializerClasses = '[]', activeProfiles = '{}', propertySourceLocations = '{}', propertySourceProperties = '{org.springframework.boot.test.autoconfigure.web.servlet.WebMvcTestContextBootstrapper=true}', contextCustomizers = set[org.springframework.boot.test.autoconfigure.OverrideAutoConfigurationContextCustomizerFactory$DisableAutoConfigurationContextCustomizer@28d70c0c, org.springframework.boot.test.autoconfigure.filter.TypeExcludeFiltersContextCustomizer@a338c64c, org.springframework.boot.test.autoconfigure.properties.PropertyMappingContextCustomizer@39ed5700, org.springframework.boot.test.autoconfigure.web.servlet.WebDriverContextCustomizerFactory$Customizer@f2729bb, [ImportsContextCustomizer@5365366a key = [org.springframework.boot.autoconfigure.cache.CacheAutoConfiguration, org.springframework.boot.autoconfigure.context.MessageSourceAutoConfiguration, org.springframework.boot.autoconfigure.data.web.SpringDataWebAutoConfiguration, org.springframework.boot.autoconfigure.freemarker.FreeMarkerAutoConfiguration, org.springframework.boot.autoconfigure.groovy.template.GroovyTemplateAutoConfiguration, org.springframework.boot.autoconfigure.gson.GsonAutoConfiguration, org.springframework.boot.autoconfigure.hateoas.HypermediaAutoConfiguration, org.springframework.boot.autoconfigure.http.HttpMessageConvertersAutoConfiguration, org.springframework.boot.autoconfigure.jackson.JacksonAutoConfiguration, org.springframework.boot.autoconfigure.jsonb.JsonbAutoConfiguration, org.springframework.boot.autoconfigure.mustache.MustacheAutoConfiguration, org.springframework.boot.autoconfigure.task.TaskExecutionAutoConfiguration, org.springframework.boot.autoconfigure.thymeleaf.ThymeleafAutoConfiguration, org.springframework.boot.autoconfigure.validation.ValidationAutoConfiguration, org.springframework.boot.autoconfigure.web.servlet.error.ErrorMvcAutoConfiguration, org.springframework.boot.autoconfigure.web.servlet.WebMvcAutoConfiguration, org.springframework.boot.test.autoconfigure.web.servlet.MockMvcAutoConfiguration, org.springframework.boot.test.autoconfigure.web.servlet.MockMvcWebClientAutoConfiguration, org.springframework.boot.test.autoconfigure.web.servlet.MockMvcWebDriverAutoConfiguration, org.springframework.boot.autoconfigure.security.servlet.SecurityAutoConfiguration, org.springframework.boot.autoconfigure.security.servlet.UserDetailsServiceAutoConfiguration, org.springframework.boot.test.autoconfigure.web.servlet.MockMvcSecurityConfiguration]], org.springframework.boot.test.context.filter.ExcludeFilterContextCustomizer@2c9a4f23, org.springframework.boot.test.json.DuplicateJsonObjectContextCustomizerFactory$DuplicateJsonObjectContextCustomizer@471f00cb, org.springframework.boot.test.mock.mockito.MockitoContextCustomizer@ec92b418], resourceBasePath = 'src/main/webapp', contextLoader = 'org.springframework.boot.test.context.SpringBootContextLoader', parent = [null]], attributes = map[[empty]]], class annotated with @DirtiesContext [false] with mode [null].
18:39:12.933 [Test worker] DEBUG org.springframework.test.annotation.ProfileValueUtils - Retrieved @ProfileValueSourceConfiguration [null] for test class [com.reservationsystem.interfaces.RestaurantControllerTest]
18:39:12.933 [Test worker] DEBUG org.springframework.test.annotation.ProfileValueUtils - Retrieved ProfileValueSource type [class org.springframework.test.annotation.SystemProfileValueSource] for class [com.reservationsystem.interfaces.RestaurantControllerTest]
18:39:13.094 [Test worker] DEBUG org.springframework.test.context.support.TestPropertySourceUtils - Adding inlined properties to environment: {spring.jmx.enabled=false, org.springframework.boot.test.autoconfigure.web.servlet.WebMvcTestContextBootstrapper=true, server.port=-1}

  .   ____          _            __ _ _
 /\\ / ___'_ __ _ _(_)_ __  __ _ \ \ \ \
( ( )\___ | '_ | '_| | '_ \/ _` | \ \ \ \
 \\/  ___)| |_)| | | | | || (_| |  ) ) ) )
  '  |____| .__|_| |_|_| |_\__, | / / / /
 =========|_|==============|___/=/_/_/_/
 :: Spring Boot ::        (v2.2.1.RELEASE)

2021-03-25 18:39:13.635  INFO 8328 --- [    Test worker] c.r.interfaces.RestaurantControllerTest  : Starting RestaurantControllerTest on DESKTOP-R7AB2GV with PID 8328 (started by JAESEUNG in C:\Users\JAESEUNG\IdeaProjects\reservating_system\eatgo-customer-api)
2021-03-25 18:39:13.639  INFO 8328 --- [    Test worker] c.r.interfaces.RestaurantControllerTest  : No active profile set, falling back to default profiles: default
2021-03-25 18:39:16.040  INFO 8328 --- [    Test worker] o.s.s.concurrent.ThreadPoolTaskExecutor  : Initializing ExecutorService 'applicationTaskExecutor'
2021-03-25 18:39:16.439  INFO 8328 --- [    Test worker] o.s.b.t.m.w.SpringBootMockServletContext : Initializing Spring TestDispatcherServlet ''
2021-03-25 18:39:16.439  INFO 8328 --- [    Test worker] o.s.t.web.servlet.TestDispatcherServlet  : Initializing Servlet ''
2021-03-25 18:39:16.461  INFO 8328 --- [    Test worker] o.s.t.web.servlet.TestDispatcherServlet  : Completed initialization in 22 ms
2021-03-25 18:39:16.526  INFO 8328 --- [    Test worker] c.r.interfaces.RestaurantControllerTest  : Started RestaurantControllerTest in 3.418 seconds (JVM running for 5.372)
]]></system-out>
  <system-err><![CDATA[]]></system-err>
</testsuite>
