<?xml version="1.0" encoding="UTF-8"?>
<testsuite name="com.reservationsystem.interfaces.RegionControllerTest" tests="1" skipped="0" failures="0" errors="0" timestamp="2021-07-17T15:16:56" hostname="DESKTOP-R7AB2GV" time="0.013">
  <properties/>
  <testcase name="list" classname="com.reservationsystem.interfaces.RegionControllerTest" time="0.013"/>
  <system-out><![CDATA[
  .   ____          _            __ _ _
 /\\ / ___'_ __ _ _(_)_ __  __ _ \ \ \ \
( ( )\___ | '_ | '_| | '_ \/ _` | \ \ \ \
 \\/  ___)| |_)| | | | | || (_| |  ) ) ) )
  '  |____| .__|_| |_|_| |_\__, | / / / /
 =========|_|==============|___/=/_/_/_/
 :: Spring Boot ::        (v2.2.1.RELEASE)

2021-07-18 00:16:55.337  INFO 13748 --- [    Test worker] c.r.interfaces.RegionControllerTest      : Starting RegionControllerTest on DESKTOP-R7AB2GV with PID 13748 (started by JAESEUNG in C:\Users\JAESEUNG\IdeaProjects\Restaurant_System\eatgo-customer-api)
2021-07-18 00:16:55.338  INFO 13748 --- [    Test worker] c.r.interfaces.RegionControllerTest      : No active profile set, falling back to default profiles: default
2021-07-18 00:16:55.673  INFO 13748 --- [    Test worker] .s.s.UserDetailsServiceAutoConfiguration : 

Using generated security password: bcb4a26d-f21d-4294-b8c3-8b3955c0ed42

2021-07-18 00:16:55.745  INFO 13748 --- [    Test worker] o.s.s.web.DefaultSecurityFilterChain     : Creating filter chain: any request, [org.springframework.security.web.context.request.async.WebAsyncManagerIntegrationFilter@561500, org.springframework.security.web.context.SecurityContextPersistenceFilter@658daa29, org.springframework.security.web.header.HeaderWriterFilter@56c57a1c, org.springframework.security.web.authentication.logout.LogoutFilter@3c234572, com.reservationsystem.filter.JwtAuthenticationFilter@564a6b7, org.springframework.security.web.savedrequest.RequestCacheAwareFilter@6a3ade68, org.springframework.security.web.servletapi.SecurityContextHolderAwareRequestFilter@17525ca9, org.springframework.security.web.authentication.AnonymousAuthenticationFilter@af5fd79, org.springframework.security.web.session.SessionManagementFilter@66e8adc1, org.springframework.security.web.access.ExceptionTranslationFilter@45b94030]
2021-07-18 00:16:55.914  INFO 13748 --- [    Test worker] o.s.s.concurrent.ThreadPoolTaskExecutor  : Initializing ExecutorService 'applicationTaskExecutor'
2021-07-18 00:16:56.088  INFO 13748 --- [    Test worker] o.s.b.t.m.w.SpringBootMockServletContext : Initializing Spring TestDispatcherServlet ''
2021-07-18 00:16:56.088  INFO 13748 --- [    Test worker] o.s.t.web.servlet.TestDispatcherServlet  : Initializing Servlet ''
2021-07-18 00:16:56.098  INFO 13748 --- [    Test worker] o.s.t.web.servlet.TestDispatcherServlet  : Completed initialization in 10 ms
2021-07-18 00:16:56.115  INFO 13748 --- [    Test worker] c.r.interfaces.RegionControllerTest      : Started RegionControllerTest in 0.821 seconds (JVM running for 5.665)
]]></system-out>
  <system-err><![CDATA[]]></system-err>
</testsuite>
