<?xml version="1.0" encoding="UTF-8"?>
<testsuite name="com.reservationsystem.interfaces.ReservationControllerTest" tests="1" skipped="0" failures="0" errors="0" timestamp="2021-04-15T10:33:50" hostname="DESKTOP-R7AB2GV" time="0.347">
  <properties/>
  <testcase name="create" classname="com.reservationsystem.interfaces.ReservationControllerTest" time="0.347"/>
  <system-out><![CDATA[
  .   ____          _            __ _ _
 /\\ / ___'_ __ _ _(_)_ __  __ _ \ \ \ \
( ( )\___ | '_ | '_| | '_ \/ _` | \ \ \ \
 \\/  ___)| |_)| | | | | || (_| |  ) ) ) )
  '  |____| .__|_| |_|_| |_\__, | / / / /
 =========|_|==============|___/=/_/_/_/
 :: Spring Boot ::        (v2.2.1.RELEASE)

2021-04-15 19:33:49.485  INFO 7160 --- [    Test worker] c.r.i.ReservationControllerTest          : Starting ReservationControllerTest on DESKTOP-R7AB2GV with PID 7160 (started by JAESEUNG in C:\Users\JAESEUNG\IdeaProjects\reservation_system\eatgo-customer-api)
2021-04-15 19:33:49.487  INFO 7160 --- [    Test worker] c.r.i.ReservationControllerTest          : No active profile set, falling back to default profiles: default
2021-04-15 19:33:50.132  INFO 7160 --- [    Test worker] .s.s.UserDetailsServiceAutoConfiguration : 

Using generated security password: 4febda03-a444-47f6-a8a8-107a386e4a45

2021-04-15 19:33:50.265  INFO 7160 --- [    Test worker] o.s.s.web.DefaultSecurityFilterChain     : Creating filter chain: any request, [org.springframework.security.web.context.request.async.WebAsyncManagerIntegrationFilter@4eb17e0, org.springframework.security.web.context.SecurityContextPersistenceFilter@618f4446, org.springframework.security.web.header.HeaderWriterFilter@294ce108, org.springframework.security.web.authentication.logout.LogoutFilter@431ef456, com.reservationsystem.filter.JwtAuthenticationFilter@5a922a1d, org.springframework.security.web.savedrequest.RequestCacheAwareFilter@32fea99c, org.springframework.security.web.servletapi.SecurityContextHolderAwareRequestFilter@7cf45a6a, org.springframework.security.web.authentication.AnonymousAuthenticationFilter@43109480, org.springframework.security.web.session.SessionManagementFilter@7a47b8e, org.springframework.security.web.access.ExceptionTranslationFilter@2bbf03a8]
2021-04-15 19:33:50.537  INFO 7160 --- [    Test worker] o.s.s.concurrent.ThreadPoolTaskExecutor  : Initializing ExecutorService 'applicationTaskExecutor'
2021-04-15 19:33:50.807  INFO 7160 --- [    Test worker] o.s.b.t.m.w.SpringBootMockServletContext : Initializing Spring TestDispatcherServlet ''
2021-04-15 19:33:50.808  INFO 7160 --- [    Test worker] o.s.t.web.servlet.TestDispatcherServlet  : Initializing Servlet ''
2021-04-15 19:33:50.824  INFO 7160 --- [    Test worker] o.s.t.web.servlet.TestDispatcherServlet  : Completed initialization in 16 ms
2021-04-15 19:33:50.850  INFO 7160 --- [    Test worker] c.r.i.ReservationControllerTest          : Started ReservationControllerTest in 1.426 seconds (JVM running for 10.646)
]]></system-out>
  <system-err><![CDATA[]]></system-err>
</testsuite>
