<?xml version="1.0" encoding="UTF-8"?>
<testsuite name="com.reservationsystem.interfaces.ReservationControllerTest" tests="1" skipped="0" failures="0" errors="0" timestamp="2021-04-12T13:14:30" hostname="DESKTOP-R7AB2GV" time="0.382">
  <properties/>
  <testcase name="create" classname="com.reservationsystem.interfaces.ReservationControllerTest" time="0.382"/>
  <system-out><![CDATA[
  .   ____          _            __ _ _
 /\\ / ___'_ __ _ _(_)_ __  __ _ \ \ \ \
( ( )\___ | '_ | '_| | '_ \/ _` | \ \ \ \
 \\/  ___)| |_)| | | | | || (_| |  ) ) ) )
  '  |____| .__|_| |_|_| |_\__, | / / / /
 =========|_|==============|___/=/_/_/_/
 :: Spring Boot ::        (v2.2.1.RELEASE)

2021-04-12 22:14:29.300  INFO 13684 --- [    Test worker] c.r.i.ReservationControllerTest          : Starting ReservationControllerTest on DESKTOP-R7AB2GV with PID 13684 (started by JAESEUNG in C:\Users\JAESEUNG\IdeaProjects\reservating_system\eatgo-customer-api)
2021-04-12 22:14:29.301  INFO 13684 --- [    Test worker] c.r.i.ReservationControllerTest          : No active profile set, falling back to default profiles: default
2021-04-12 22:14:29.852  INFO 13684 --- [    Test worker] .s.s.UserDetailsServiceAutoConfiguration : 

Using generated security password: 902e1e85-af7e-422b-b4e9-8f638d27b294

2021-04-12 22:14:29.971  INFO 13684 --- [    Test worker] o.s.s.web.DefaultSecurityFilterChain     : Creating filter chain: any request, [org.springframework.security.web.context.request.async.WebAsyncManagerIntegrationFilter@60993c49, org.springframework.security.web.context.SecurityContextPersistenceFilter@4eb17e0, org.springframework.security.web.header.HeaderWriterFilter@58a83671, org.springframework.security.web.authentication.logout.LogoutFilter@2b1029f4, com.reservationsystem.filter.JwtAuthenticationFilter@27ea004e, org.springframework.security.web.savedrequest.RequestCacheAwareFilter@5a922a1d, org.springframework.security.web.servletapi.SecurityContextHolderAwareRequestFilter@43109480, org.springframework.security.web.authentication.AnonymousAuthenticationFilter@13e15fa7, org.springframework.security.web.session.SessionManagementFilter@431ef456, org.springframework.security.web.access.ExceptionTranslationFilter@7cf45a6a]
2021-04-12 22:14:30.249  INFO 13684 --- [    Test worker] o.s.s.concurrent.ThreadPoolTaskExecutor  : Initializing ExecutorService 'applicationTaskExecutor'
2021-04-12 22:14:30.502  INFO 13684 --- [    Test worker] o.s.b.t.m.w.SpringBootMockServletContext : Initializing Spring TestDispatcherServlet ''
2021-04-12 22:14:30.502  INFO 13684 --- [    Test worker] o.s.t.web.servlet.TestDispatcherServlet  : Initializing Servlet ''
2021-04-12 22:14:30.517  INFO 13684 --- [    Test worker] o.s.t.web.servlet.TestDispatcherServlet  : Completed initialization in 14 ms
2021-04-12 22:14:30.548  INFO 13684 --- [    Test worker] c.r.i.ReservationControllerTest          : Started ReservationControllerTest in 1.318 seconds (JVM running for 10.302)
]]></system-out>
  <system-err><![CDATA[]]></system-err>
</testsuite>
