<?xml version="1.0" encoding="UTF-8"?>
<testsuite name="com.reservationsystem.interfaces.UserServiceTest" tests="5" skipped="0" failures="0" errors="0" timestamp="2021-03-31T15:35:54" hostname="DESKTOP-R7AB2GV" time="0.044">
  <properties/>
  <testcase name="registerWithExistedEmail" classname="com.reservationsystem.interfaces.UserServiceTest" time="0.036"/>
  <testcase name="authenticateWithNotExistedEmail" classname="com.reservationsystem.interfaces.UserServiceTest" time="0.002"/>
  <testcase name="registerUser" classname="com.reservationsystem.interfaces.UserServiceTest" time="0.002"/>
  <testcase name="authenticateWithValidAttributes" classname="com.reservationsystem.interfaces.UserServiceTest" time="0.001"/>
  <testcase name="authenticateWithWrongPassword" classname="com.reservationsystem.interfaces.UserServiceTest" time="0.001"/>
  <system-out><![CDATA[]]></system-out>
  <system-err><![CDATA[]]></system-err>
</testsuite>
