<?xml version="1.0" encoding="UTF-8"?>
<testsuite name="com.reservationsystem.interfaces.UserControllerTest" tests="1" skipped="0" failures="0" errors="0" timestamp="2021-04-12T13:14:33" hostname="DESKTOP-R7AB2GV" time="0.021">
  <properties/>
  <testcase name="create" classname="com.reservationsystem.interfaces.UserControllerTest" time="0.021"/>
  <system-out><![CDATA[
  .   ____          _            __ _ _
 /\\ / ___'_ __ _ _(_)_ __  __ _ \ \ \ \
( ( )\___ | '_ | '_| | '_ \/ _` | \ \ \ \
 \\/  ___)| |_)| | | | | || (_| |  ) ) ) )
  '  |____| .__|_| |_|_| |_\__, | / / / /
 =========|_|==============|___/=/_/_/_/
 :: Spring Boot ::        (v2.2.1.RELEASE)

2021-04-12 22:14:32.399  INFO 13684 --- [    Test worker] c.r.interfaces.UserControllerTest        : Starting UserControllerTest on DESKTOP-R7AB2GV with PID 13684 (started by JAESEUNG in C:\Users\JAESEUNG\IdeaProjects\reservating_system\eatgo-customer-api)
2021-04-12 22:14:32.400  INFO 13684 --- [    Test worker] c.r.interfaces.UserControllerTest        : No active profile set, falling back to default profiles: default
2021-04-12 22:14:32.899  INFO 13684 --- [    Test worker] .s.s.UserDetailsServiceAutoConfiguration : 

Using generated security password: 4e55d2c0-8473-4f4d-ba9e-450b3e44e319

2021-04-12 22:14:33.037  INFO 13684 --- [    Test worker] o.s.s.web.DefaultSecurityFilterChain     : Creating filter chain: any request, [org.springframework.security.web.context.request.async.WebAsyncManagerIntegrationFilter@76ba5bba, org.springframework.security.web.context.SecurityContextPersistenceFilter@9923cac, org.springframework.security.web.header.HeaderWriterFilter@1db7d413, org.springframework.security.web.authentication.logout.LogoutFilter@3aa76cd6, com.reservationsystem.filter.JwtAuthenticationFilter@3b59b380, org.springframework.security.web.savedrequest.RequestCacheAwareFilter@111ba959, org.springframework.security.web.servletapi.SecurityContextHolderAwareRequestFilter@322fe025, org.springframework.security.web.authentication.AnonymousAuthenticationFilter@5b6a5caf, org.springframework.security.web.session.SessionManagementFilter@19a13add, org.springframework.security.web.access.ExceptionTranslationFilter@44bb9542]
2021-04-12 22:14:33.265  INFO 13684 --- [    Test worker] o.s.s.concurrent.ThreadPoolTaskExecutor  : Initializing ExecutorService 'applicationTaskExecutor'
2021-04-12 22:14:33.524  INFO 13684 --- [    Test worker] o.s.b.t.m.w.SpringBootMockServletContext : Initializing Spring TestDispatcherServlet ''
2021-04-12 22:14:33.524  INFO 13684 --- [    Test worker] o.s.t.web.servlet.TestDispatcherServlet  : Initializing Servlet ''
2021-04-12 22:14:33.544  INFO 13684 --- [    Test worker] o.s.t.web.servlet.TestDispatcherServlet  : Completed initialization in 20 ms
2021-04-12 22:14:33.570  INFO 13684 --- [    Test worker] c.r.interfaces.UserControllerTest        : Started UserControllerTest in 1.238 seconds (JVM running for 13.324)
]]></system-out>
  <system-err><![CDATA[]]></system-err>
</testsuite>
