<?xml version="1.0" encoding="UTF-8"?>
<testsuite name="com.reservationsystem.interfaces.RegionControllerTest" tests="1" skipped="0" failures="0" errors="0" timestamp="2021-04-22T00:42:43" hostname="DESKTOP-R7AB2GV" time="0.017">
  <properties/>
  <testcase name="list" classname="com.reservationsystem.interfaces.RegionControllerTest" time="0.017"/>
  <system-out><![CDATA[
  .   ____          _            __ _ _
 /\\ / ___'_ __ _ _(_)_ __  __ _ \ \ \ \
( ( )\___ | '_ | '_| | '_ \/ _` | \ \ \ \
 \\/  ___)| |_)| | | | | || (_| |  ) ) ) )
  '  |____| .__|_| |_|_| |_\__, | / / / /
 =========|_|==============|___/=/_/_/_/
 :: Spring Boot ::        (v2.2.1.RELEASE)

2021-04-22 09:42:42.351  INFO 18260 --- [    Test worker] c.r.interfaces.RegionControllerTest      : Starting RegionControllerTest on DESKTOP-R7AB2GV with PID 18260 (started by JAESEUNG in C:\Users\JAESEUNG\IdeaProjects\reservation_system\eatgo-customer-api)
2021-04-22 09:42:42.353  INFO 18260 --- [    Test worker] c.r.interfaces.RegionControllerTest      : No active profile set, falling back to default profiles: default
2021-04-22 09:42:42.888  INFO 18260 --- [    Test worker] .s.s.UserDetailsServiceAutoConfiguration : 

Using generated security password: bc037481-8360-439d-b4c5-59f5a7916268

2021-04-22 09:42:43.004  INFO 18260 --- [    Test worker] o.s.s.web.DefaultSecurityFilterChain     : Creating filter chain: any request, [org.springframework.security.web.context.request.async.WebAsyncManagerIntegrationFilter@7d90d85d, org.springframework.security.web.context.SecurityContextPersistenceFilter@716922b1, org.springframework.security.web.header.HeaderWriterFilter@77eb43a9, org.springframework.security.web.authentication.logout.LogoutFilter@2f75b64d, com.reservationsystem.filter.JwtAuthenticationFilter@5d514b18, org.springframework.security.web.savedrequest.RequestCacheAwareFilter@60565c32, org.springframework.security.web.servletapi.SecurityContextHolderAwareRequestFilter@4d0dbd9a, org.springframework.security.web.authentication.AnonymousAuthenticationFilter@41e906f0, org.springframework.security.web.session.SessionManagementFilter@412378ab, org.springframework.security.web.access.ExceptionTranslationFilter@7b5d5e70]
2021-04-22 09:42:43.275  INFO 18260 --- [    Test worker] o.s.s.concurrent.ThreadPoolTaskExecutor  : Initializing ExecutorService 'applicationTaskExecutor'
2021-04-22 09:42:43.541  INFO 18260 --- [    Test worker] o.s.b.t.m.w.SpringBootMockServletContext : Initializing Spring TestDispatcherServlet ''
2021-04-22 09:42:43.542  INFO 18260 --- [    Test worker] o.s.t.web.servlet.TestDispatcherServlet  : Initializing Servlet ''
2021-04-22 09:42:43.558  INFO 18260 --- [    Test worker] o.s.t.web.servlet.TestDispatcherServlet  : Completed initialization in 16 ms
2021-04-22 09:42:43.586  INFO 18260 --- [    Test worker] c.r.interfaces.RegionControllerTest      : Started RegionControllerTest in 1.307 seconds (JVM running for 8.69)
]]></system-out>
  <system-err><![CDATA[]]></system-err>
</testsuite>
