<?xml version="1.0" encoding="UTF-8"?>
<testsuite name="com.reservationsystem.application.UserServiceTest" tests="2" skipped="0" failures="0" errors="0" timestamp="2021-07-17T15:16:52" hostname="DESKTOP-R7AB2GV" time="0.024">
  <properties/>
  <testcase name="registerWithExistedEmail" classname="com.reservationsystem.application.UserServiceTest" time="0.023"/>
  <testcase name="registerUser" classname="com.reservationsystem.application.UserServiceTest" time="0.001"/>
  <system-out><![CDATA[]]></system-out>
  <system-err><![CDATA[]]></system-err>
</testsuite>
