<?xml version="1.0" encoding="UTF-8"?>
<testsuite name="com.reservationsystem.interfaces.ReservationControllerTest" tests="1" skipped="0" failures="0" errors="0" timestamp="2021-04-22T00:42:45" hostname="DESKTOP-R7AB2GV" time="0.416">
  <properties/>
  <testcase name="create" classname="com.reservationsystem.interfaces.ReservationControllerTest" time="0.416"/>
  <system-out><![CDATA[
  .   ____          _            __ _ _
 /\\ / ___'_ __ _ _(_)_ __  __ _ \ \ \ \
( ( )\___ | '_ | '_| | '_ \/ _` | \ \ \ \
 \\/  ___)| |_)| | | | | || (_| |  ) ) ) )
  '  |____| .__|_| |_|_| |_\__, | / / / /
 =========|_|==============|___/=/_/_/_/
 :: Spring Boot ::        (v2.2.1.RELEASE)

2021-04-22 09:42:43.680  INFO 18260 --- [    Test worker] c.r.i.ReservationControllerTest          : Starting ReservationControllerTest on DESKTOP-R7AB2GV with PID 18260 (started by JAESEUNG in C:\Users\JAESEUNG\IdeaProjects\reservation_system\eatgo-customer-api)
2021-04-22 09:42:43.682  INFO 18260 --- [    Test worker] c.r.i.ReservationControllerTest          : No active profile set, falling back to default profiles: default
2021-04-22 09:42:44.254  INFO 18260 --- [    Test worker] .s.s.UserDetailsServiceAutoConfiguration : 

Using generated security password: 6f9f1e67-0948-421f-9c3c-f19ddac714e4

2021-04-22 09:42:44.381  INFO 18260 --- [    Test worker] o.s.s.web.DefaultSecurityFilterChain     : Creating filter chain: any request, [org.springframework.security.web.context.request.async.WebAsyncManagerIntegrationFilter@431ef456, org.springframework.security.web.context.SecurityContextPersistenceFilter@7a47b8e, org.springframework.security.web.header.HeaderWriterFilter@2bbf03a8, org.springframework.security.web.authentication.logout.LogoutFilter@58a83671, com.reservationsystem.filter.JwtAuthenticationFilter@4eb17e0, org.springframework.security.web.savedrequest.RequestCacheAwareFilter@618f4446, org.springframework.security.web.servletapi.SecurityContextHolderAwareRequestFilter@32fea99c, org.springframework.security.web.authentication.AnonymousAuthenticationFilter@5a922a1d, org.springframework.security.web.session.SessionManagementFilter@294ce108, org.springframework.security.web.access.ExceptionTranslationFilter@1e5f024e]
2021-04-22 09:42:44.617  INFO 18260 --- [    Test worker] o.s.s.concurrent.ThreadPoolTaskExecutor  : Initializing ExecutorService 'applicationTaskExecutor'
2021-04-22 09:42:44.948  INFO 18260 --- [    Test worker] o.s.b.t.m.w.SpringBootMockServletContext : Initializing Spring TestDispatcherServlet ''
2021-04-22 09:42:44.949  INFO 18260 --- [    Test worker] o.s.t.web.servlet.TestDispatcherServlet  : Initializing Servlet ''
2021-04-22 09:42:44.969  INFO 18260 --- [    Test worker] o.s.t.web.servlet.TestDispatcherServlet  : Completed initialization in 20 ms
2021-04-22 09:42:44.994  INFO 18260 --- [    Test worker] c.r.i.ReservationControllerTest          : Started ReservationControllerTest in 1.378 seconds (JVM running for 10.098)
]]></system-out>
  <system-err><![CDATA[]]></system-err>
</testsuite>
