<?xml version="1.0" encoding="UTF-8"?>
<testsuite name="com.reservationsystem.interfaces.ReviewControllerTest" tests="2" skipped="0" failures="0" errors="0" timestamp="2021-04-15T10:33:54" hostname="DESKTOP-R7AB2GV" time="0.08">
  <properties/>
  <testcase name="createWithValidAttriutes()" classname="com.reservationsystem.interfaces.ReviewControllerTest" time="0.037"/>
  <testcase name="createWithInvalidAttriutes()" classname="com.reservationsystem.interfaces.ReviewControllerTest" time="0.041"/>
  <system-out><![CDATA[2021-04-15 19:33:53.921  INFO 7160 --- [    Test worker] .b.t.a.w.s.WebMvcTestContextBootstrapper : Neither @ContextConfiguration nor @ContextHierarchy found for test class [com.reservationsystem.interfaces.ReviewControllerTest], using SpringBootContextLoader
2021-04-15 19:33:53.923  INFO 7160 --- [    Test worker] o.s.t.c.support.AbstractContextLoader    : Could not detect default resource locations for test class [com.reservationsystem.interfaces.ReviewControllerTest]: no resource found for suffixes {-context.xml, Context.groovy}.
2021-04-15 19:33:53.924  INFO 7160 --- [    Test worker] t.c.s.AnnotationConfigContextLoaderUtils : Could not detect default configuration classes for test class [com.reservationsystem.interfaces.ReviewControllerTest]: ReviewControllerTest does not declare any static, non-private, non-final, nested classes annotated with @Configuration.
2021-04-15 19:33:53.929  INFO 7160 --- [    Test worker] .b.t.c.SpringBootTestContextBootstrapper : Found @SpringBootConfiguration com.reservationsystem.EatgoCustomerApiApplication for test class com.reservationsystem.interfaces.ReviewControllerTest
2021-04-15 19:33:53.930  INFO 7160 --- [    Test worker] .b.t.a.w.s.WebMvcTestContextBootstrapper : Loaded default TestExecutionListener class names from location [META-INF/spring.factories]: [org.springframework.boot.test.autoconfigure.restdocs.RestDocsTestExecutionListener, org.springframework.boot.test.autoconfigure.web.client.MockRestServiceServerResetTestExecutionListener, org.springframework.boot.test.autoconfigure.web.servlet.MockMvcPrintOnlyOnFailureTestExecutionListener, org.springframework.boot.test.autoconfigure.web.servlet.WebDriverTestExecutionListener, org.springframework.boot.test.mock.mockito.MockitoTestExecutionListener, org.springframework.boot.test.mock.mockito.ResetMocksTestExecutionListener, org.springframework.test.context.web.ServletTestExecutionListener, org.springframework.test.context.support.DirtiesContextBeforeModesTestExecutionListener, org.springframework.test.context.support.DependencyInjectionTestExecutionListener, org.springframework.test.context.support.DirtiesContextTestExecutionListener, org.springframework.test.context.transaction.TransactionalTestExecutionListener, org.springframework.test.context.jdbc.SqlScriptsTestExecutionListener, org.springframework.test.context.event.EventPublishingTestExecutionListener]
2021-04-15 19:33:53.931  INFO 7160 --- [    Test worker] .b.t.a.w.s.WebMvcTestContextBootstrapper : Using TestExecutionListeners: [org.springframework.test.context.web.ServletTestExecutionListener@746b413, org.springframework.test.context.support.DirtiesContextBeforeModesTestExecutionListener@7d751668, org.springframework.boot.test.mock.mockito.MockitoTestExecutionListener@2ab53a54, org.springframework.boot.test.autoconfigure.SpringBootDependencyInjectionTestExecutionListener@7c6f3501, org.springframework.test.context.support.DirtiesContextTestExecutionListener@4e3be0b3, org.springframework.test.context.transaction.TransactionalTestExecutionListener@1b28794a, org.springframework.test.context.jdbc.SqlScriptsTestExecutionListener@184c97e1, org.springframework.test.context.event.EventPublishingTestExecutionListener@1d0e7ed4, org.springframework.boot.test.autoconfigure.restdocs.RestDocsTestExecutionListener@ca13bbe, org.springframework.boot.test.autoconfigure.web.client.MockRestServiceServerResetTestExecutionListener@549be149, org.springframework.boot.test.autoconfigure.web.servlet.MockMvcPrintOnlyOnFailureTestExecutionListener@289487a4, org.springframework.boot.test.autoconfigure.web.servlet.WebDriverTestExecutionListener@4602b4bc, org.springframework.boot.test.mock.mockito.ResetMocksTestExecutionListener@43fb1b09]

  .   ____          _            __ _ _
 /\\ / ___'_ __ _ _(_)_ __  __ _ \ \ \ \
( ( )\___ | '_ | '_| | '_ \/ _` | \ \ \ \
 \\/  ___)| |_)| | | | | || (_| |  ) ) ) )
  '  |____| .__|_| |_|_| |_\__, | / / / /
 =========|_|==============|___/=/_/_/_/
 :: Spring Boot ::        (v2.2.1.RELEASE)

2021-04-15 19:33:53.993  INFO 7160 --- [    Test worker] c.r.interfaces.ReviewControllerTest      : Starting ReviewControllerTest on DESKTOP-R7AB2GV with PID 7160 (started by JAESEUNG in C:\Users\JAESEUNG\IdeaProjects\reservation_system\eatgo-customer-api)
2021-04-15 19:33:53.994  INFO 7160 --- [    Test worker] c.r.interfaces.ReviewControllerTest      : No active profile set, falling back to default profiles: default
2021-04-15 19:33:54.428  INFO 7160 --- [    Test worker] .s.s.UserDetailsServiceAutoConfiguration : 

Using generated security password: 2745f887-0753-4ab5-a01c-4b30abf53944

2021-04-15 19:33:54.536  INFO 7160 --- [    Test worker] o.s.s.web.DefaultSecurityFilterChain     : Creating filter chain: any request, [org.springframework.security.web.context.request.async.WebAsyncManagerIntegrationFilter@7af24c7c, org.springframework.security.web.context.SecurityContextPersistenceFilter@6d354cd1, org.springframework.security.web.header.HeaderWriterFilter@61e308d0, org.springframework.security.web.authentication.logout.LogoutFilter@6d04b1d7, com.reservationsystem.filter.JwtAuthenticationFilter@75d3f656, org.springframework.security.web.savedrequest.RequestCacheAwareFilter@79edd18a, org.springframework.security.web.servletapi.SecurityContextHolderAwareRequestFilter@31e3ef, org.springframework.security.web.authentication.AnonymousAuthenticationFilter@5e74475f, org.springframework.security.web.session.SessionManagementFilter@1cd6dba2, org.springframework.security.web.access.ExceptionTranslationFilter@5ae9c4b1]
2021-04-15 19:33:54.735  INFO 7160 --- [    Test worker] o.s.s.concurrent.ThreadPoolTaskExecutor  : Initializing ExecutorService 'applicationTaskExecutor'
2021-04-15 19:33:54.955  INFO 7160 --- [    Test worker] o.s.b.t.m.w.SpringBootMockServletContext : Initializing Spring TestDispatcherServlet ''
2021-04-15 19:33:54.955  INFO 7160 --- [    Test worker] o.s.t.web.servlet.TestDispatcherServlet  : Initializing Servlet ''
2021-04-15 19:33:54.968  INFO 7160 --- [    Test worker] o.s.t.web.servlet.TestDispatcherServlet  : Completed initialization in 13 ms
2021-04-15 19:33:54.987  INFO 7160 --- [    Test worker] c.r.interfaces.ReviewControllerTest      : Started ReviewControllerTest in 1.043 seconds (JVM running for 14.783)
2021-04-15 19:33:55.066  WARN 7160 --- [    Test worker] .w.s.m.s.DefaultHandlerExceptionResolver : Resolved [org.springframework.web.bind.MethodArgumentNotValidException: Validation failed for argument [2] in public org.springframework.http.ResponseEntity<?> com.reservationsystem.interfaces.ReviewController.create(org.springframework.security.core.Authentication,java.lang.Long,com.reservationsystem.domain.Review) throws java.net.URISyntaxException with 2 errors: [Field error in object 'review' on field 'description': rejected value [null]; codes [NotEmpty.review.description,NotEmpty.description,NotEmpty.java.lang.String,NotEmpty]; arguments [org.springframework.context.support.DefaultMessageSourceResolvable: codes [review.description,description]; arguments []; default message [description]]; default message [must not be empty]] [Field error in object 'review' on field 'score': rejected value [null]; codes [NotNull.review.score,NotNull.score,NotNull.java.lang.Integer,NotNull]; arguments [org.springframework.context.support.DefaultMessageSourceResolvable: codes [review.score,score]; arguments []; default message [score]]; default message [must not be null]] ]
]]></system-out>
  <system-err><![CDATA[]]></system-err>
</testsuite>
