<?xml version="1.0" encoding="UTF-8"?>
<testsuite name="com.reservationsystem.application.ReservationServiceTest" tests="1" skipped="0" failures="0" errors="0" timestamp="2021-04-12T13:14:23" hostname="DESKTOP-R7AB2GV" time="0.135">
  <properties/>
  <testcase name="addReservation" classname="com.reservationsystem.application.ReservationServiceTest" time="0.135"/>
  <system-out><![CDATA[]]></system-out>
  <system-err><![CDATA[]]></system-err>
</testsuite>
