<?xml version="1.0" encoding="UTF-8"?>
<testsuite name="com.reservationsystem.interfaces.CategoryControllerTest" tests="1" skipped="0" failures="0" errors="0" timestamp="2021-04-12T13:14:27" hostname="DESKTOP-R7AB2GV" time="0.274">
  <properties/>
  <testcase name="list" classname="com.reservationsystem.interfaces.CategoryControllerTest" time="0.274"/>
  <system-out><![CDATA[22:14:23.613 [Test worker] DEBUG org.springframework.test.annotation.ProfileValueUtils - Retrieved @ProfileValueSourceConfiguration [null] for test class [com.reservationsystem.interfaces.CategoryControllerTest]
22:14:23.614 [Test worker] DEBUG org.springframework.test.annotation.ProfileValueUtils - Retrieved ProfileValueSource type [class org.springframework.test.annotation.SystemProfileValueSource] for class [com.reservationsystem.interfaces.CategoryControllerTest]
22:14:23.614 [Test worker] DEBUG org.springframework.test.annotation.ProfileValueUtils - Retrieved @ProfileValueSourceConfiguration [null] for test class [com.reservationsystem.interfaces.CategoryControllerTest]
22:14:23.614 [Test worker] DEBUG org.springframework.test.annotation.ProfileValueUtils - Retrieved ProfileValueSource type [class org.springframework.test.annotation.SystemProfileValueSource] for class [com.reservationsystem.interfaces.CategoryControllerTest]
22:14:23.619 [Test worker] DEBUG org.springframework.test.context.support.AbstractDirtiesContextTestExecutionListener - Before test class: context [DefaultTestContext@a7e75ce testClass = CategoryControllerTest, testInstance = [null], testMethod = [null], testException = [null], mergedContextConfiguration = [WebMergedContextConfiguration@3cce8963 testClass = CategoryControllerTest, locations = '{}', classes = '{class com.reservationsystem.EatgoCustomerApiApplication}', contextInitializerClasses = '[]', activeProfiles = '{}', propertySourceLocations = '{}', propertySourceProperties = '{org.springframework.boot.test.autoconfigure.web.servlet.WebMvcTestContextBootstrapper=true}', contextCustomizers = set[org.springframework.boot.test.autoconfigure.OverrideAutoConfigurationContextCustomizerFactory$DisableAutoConfigurationContextCustomizer@3d913384, org.springframework.boot.test.autoconfigure.filter.TypeExcludeFiltersContextCustomizer@12947530, org.springframework.boot.test.autoconfigure.properties.PropertyMappingContextCustomizer@11b44a72, org.springframework.boot.test.autoconfigure.web.servlet.WebDriverContextCustomizerFactory$Customizer@2c83d015, [ImportsContextCustomizer@54073d83 key = [org.springframework.boot.autoconfigure.cache.CacheAutoConfiguration, org.springframework.boot.autoconfigure.context.MessageSourceAutoConfiguration, org.springframework.boot.autoconfigure.data.web.SpringDataWebAutoConfiguration, org.springframework.boot.autoconfigure.freemarker.FreeMarkerAutoConfiguration, org.springframework.boot.autoconfigure.groovy.template.GroovyTemplateAutoConfiguration, org.springframework.boot.autoconfigure.gson.GsonAutoConfiguration, org.springframework.boot.autoconfigure.hateoas.HypermediaAutoConfiguration, org.springframework.boot.autoconfigure.http.HttpMessageConvertersAutoConfiguration, org.springframework.boot.autoconfigure.jackson.JacksonAutoConfiguration, org.springframework.boot.autoconfigure.jsonb.JsonbAutoConfiguration, org.springframework.boot.autoconfigure.mustache.MustacheAutoConfiguration, org.springframework.boot.autoconfigure.task.TaskExecutionAutoConfiguration, org.springframework.boot.autoconfigure.thymeleaf.ThymeleafAutoConfiguration, org.springframework.boot.autoconfigure.validation.ValidationAutoConfiguration, org.springframework.boot.autoconfigure.web.servlet.error.ErrorMvcAutoConfiguration, org.springframework.boot.autoconfigure.web.servlet.WebMvcAutoConfiguration, org.springframework.boot.test.autoconfigure.web.servlet.MockMvcAutoConfiguration, org.springframework.boot.test.autoconfigure.web.servlet.MockMvcWebClientAutoConfiguration, org.springframework.boot.test.autoconfigure.web.servlet.MockMvcWebDriverAutoConfiguration, org.springframework.boot.autoconfigure.security.servlet.SecurityAutoConfiguration, org.springframework.boot.autoconfigure.security.servlet.UserDetailsServiceAutoConfiguration, org.springframework.boot.test.autoconfigure.web.servlet.MockMvcSecurityConfiguration]], org.springframework.boot.test.context.filter.ExcludeFilterContextCustomizer@3c1efa20, org.springframework.boot.test.json.DuplicateJsonObjectContextCustomizerFactory$DuplicateJsonObjectContextCustomizer@731efab5, org.springframework.boot.test.mock.mockito.MockitoContextCustomizer@e7e15ec8], resourceBasePath = 'src/main/webapp', contextLoader = 'org.springframework.boot.test.context.SpringBootContextLoader', parent = [null]], attributes = map[[empty]]], class annotated with @DirtiesContext [false] with mode [null].
22:14:23.621 [Test worker] DEBUG org.springframework.test.annotation.ProfileValueUtils - Retrieved @ProfileValueSourceConfiguration [null] for test class [com.reservationsystem.interfaces.CategoryControllerTest]
22:14:23.622 [Test worker] DEBUG org.springframework.test.annotation.ProfileValueUtils - Retrieved ProfileValueSource type [class org.springframework.test.annotation.SystemProfileValueSource] for class [com.reservationsystem.interfaces.CategoryControllerTest]
22:14:23.799 [Test worker] DEBUG org.springframework.test.context.support.TestPropertySourceUtils - Adding inlined properties to environment: {spring.jmx.enabled=false, org.springframework.boot.test.autoconfigure.web.servlet.WebMvcTestContextBootstrapper=true, server.port=-1}

  .   ____          _            __ _ _
 /\\ / ___'_ __ _ _(_)_ __  __ _ \ \ \ \
( ( )\___ | '_ | '_| | '_ \/ _` | \ \ \ \
 \\/  ___)| |_)| | | | | || (_| |  ) ) ) )
  '  |____| .__|_| |_|_| |_\__, | / / / /
 =========|_|==============|___/=/_/_/_/
 :: Spring Boot ::        (v2.2.1.RELEASE)

2021-04-12 22:14:24.440  INFO 13684 --- [    Test worker] c.r.interfaces.CategoryControllerTest    : Starting CategoryControllerTest on DESKTOP-R7AB2GV with PID 13684 (started by JAESEUNG in C:\Users\JAESEUNG\IdeaProjects\reservating_system\eatgo-customer-api)
2021-04-12 22:14:24.445  INFO 13684 --- [    Test worker] c.r.interfaces.CategoryControllerTest    : No active profile set, falling back to default profiles: default
2021-04-12 22:14:26.094  INFO 13684 --- [    Test worker] .s.s.UserDetailsServiceAutoConfiguration : 

Using generated security password: b1558c36-ef12-4161-ae8f-65e411979137

2021-04-12 22:14:26.386  INFO 13684 --- [    Test worker] o.s.s.web.DefaultSecurityFilterChain     : Creating filter chain: any request, [org.springframework.security.web.context.request.async.WebAsyncManagerIntegrationFilter@5b4a015f, org.springframework.security.web.context.SecurityContextPersistenceFilter@78b33522, org.springframework.security.web.header.HeaderWriterFilter@4119f2bb, org.springframework.security.web.authentication.logout.LogoutFilter@94bba39, com.reservationsystem.filter.JwtAuthenticationFilter@7d974e6, org.springframework.security.web.savedrequest.RequestCacheAwareFilter@2eb5eacd, org.springframework.security.web.servletapi.SecurityContextHolderAwareRequestFilter@5f1bf2da, org.springframework.security.web.authentication.AnonymousAuthenticationFilter@115b7525, org.springframework.security.web.session.SessionManagementFilter@2e0fb47a, org.springframework.security.web.access.ExceptionTranslationFilter@6b03bb5d]
2021-04-12 22:14:26.918  INFO 13684 --- [    Test worker] o.s.s.concurrent.ThreadPoolTaskExecutor  : Initializing ExecutorService 'applicationTaskExecutor'
2021-04-12 22:14:27.388  INFO 13684 --- [    Test worker] o.s.b.t.m.w.SpringBootMockServletContext : Initializing Spring TestDispatcherServlet ''
2021-04-12 22:14:27.389  INFO 13684 --- [    Test worker] o.s.t.web.servlet.TestDispatcherServlet  : Initializing Servlet ''
2021-04-12 22:14:27.429  INFO 13684 --- [    Test worker] o.s.t.web.servlet.TestDispatcherServlet  : Completed initialization in 40 ms
2021-04-12 22:14:27.497  INFO 13684 --- [    Test worker] c.r.interfaces.CategoryControllerTest    : Started CategoryControllerTest in 3.678 seconds (JVM running for 7.25)
]]></system-out>
  <system-err><![CDATA[]]></system-err>
</testsuite>
