<?xml version="1.0" encoding="UTF-8"?>
<testsuite name="com.reservationsystem.application.UserServiceTest" tests="2" skipped="0" failures="0" errors="0" timestamp="2021-04-12T13:14:23" hostname="DESKTOP-R7AB2GV" time="0.043">
  <properties/>
  <testcase name="registerWithExistedEmail" classname="com.reservationsystem.application.UserServiceTest" time="0.041"/>
  <testcase name="registerUser" classname="com.reservationsystem.application.UserServiceTest" time="0.002"/>
  <system-out><![CDATA[]]></system-out>
  <system-err><![CDATA[]]></system-err>
</testsuite>
