<?xml version="1.0" encoding="UTF-8"?>
<testsuite name="com.reservationsystem.application.RestaurantServiceTest" tests="6" skipped="0" failures="0" errors="0" timestamp="2021-03-31T15:35:40" hostname="DESKTOP-R7AB2GV" time="0.155">
  <properties/>
  <testcase name="addRestaurant" classname="com.reservationsystem.application.RestaurantServiceTest" time="0.114"/>
  <testcase name="Restaurants" classname="com.reservationsystem.application.RestaurantServiceTest" time="0.005"/>
  <testcase name="getRestaurantWithNotExisted" classname="com.reservationsystem.application.RestaurantServiceTest" time="0.004"/>
  <testcase name="getRestaurantWithExisted" classname="com.reservationsystem.application.RestaurantServiceTest" time="0.02"/>
  <testcase name="getRestaurants" classname="com.reservationsystem.application.RestaurantServiceTest" time="0.004"/>
  <testcase name="updateRestaurant" classname="com.reservationsystem.application.RestaurantServiceTest" time="0.005"/>
  <system-out><![CDATA[]]></system-out>
  <system-err><![CDATA[]]></system-err>
</testsuite>
