<?xml version="1.0" encoding="UTF-8"?>
<testsuite name="com.reservationsystem.interfaces.UserControllerTest" tests="1" skipped="0" failures="0" errors="0" timestamp="2021-07-17T15:16:58" hostname="DESKTOP-R7AB2GV" time="0.009">
  <properties/>
  <testcase name="create" classname="com.reservationsystem.interfaces.UserControllerTest" time="0.009"/>
  <system-out><![CDATA[
  .   ____          _            __ _ _
 /\\ / ___'_ __ _ _(_)_ __  __ _ \ \ \ \
( ( )\___ | '_ | '_| | '_ \/ _` | \ \ \ \
 \\/  ___)| |_)| | | | | || (_| |  ) ) ) )
  '  |____| .__|_| |_|_| |_\__, | / / / /
 =========|_|==============|___/=/_/_/_/
 :: Spring Boot ::        (v2.2.1.RELEASE)

2021-07-18 00:16:57.992  INFO 13748 --- [    Test worker] c.r.interfaces.UserControllerTest        : Starting UserControllerTest on DESKTOP-R7AB2GV with PID 13748 (started by JAESEUNG in C:\Users\JAESEUNG\IdeaProjects\Restaurant_System\eatgo-customer-api)
2021-07-18 00:16:57.993  INFO 13748 --- [    Test worker] c.r.interfaces.UserControllerTest        : No active profile set, falling back to default profiles: default
2021-07-18 00:16:58.323  INFO 13748 --- [    Test worker] .s.s.UserDetailsServiceAutoConfiguration : 

Using generated security password: e62ea1ed-d3a3-48d9-9c75-3780a3e4993b

2021-07-18 00:16:58.389  INFO 13748 --- [    Test worker] o.s.s.web.DefaultSecurityFilterChain     : Creating filter chain: any request, [org.springframework.security.web.context.request.async.WebAsyncManagerIntegrationFilter@73e76334, org.springframework.security.web.context.SecurityContextPersistenceFilter@245d06cd, org.springframework.security.web.header.HeaderWriterFilter@43ec988a, org.springframework.security.web.authentication.logout.LogoutFilter@1131fbb6, com.reservationsystem.filter.JwtAuthenticationFilter@49a1873e, org.springframework.security.web.savedrequest.RequestCacheAwareFilter@45c4fe0a, org.springframework.security.web.servletapi.SecurityContextHolderAwareRequestFilter@624b06f0, org.springframework.security.web.authentication.AnonymousAuthenticationFilter@23f068f0, org.springframework.security.web.session.SessionManagementFilter@4f4e0593, org.springframework.security.web.access.ExceptionTranslationFilter@375ad458]
2021-07-18 00:16:58.523  INFO 13748 --- [    Test worker] o.s.s.concurrent.ThreadPoolTaskExecutor  : Initializing ExecutorService 'applicationTaskExecutor'
2021-07-18 00:16:58.677  INFO 13748 --- [    Test worker] o.s.b.t.m.w.SpringBootMockServletContext : Initializing Spring TestDispatcherServlet ''
2021-07-18 00:16:58.678  INFO 13748 --- [    Test worker] o.s.t.web.servlet.TestDispatcherServlet  : Initializing Servlet ''
2021-07-18 00:16:58.690  INFO 13748 --- [    Test worker] o.s.t.web.servlet.TestDispatcherServlet  : Completed initialization in 12 ms
2021-07-18 00:16:58.706  INFO 13748 --- [    Test worker] c.r.interfaces.UserControllerTest        : Started UserControllerTest in 0.752 seconds (JVM running for 8.256)
]]></system-out>
  <system-err><![CDATA[]]></system-err>
</testsuite>
