<?xml version="1.0" encoding="UTF-8"?>
<testsuite name="com.reservationsystem.interfaces.ReviewControllerTest" tests="2" skipped="0" failures="0" errors="0" timestamp="2021-07-17T15:16:59" hostname="DESKTOP-R7AB2GV" time="0.056">
  <properties/>
  <testcase name="createWithValidAttriutes()" classname="com.reservationsystem.interfaces.ReviewControllerTest" time="0.028"/>
  <testcase name="createWithInvalidAttriutes()" classname="com.reservationsystem.interfaces.ReviewControllerTest" time="0.027"/>
  <system-out><![CDATA[2021-07-18 00:16:58.777  INFO 13748 --- [    Test worker] .b.t.a.w.s.WebMvcTestContextBootstrapper : Neither @ContextConfiguration nor @ContextHierarchy found for test class [com.reservationsystem.interfaces.ReviewControllerTest], using SpringBootContextLoader
2021-07-18 00:16:58.779  INFO 13748 --- [    Test worker] o.s.t.c.support.AbstractContextLoader    : Could not detect default resource locations for test class [com.reservationsystem.interfaces.ReviewControllerTest]: no resource found for suffixes {-context.xml, Context.groovy}.
2021-07-18 00:16:58.779  INFO 13748 --- [    Test worker] t.c.s.AnnotationConfigContextLoaderUtils : Could not detect default configuration classes for test class [com.reservationsystem.interfaces.ReviewControllerTest]: ReviewControllerTest does not declare any static, non-private, non-final, nested classes annotated with @Configuration.
2021-07-18 00:16:58.782  INFO 13748 --- [    Test worker] .b.t.c.SpringBootTestContextBootstrapper : Found @SpringBootConfiguration com.reservationsystem.EatgoCustomerApiApplication for test class com.reservationsystem.interfaces.ReviewControllerTest
2021-07-18 00:16:58.782  INFO 13748 --- [    Test worker] .b.t.a.w.s.WebMvcTestContextBootstrapper : Loaded default TestExecutionListener class names from location [META-INF/spring.factories]: [org.springframework.boot.test.autoconfigure.restdocs.RestDocsTestExecutionListener, org.springframework.boot.test.autoconfigure.web.client.MockRestServiceServerResetTestExecutionListener, org.springframework.boot.test.autoconfigure.web.servlet.MockMvcPrintOnlyOnFailureTestExecutionListener, org.springframework.boot.test.autoconfigure.web.servlet.WebDriverTestExecutionListener, org.springframework.boot.test.mock.mockito.MockitoTestExecutionListener, org.springframework.boot.test.mock.mockito.ResetMocksTestExecutionListener, org.springframework.test.context.web.ServletTestExecutionListener, org.springframework.test.context.support.DirtiesContextBeforeModesTestExecutionListener, org.springframework.test.context.support.DependencyInjectionTestExecutionListener, org.springframework.test.context.support.DirtiesContextTestExecutionListener, org.springframework.test.context.transaction.TransactionalTestExecutionListener, org.springframework.test.context.jdbc.SqlScriptsTestExecutionListener, org.springframework.test.context.event.EventPublishingTestExecutionListener]
2021-07-18 00:16:58.782  INFO 13748 --- [    Test worker] .b.t.a.w.s.WebMvcTestContextBootstrapper : Using TestExecutionListeners: [org.springframework.test.context.web.ServletTestExecutionListener@38105ad2, org.springframework.test.context.support.DirtiesContextBeforeModesTestExecutionListener@23dd3dac, org.springframework.boot.test.mock.mockito.MockitoTestExecutionListener@7733a82c, org.springframework.boot.test.autoconfigure.SpringBootDependencyInjectionTestExecutionListener@421df077, org.springframework.test.context.support.DirtiesContextTestExecutionListener@7861f42c, org.springframework.test.context.transaction.TransactionalTestExecutionListener@329b86d1, org.springframework.test.context.jdbc.SqlScriptsTestExecutionListener@58033a66, org.springframework.test.context.event.EventPublishingTestExecutionListener@7530f759, org.springframework.boot.test.autoconfigure.restdocs.RestDocsTestExecutionListener@207ad47, org.springframework.boot.test.autoconfigure.web.client.MockRestServiceServerResetTestExecutionListener@6c441ed8, org.springframework.boot.test.autoconfigure.web.servlet.MockMvcPrintOnlyOnFailureTestExecutionListener@2d55c93c, org.springframework.boot.test.autoconfigure.web.servlet.WebDriverTestExecutionListener@5f2d69f0, org.springframework.boot.test.mock.mockito.ResetMocksTestExecutionListener@60ff9ac7]

  .   ____          _            __ _ _
 /\\ / ___'_ __ _ _(_)_ __  __ _ \ \ \ \
( ( )\___ | '_ | '_| | '_ \/ _` | \ \ \ \
 \\/  ___)| |_)| | | | | || (_| |  ) ) ) )
  '  |____| .__|_| |_|_| |_\__, | / / / /
 =========|_|==============|___/=/_/_/_/
 :: Spring Boot ::        (v2.2.1.RELEASE)

2021-07-18 00:16:58.820  INFO 13748 --- [    Test worker] c.r.interfaces.ReviewControllerTest      : Starting ReviewControllerTest on DESKTOP-R7AB2GV with PID 13748 (started by JAESEUNG in C:\Users\JAESEUNG\IdeaProjects\Restaurant_System\eatgo-customer-api)
2021-07-18 00:16:58.820  INFO 13748 --- [    Test worker] c.r.interfaces.ReviewControllerTest      : No active profile set, falling back to default profiles: default
2021-07-18 00:16:59.112  INFO 13748 --- [    Test worker] .s.s.UserDetailsServiceAutoConfiguration : 

Using generated security password: 206074cf-40e0-4e5e-b1e9-a09fb775c420

2021-07-18 00:16:59.176  INFO 13748 --- [    Test worker] o.s.s.web.DefaultSecurityFilterChain     : Creating filter chain: any request, [org.springframework.security.web.context.request.async.WebAsyncManagerIntegrationFilter@25129b4b, org.springframework.security.web.context.SecurityContextPersistenceFilter@6cf5a169, org.springframework.security.web.header.HeaderWriterFilter@6e3b828b, org.springframework.security.web.authentication.logout.LogoutFilter@5656268, com.reservationsystem.filter.JwtAuthenticationFilter@581adb84, org.springframework.security.web.savedrequest.RequestCacheAwareFilter@1566a621, org.springframework.security.web.servletapi.SecurityContextHolderAwareRequestFilter@277b51dc, org.springframework.security.web.authentication.AnonymousAuthenticationFilter@4fbc1411, org.springframework.security.web.session.SessionManagementFilter@5e17baaa, org.springframework.security.web.access.ExceptionTranslationFilter@36f40a6]
2021-07-18 00:16:59.319  INFO 13748 --- [    Test worker] o.s.s.concurrent.ThreadPoolTaskExecutor  : Initializing ExecutorService 'applicationTaskExecutor'
2021-07-18 00:16:59.453  INFO 13748 --- [    Test worker] o.s.b.t.m.w.SpringBootMockServletContext : Initializing Spring TestDispatcherServlet ''
2021-07-18 00:16:59.454  INFO 13748 --- [    Test worker] o.s.t.web.servlet.TestDispatcherServlet  : Initializing Servlet ''
2021-07-18 00:16:59.461  INFO 13748 --- [    Test worker] o.s.t.web.servlet.TestDispatcherServlet  : Completed initialization in 7 ms
2021-07-18 00:16:59.472  INFO 13748 --- [    Test worker] c.r.interfaces.ReviewControllerTest      : Started ReviewControllerTest in 0.682 seconds (JVM running for 9.023)
2021-07-18 00:16:59.529  WARN 13748 --- [    Test worker] .w.s.m.s.DefaultHandlerExceptionResolver : Resolved [org.springframework.web.bind.MethodArgumentNotValidException: Validation failed for argument [2] in public org.springframework.http.ResponseEntity<?> com.reservationsystem.interfaces.ReviewController.create(org.springframework.security.core.Authentication,java.lang.Long,com.reservationsystem.domain.Review) throws java.net.URISyntaxException with 2 errors: [Field error in object 'review' on field 'score': rejected value [null]; codes [NotNull.review.score,NotNull.score,NotNull.java.lang.Integer,NotNull]; arguments [org.springframework.context.support.DefaultMessageSourceResolvable: codes [review.score,score]; arguments []; default message [score]]; default message [must not be null]] [Field error in object 'review' on field 'description': rejected value [null]; codes [NotEmpty.review.description,NotEmpty.description,NotEmpty.java.lang.String,NotEmpty]; arguments [org.springframework.context.support.DefaultMessageSourceResolvable: codes [review.description,description]; arguments []; default message [description]]; default message [must not be empty]] ]
]]></system-out>
  <system-err><![CDATA[]]></system-err>
</testsuite>
