<?xml version="1.0" encoding="UTF-8"?>
<testsuite name="com.reservationsystem.interfaces.RestaurantControllerTest" tests="3" skipped="0" failures="0" errors="0" timestamp="2021-04-15T10:33:52" hostname="DESKTOP-R7AB2GV" time="0.067">
  <properties/>
  <testcase name="list" classname="com.reservationsystem.interfaces.RestaurantControllerTest" time="0.031"/>
  <testcase name="detailWithNotExisted" classname="com.reservationsystem.interfaces.RestaurantControllerTest" time="0.013"/>
  <testcase name="detailWithExisted" classname="com.reservationsystem.interfaces.RestaurantControllerTest" time="0.019"/>
  <system-out><![CDATA[
  .   ____          _            __ _ _
 /\\ / ___'_ __ _ _(_)_ __  __ _ \ \ \ \
( ( )\___ | '_ | '_| | '_ \/ _` | \ \ \ \
 \\/  ___)| |_)| | | | | || (_| |  ) ) ) )
  '  |____| .__|_| |_|_| |_\__, | / / / /
 =========|_|==============|___/=/_/_/_/
 :: Spring Boot ::        (v2.2.1.RELEASE)

2021-04-15 19:33:51.268  INFO 7160 --- [    Test worker] c.r.interfaces.RestaurantControllerTest  : Starting RestaurantControllerTest on DESKTOP-R7AB2GV with PID 7160 (started by JAESEUNG in C:\Users\JAESEUNG\IdeaProjects\reservation_system\eatgo-customer-api)
2021-04-15 19:33:51.269  INFO 7160 --- [    Test worker] c.r.interfaces.RestaurantControllerTest  : No active profile set, falling back to default profiles: default
2021-04-15 19:33:51.827  INFO 7160 --- [    Test worker] .s.s.UserDetailsServiceAutoConfiguration : 

Using generated security password: 04526ce9-7f68-4bbd-b294-a9e2da974cd9

2021-04-15 19:33:51.967  INFO 7160 --- [    Test worker] o.s.s.web.DefaultSecurityFilterChain     : Creating filter chain: any request, [org.springframework.security.web.context.request.async.WebAsyncManagerIntegrationFilter@4016028, org.springframework.security.web.context.SecurityContextPersistenceFilter@6f1cd782, org.springframework.security.web.header.HeaderWriterFilter@684dd6eb, org.springframework.security.web.authentication.logout.LogoutFilter@31a80b80, com.reservationsystem.filter.JwtAuthenticationFilter@543fa62b, org.springframework.security.web.savedrequest.RequestCacheAwareFilter@2d9311ec, org.springframework.security.web.servletapi.SecurityContextHolderAwareRequestFilter@2b6f603b, org.springframework.security.web.authentication.AnonymousAuthenticationFilter@6753a02a, org.springframework.security.web.session.SessionManagementFilter@e273e0, org.springframework.security.web.access.ExceptionTranslationFilter@283d4e1b]
2021-04-15 19:33:52.237  INFO 7160 --- [    Test worker] o.s.s.concurrent.ThreadPoolTaskExecutor  : Initializing ExecutorService 'applicationTaskExecutor'
2021-04-15 19:33:52.500  INFO 7160 --- [    Test worker] o.s.b.t.m.w.SpringBootMockServletContext : Initializing Spring TestDispatcherServlet ''
2021-04-15 19:33:52.501  INFO 7160 --- [    Test worker] o.s.t.web.servlet.TestDispatcherServlet  : Initializing Servlet ''
2021-04-15 19:33:52.514  INFO 7160 --- [    Test worker] o.s.t.web.servlet.TestDispatcherServlet  : Completed initialization in 13 ms
2021-04-15 19:33:52.534  INFO 7160 --- [    Test worker] c.r.interfaces.RestaurantControllerTest  : Started RestaurantControllerTest in 1.326 seconds (JVM running for 12.329)
]]></system-out>
  <system-err><![CDATA[]]></system-err>
</testsuite>
