<?xml version="1.0" encoding="UTF-8"?>
<testsuite name="com.reservationsystem.interfaces.ReviewControllerTest" tests="2" skipped="0" failures="0" errors="0" timestamp="2021-03-31T15:35:51" hostname="DESKTOP-R7AB2GV" time="0.27">
  <properties/>
  <testcase name="createWithValidAtrributes" classname="com.reservationsystem.interfaces.ReviewControllerTest" time="0.232"/>
  <testcase name="createWithInValidAtrributes" classname="com.reservationsystem.interfaces.ReviewControllerTest" time="0.036"/>
  <system-out><![CDATA[
  .   ____          _            __ _ _
 /\\ / ___'_ __ _ _(_)_ __  __ _ \ \ \ \
( ( )\___ | '_ | '_| | '_ \/ _` | \ \ \ \
 \\/  ___)| |_)| | | | | || (_| |  ) ) ) )
  '  |____| .__|_| |_|_| |_\__, | / / / /
 =========|_|==============|___/=/_/_/_/
 :: Spring Boot ::        (v2.2.1.RELEASE)

2021-04-01 00:35:50.360  INFO 12664 --- [    Test worker] c.r.interfaces.ReviewControllerTest      : Starting ReviewControllerTest on DESKTOP-R7AB2GV with PID 12664 (started by JAESEUNG in C:\Users\JAESEUNG\IdeaProjects\reservating_system\eatgo-customer-api)
2021-04-01 00:35:50.361  INFO 12664 --- [    Test worker] c.r.interfaces.ReviewControllerTest      : No active profile set, falling back to default profiles: default
2021-04-01 00:35:50.922  INFO 12664 --- [    Test worker] .s.s.UserDetailsServiceAutoConfiguration : 

Using generated security password: c566209f-9f39-48af-8e17-dfc1cbfd5656

2021-04-01 00:35:51.038  INFO 12664 --- [    Test worker] o.s.s.web.DefaultSecurityFilterChain     : Creating filter chain: any request, [org.springframework.security.web.context.request.async.WebAsyncManagerIntegrationFilter@36968716, org.springframework.security.web.context.SecurityContextPersistenceFilter@472b5d56, org.springframework.security.web.header.HeaderWriterFilter@3755c83, org.springframework.security.web.authentication.logout.LogoutFilter@47cf9cb1, org.springframework.security.web.savedrequest.RequestCacheAwareFilter@4d3793e5, org.springframework.security.web.servletapi.SecurityContextHolderAwareRequestFilter@648f4f84, org.springframework.security.web.authentication.AnonymousAuthenticationFilter@287b0d2f, org.springframework.security.web.session.SessionManagementFilter@2db26207, org.springframework.security.web.access.ExceptionTranslationFilter@1d12e086]
2021-04-01 00:35:51.307  INFO 12664 --- [    Test worker] o.s.s.concurrent.ThreadPoolTaskExecutor  : Initializing ExecutorService 'applicationTaskExecutor'
2021-04-01 00:35:51.573  INFO 12664 --- [    Test worker] o.s.b.t.m.w.SpringBootMockServletContext : Initializing Spring TestDispatcherServlet ''
2021-04-01 00:35:51.574  INFO 12664 --- [    Test worker] o.s.t.web.servlet.TestDispatcherServlet  : Initializing Servlet ''
2021-04-01 00:35:51.595  INFO 12664 --- [    Test worker] o.s.t.web.servlet.TestDispatcherServlet  : Completed initialization in 21 ms
2021-04-01 00:35:51.621  INFO 12664 --- [    Test worker] c.r.interfaces.ReviewControllerTest      : Started ReviewControllerTest in 1.327 seconds (JVM running for 13.879)
2021-04-01 00:35:51.891  WARN 12664 --- [    Test worker] .w.s.m.s.DefaultHandlerExceptionResolver : Resolved [org.springframework.web.bind.MethodArgumentNotValidException: Validation failed for argument [1] in public org.springframework.http.ResponseEntity<?> com.reservationsystem.interfaces.ReviewController.create(java.lang.Long,com.reservationsystem.domain.Review) throws java.net.URISyntaxException with 3 errors: [Field error in object 'review' on field 'description': rejected value [null]; codes [NotEmpty.review.description,NotEmpty.description,NotEmpty.java.lang.String,NotEmpty]; arguments [org.springframework.context.support.DefaultMessageSourceResolvable: codes [review.description,description]; arguments []; default message [description]]; default message [must not be empty]] [Field error in object 'review' on field 'name': rejected value [null]; codes [NotEmpty.review.name,NotEmpty.name,NotEmpty.java.lang.String,NotEmpty]; arguments [org.springframework.context.support.DefaultMessageSourceResolvable: codes [review.name,name]; arguments []; default message [name]]; default message [must not be empty]] [Field error in object 'review' on field 'score': rejected value [null]; codes [NotNull.review.score,NotNull.score,NotNull.java.lang.Integer,NotNull]; arguments [org.springframework.context.support.DefaultMessageSourceResolvable: codes [review.score,score]; arguments []; default message [score]]; default message [must not be null]] ]
]]></system-out>
  <system-err><![CDATA[]]></system-err>
</testsuite>
