<?xml version="1.0" encoding="UTF-8"?>
<testsuite name="com.reservationsystem.interfaces.RegionControllerTest" tests="1" skipped="0" failures="0" errors="0" timestamp="2021-04-15T10:33:49" hostname="DESKTOP-R7AB2GV" time="0.017">
  <properties/>
  <testcase name="list" classname="com.reservationsystem.interfaces.RegionControllerTest" time="0.017"/>
  <system-out><![CDATA[
  .   ____          _            __ _ _
 /\\ / ___'_ __ _ _(_)_ __  __ _ \ \ \ \
( ( )\___ | '_ | '_| | '_ \/ _` | \ \ \ \
 \\/  ___)| |_)| | | | | || (_| |  ) ) ) )
  '  |____| .__|_| |_|_| |_\__, | / / / /
 =========|_|==============|___/=/_/_/_/
 :: Spring Boot ::        (v2.2.1.RELEASE)

2021-04-15 19:33:48.038  INFO 7160 --- [    Test worker] c.r.interfaces.RegionControllerTest      : Starting RegionControllerTest on DESKTOP-R7AB2GV with PID 7160 (started by JAESEUNG in C:\Users\JAESEUNG\IdeaProjects\reservation_system\eatgo-customer-api)
2021-04-15 19:33:48.040  INFO 7160 --- [    Test worker] c.r.interfaces.RegionControllerTest      : No active profile set, falling back to default profiles: default
2021-04-15 19:33:48.630  INFO 7160 --- [    Test worker] .s.s.UserDetailsServiceAutoConfiguration : 

Using generated security password: 4c0fdcbf-7320-4678-885c-32078045d775

2021-04-15 19:33:48.788  INFO 7160 --- [    Test worker] o.s.s.web.DefaultSecurityFilterChain     : Creating filter chain: any request, [org.springframework.security.web.context.request.async.WebAsyncManagerIntegrationFilter@5d514b18, org.springframework.security.web.context.SecurityContextPersistenceFilter@60565c32, org.springframework.security.web.header.HeaderWriterFilter@412378ab, org.springframework.security.web.authentication.logout.LogoutFilter@7d90d85d, com.reservationsystem.filter.JwtAuthenticationFilter@41e906f0, org.springframework.security.web.savedrequest.RequestCacheAwareFilter@4d0dbd9a, org.springframework.security.web.servletapi.SecurityContextHolderAwareRequestFilter@173172b0, org.springframework.security.web.authentication.AnonymousAuthenticationFilter@432c075e, org.springframework.security.web.session.SessionManagementFilter@716922b1, org.springframework.security.web.access.ExceptionTranslationFilter@77eb43a9]
2021-04-15 19:33:49.059  INFO 7160 --- [    Test worker] o.s.s.concurrent.ThreadPoolTaskExecutor  : Initializing ExecutorService 'applicationTaskExecutor'
2021-04-15 19:33:49.345  INFO 7160 --- [    Test worker] o.s.b.t.m.w.SpringBootMockServletContext : Initializing Spring TestDispatcherServlet ''
2021-04-15 19:33:49.346  INFO 7160 --- [    Test worker] o.s.t.web.servlet.TestDispatcherServlet  : Initializing Servlet ''
2021-04-15 19:33:49.363  INFO 7160 --- [    Test worker] o.s.t.web.servlet.TestDispatcherServlet  : Completed initialization in 17 ms
2021-04-15 19:33:49.392  INFO 7160 --- [    Test worker] c.r.interfaces.RegionControllerTest      : Started RegionControllerTest in 1.433 seconds (JVM running for 9.189)
]]></system-out>
  <system-err><![CDATA[]]></system-err>
</testsuite>
