<?xml version="1.0" encoding="UTF-8"?>
<testsuite name="com.reservationsystem.interfaces.ReservationControllerTest" tests="1" skipped="0" failures="0" errors="0" timestamp="2021-07-17T15:16:56" hostname="DESKTOP-R7AB2GV" time="0.274">
  <properties/>
  <testcase name="create" classname="com.reservationsystem.interfaces.ReservationControllerTest" time="0.274"/>
  <system-out><![CDATA[
  .   ____          _            __ _ _
 /\\ / ___'_ __ _ _(_)_ __  __ _ \ \ \ \
( ( )\___ | '_ | '_| | '_ \/ _` | \ \ \ \
 \\/  ___)| |_)| | | | | || (_| |  ) ) ) )
  '  |____| .__|_| |_|_| |_\__, | / / / /
 =========|_|==============|___/=/_/_/_/
 :: Spring Boot ::        (v2.2.1.RELEASE)

2021-07-18 00:16:56.174  INFO 13748 --- [    Test worker] c.r.i.ReservationControllerTest          : Starting ReservationControllerTest on DESKTOP-R7AB2GV with PID 13748 (started by JAESEUNG in C:\Users\JAESEUNG\IdeaProjects\Restaurant_System\eatgo-customer-api)
2021-07-18 00:16:56.175  INFO 13748 --- [    Test worker] c.r.i.ReservationControllerTest          : No active profile set, falling back to default profiles: default
2021-07-18 00:16:56.494  INFO 13748 --- [    Test worker] .s.s.UserDetailsServiceAutoConfiguration : 

Using generated security password: 8c2e032d-7ce8-48cf-97c4-e9e3c221720e

2021-07-18 00:16:56.557  INFO 13748 --- [    Test worker] o.s.s.web.DefaultSecurityFilterChain     : Creating filter chain: any request, [org.springframework.security.web.context.request.async.WebAsyncManagerIntegrationFilter@293a06f3, org.springframework.security.web.context.SecurityContextPersistenceFilter@63888372, org.springframework.security.web.header.HeaderWriterFilter@6759098f, org.springframework.security.web.authentication.logout.LogoutFilter@524d974c, com.reservationsystem.filter.JwtAuthenticationFilter@2e6b3e5e, org.springframework.security.web.savedrequest.RequestCacheAwareFilter@47f79f61, org.springframework.security.web.servletapi.SecurityContextHolderAwareRequestFilter@68cde361, org.springframework.security.web.authentication.AnonymousAuthenticationFilter@13e39788, org.springframework.security.web.session.SessionManagementFilter@7edc6ea4, org.springframework.security.web.access.ExceptionTranslationFilter@10c683a9]
2021-07-18 00:16:56.704  INFO 13748 --- [    Test worker] o.s.s.concurrent.ThreadPoolTaskExecutor  : Initializing ExecutorService 'applicationTaskExecutor'
2021-07-18 00:16:56.858  INFO 13748 --- [    Test worker] o.s.b.t.m.w.SpringBootMockServletContext : Initializing Spring TestDispatcherServlet ''
2021-07-18 00:16:56.858  INFO 13748 --- [    Test worker] o.s.t.web.servlet.TestDispatcherServlet  : Initializing Servlet ''
2021-07-18 00:16:56.874  INFO 13748 --- [    Test worker] o.s.t.web.servlet.TestDispatcherServlet  : Completed initialization in 16 ms
2021-07-18 00:16:56.888  INFO 13748 --- [    Test worker] c.r.i.ReservationControllerTest          : Started ReservationControllerTest in 0.751 seconds (JVM running for 6.439)
]]></system-out>
  <system-err><![CDATA[]]></system-err>
</testsuite>
