<?xml version="1.0" encoding="UTF-8"?>
<testsuite name="com.reservationsystem.interfaces.RestaurantControllerTest" tests="3" skipped="0" failures="0" errors="0" timestamp="2021-04-22T00:42:46" hostname="DESKTOP-R7AB2GV" time="0.092">
  <properties/>
  <testcase name="list" classname="com.reservationsystem.interfaces.RestaurantControllerTest" time="0.032"/>
  <testcase name="detailWithNotExisted" classname="com.reservationsystem.interfaces.RestaurantControllerTest" time="0.018"/>
  <testcase name="detailWithExisted" classname="com.reservationsystem.interfaces.RestaurantControllerTest" time="0.038"/>
  <system-out><![CDATA[
  .   ____          _            __ _ _
 /\\ / ___'_ __ _ _(_)_ __  __ _ \ \ \ \
( ( )\___ | '_ | '_| | '_ \/ _` | \ \ \ \
 \\/  ___)| |_)| | | | | || (_| |  ) ) ) )
  '  |____| .__|_| |_|_| |_\__, | / / / /
 =========|_|==============|___/=/_/_/_/
 :: Spring Boot ::        (v2.2.1.RELEASE)

2021-04-22 09:42:45.476  INFO 18260 --- [    Test worker] c.r.interfaces.RestaurantControllerTest  : Starting RestaurantControllerTest on DESKTOP-R7AB2GV with PID 18260 (started by JAESEUNG in C:\Users\JAESEUNG\IdeaProjects\reservation_system\eatgo-customer-api)
2021-04-22 09:42:45.477  INFO 18260 --- [    Test worker] c.r.interfaces.RestaurantControllerTest  : No active profile set, falling back to default profiles: default
2021-04-22 09:42:46.054  INFO 18260 --- [    Test worker] .s.s.UserDetailsServiceAutoConfiguration : 

Using generated security password: 86715660-c3d6-4eca-b699-6628f1f15936

2021-04-22 09:42:46.175  INFO 18260 --- [    Test worker] o.s.s.web.DefaultSecurityFilterChain     : Creating filter chain: any request, [org.springframework.security.web.context.request.async.WebAsyncManagerIntegrationFilter@6ebef8a8, org.springframework.security.web.context.SecurityContextPersistenceFilter@6753a02a, org.springframework.security.web.header.HeaderWriterFilter@4016028, org.springframework.security.web.authentication.logout.LogoutFilter@4a5626b2, com.reservationsystem.filter.JwtAuthenticationFilter@3cb9995f, org.springframework.security.web.savedrequest.RequestCacheAwareFilter@16d6434b, org.springframework.security.web.servletapi.SecurityContextHolderAwareRequestFilter@19597199, org.springframework.security.web.authentication.AnonymousAuthenticationFilter@78105915, org.springframework.security.web.session.SessionManagementFilter@543fa62b, org.springframework.security.web.access.ExceptionTranslationFilter@31a80b80]
2021-04-22 09:42:46.421  INFO 18260 --- [    Test worker] o.s.s.concurrent.ThreadPoolTaskExecutor  : Initializing ExecutorService 'applicationTaskExecutor'
2021-04-22 09:42:46.675  INFO 18260 --- [    Test worker] o.s.b.t.m.w.SpringBootMockServletContext : Initializing Spring TestDispatcherServlet ''
2021-04-22 09:42:46.676  INFO 18260 --- [    Test worker] o.s.t.web.servlet.TestDispatcherServlet  : Initializing Servlet ''
2021-04-22 09:42:46.694  INFO 18260 --- [    Test worker] o.s.t.web.servlet.TestDispatcherServlet  : Completed initialization in 18 ms
2021-04-22 09:42:46.727  INFO 18260 --- [    Test worker] c.r.interfaces.RestaurantControllerTest  : Started RestaurantControllerTest in 1.305 seconds (JVM running for 11.831)
]]></system-out>
  <system-err><![CDATA[]]></system-err>
</testsuite>
