<?xml version="1.0" encoding="UTF-8"?>
<testsuite name="com.reservationsystem.interfaces.RegionControllerTest" tests="1" skipped="0" failures="0" errors="0" timestamp="2021-03-31T15:35:48" hostname="DESKTOP-R7AB2GV" time="0.028">
  <properties/>
  <testcase name="list" classname="com.reservationsystem.interfaces.RegionControllerTest" time="0.028"/>
  <system-out><![CDATA[
  .   ____          _            __ _ _
 /\\ / ___'_ __ _ _(_)_ __  __ _ \ \ \ \
( ( )\___ | '_ | '_| | '_ \/ _` | \ \ \ \
 \\/  ___)| |_)| | | | | || (_| |  ) ) ) )
  '  |____| .__|_| |_|_| |_\__, | / / / /
 =========|_|==============|___/=/_/_/_/
 :: Spring Boot ::        (v2.2.1.RELEASE)

2021-04-01 00:35:46.406  INFO 12664 --- [    Test worker] c.r.interfaces.RegionControllerTest      : Starting RegionControllerTest on DESKTOP-R7AB2GV with PID 12664 (started by JAESEUNG in C:\Users\JAESEUNG\IdeaProjects\reservating_system\eatgo-customer-api)
2021-04-01 00:35:46.408  INFO 12664 --- [    Test worker] c.r.interfaces.RegionControllerTest      : No active profile set, falling back to default profiles: default
2021-04-01 00:35:47.285  INFO 12664 --- [    Test worker] .s.s.UserDetailsServiceAutoConfiguration : 

Using generated security password: 88088974-4786-423d-8129-39cf542dc0be

2021-04-01 00:35:47.448  INFO 12664 --- [    Test worker] o.s.s.web.DefaultSecurityFilterChain     : Creating filter chain: any request, [org.springframework.security.web.context.request.async.WebAsyncManagerIntegrationFilter@1b649428, org.springframework.security.web.context.SecurityContextPersistenceFilter@4b4d47d1, org.springframework.security.web.header.HeaderWriterFilter@41cbc29a, org.springframework.security.web.authentication.logout.LogoutFilter@1e4dc5ec, org.springframework.security.web.savedrequest.RequestCacheAwareFilter@7a1fe673, org.springframework.security.web.servletapi.SecurityContextHolderAwareRequestFilter@655f34b8, org.springframework.security.web.authentication.AnonymousAuthenticationFilter@7029908, org.springframework.security.web.session.SessionManagementFilter@1f78ac5e, org.springframework.security.web.access.ExceptionTranslationFilter@4bbf4b80]
2021-04-01 00:35:47.904  INFO 12664 --- [    Test worker] o.s.s.concurrent.ThreadPoolTaskExecutor  : Initializing ExecutorService 'applicationTaskExecutor'
2021-04-01 00:35:48.334  INFO 12664 --- [    Test worker] o.s.b.t.m.w.SpringBootMockServletContext : Initializing Spring TestDispatcherServlet ''
2021-04-01 00:35:48.334  INFO 12664 --- [    Test worker] o.s.t.web.servlet.TestDispatcherServlet  : Initializing Servlet ''
2021-04-01 00:35:48.373  INFO 12664 --- [    Test worker] o.s.t.web.servlet.TestDispatcherServlet  : Completed initialization in 35 ms
2021-04-01 00:35:48.411  INFO 12664 --- [    Test worker] c.r.interfaces.RegionControllerTest      : Started RegionControllerTest in 2.092 seconds (JVM running for 10.669)
]]></system-out>
  <system-err><![CDATA[]]></system-err>
</testsuite>
