<?xml version="1.0" encoding="UTF-8"?>
<testsuite name="com.reservationsystem.interfaces.RegionControllerTest" tests="1" skipped="0" failures="0" errors="0" timestamp="2021-03-23T14:37:03" hostname="DESKTOP-R7AB2GV" time="0.017">
  <properties/>
  <testcase name="list" classname="com.reservationsystem.interfaces.RegionControllerTest" time="0.017"/>
  <system-out><![CDATA[
  .   ____          _            __ _ _
 /\\ / ___'_ __ _ _(_)_ __  __ _ \ \ \ \
( ( )\___ | '_ | '_| | '_ \/ _` | \ \ \ \
 \\/  ___)| |_)| | | | | || (_| |  ) ) ) )
  '  |____| .__|_| |_|_| |_\__, | / / / /
 =========|_|==============|___/=/_/_/_/
 :: Spring Boot ::        (v2.2.1.RELEASE)

2021-03-23 23:37:02.950  INFO 11908 --- [    Test worker] c.r.interfaces.RegionControllerTest      : Starting RegionControllerTest on DESKTOP-R7AB2GV with PID 11908 (started by JAESEUNG in C:\Users\JAESEUNG\IdeaProjects\reservating_system\eatgo-customer-api)
2021-03-23 23:37:02.952  INFO 11908 --- [    Test worker] c.r.interfaces.RegionControllerTest      : No active profile set, falling back to default profiles: default
2021-03-23 23:37:03.559  INFO 11908 --- [    Test worker] o.s.s.concurrent.ThreadPoolTaskExecutor  : Initializing ExecutorService 'applicationTaskExecutor'
2021-03-23 23:37:03.824  INFO 11908 --- [    Test worker] o.s.b.t.m.w.SpringBootMockServletContext : Initializing Spring TestDispatcherServlet ''
2021-03-23 23:37:03.824  INFO 11908 --- [    Test worker] o.s.t.web.servlet.TestDispatcherServlet  : Initializing Servlet ''
2021-03-23 23:37:03.840  INFO 11908 --- [    Test worker] o.s.t.web.servlet.TestDispatcherServlet  : Completed initialization in 16 ms
2021-03-23 23:37:03.871  INFO 11908 --- [    Test worker] c.r.interfaces.RegionControllerTest      : Started RegionControllerTest in 0.977 seconds (JVM running for 7.533)
]]></system-out>
  <system-err><![CDATA[]]></system-err>
</testsuite>
