<?xml version="1.0" encoding="UTF-8"?>
<testsuite name="com.reservationsystem.interfaces.ReservationControllerTest" tests="1" skipped="0" failures="0" errors="0" timestamp="2021-04-12T12:19:46" hostname="DESKTOP-R7AB2GV" time="0.392">
  <properties/>
  <testcase name="create" classname="com.reservationsystem.interfaces.ReservationControllerTest" time="0.392"/>
  <system-out><![CDATA[21:19:42.197 [Test worker] DEBUG org.springframework.test.annotation.ProfileValueUtils - Retrieved @ProfileValueSourceConfiguration [null] for test class [com.reservationsystem.interfaces.ReservationControllerTest]
21:19:42.197 [Test worker] DEBUG org.springframework.test.annotation.ProfileValueUtils - Retrieved ProfileValueSource type [class org.springframework.test.annotation.SystemProfileValueSource] for class [com.reservationsystem.interfaces.ReservationControllerTest]
21:19:42.199 [Test worker] DEBUG org.springframework.test.annotation.ProfileValueUtils - Retrieved @ProfileValueSourceConfiguration [null] for test class [com.reservationsystem.interfaces.ReservationControllerTest]
21:19:42.199 [Test worker] DEBUG org.springframework.test.annotation.ProfileValueUtils - Retrieved ProfileValueSource type [class org.springframework.test.annotation.SystemProfileValueSource] for class [com.reservationsystem.interfaces.ReservationControllerTest]
21:19:42.207 [Test worker] DEBUG org.springframework.test.context.support.AbstractDirtiesContextTestExecutionListener - Before test class: context [DefaultTestContext@a2ee47 testClass = ReservationControllerTest, testInstance = [null], testMethod = [null], testException = [null], mergedContextConfiguration = [WebMergedContextConfiguration@4b5ba92d testClass = ReservationControllerTest, locations = '{}', classes = '{class com.reservationsystem.EatgoCustomerApiApplication}', contextInitializerClasses = '[]', activeProfiles = '{}', propertySourceLocations = '{}', propertySourceProperties = '{org.springframework.boot.test.autoconfigure.web.servlet.WebMvcTestContextBootstrapper=true}', contextCustomizers = set[org.springframework.boot.test.autoconfigure.OverrideAutoConfigurationContextCustomizerFactory$DisableAutoConfigurationContextCustomizer@c1a59d5, org.springframework.boot.test.autoconfigure.filter.TypeExcludeFiltersContextCustomizer@4e3c1bb4, org.springframework.boot.test.autoconfigure.properties.PropertyMappingContextCustomizer@eea668ce, org.springframework.boot.test.autoconfigure.web.servlet.WebDriverContextCustomizerFactory$Customizer@2c161206, [ImportsContextCustomizer@599c63fb key = [org.springframework.boot.autoconfigure.cache.CacheAutoConfiguration, org.springframework.boot.autoconfigure.context.MessageSourceAutoConfiguration, org.springframework.boot.autoconfigure.data.web.SpringDataWebAutoConfiguration, org.springframework.boot.autoconfigure.freemarker.FreeMarkerAutoConfiguration, org.springframework.boot.autoconfigure.groovy.template.GroovyTemplateAutoConfiguration, org.springframework.boot.autoconfigure.gson.GsonAutoConfiguration, org.springframework.boot.autoconfigure.hateoas.HypermediaAutoConfiguration, org.springframework.boot.autoconfigure.http.HttpMessageConvertersAutoConfiguration, org.springframework.boot.autoconfigure.jackson.JacksonAutoConfiguration, org.springframework.boot.autoconfigure.jsonb.JsonbAutoConfiguration, org.springframework.boot.autoconfigure.mustache.MustacheAutoConfiguration, org.springframework.boot.autoconfigure.task.TaskExecutionAutoConfiguration, org.springframework.boot.autoconfigure.thymeleaf.ThymeleafAutoConfiguration, org.springframework.boot.autoconfigure.validation.ValidationAutoConfiguration, org.springframework.boot.autoconfigure.web.servlet.error.ErrorMvcAutoConfiguration, org.springframework.boot.autoconfigure.web.servlet.WebMvcAutoConfiguration, org.springframework.boot.test.autoconfigure.web.servlet.MockMvcAutoConfiguration, org.springframework.boot.test.autoconfigure.web.servlet.MockMvcWebClientAutoConfiguration, org.springframework.boot.test.autoconfigure.web.servlet.MockMvcWebDriverAutoConfiguration, org.springframework.boot.autoconfigure.security.servlet.SecurityAutoConfiguration, org.springframework.boot.autoconfigure.security.servlet.UserDetailsServiceAutoConfiguration, org.springframework.boot.test.autoconfigure.web.servlet.MockMvcSecurityConfiguration]], org.springframework.boot.test.context.filter.ExcludeFilterContextCustomizer@56c1c5ad, org.springframework.boot.test.json.DuplicateJsonObjectContextCustomizerFactory$DuplicateJsonObjectContextCustomizer@5ecbaedb, org.springframework.boot.test.mock.mockito.MockitoContextCustomizer@a7aa6efd], resourceBasePath = 'src/main/webapp', contextLoader = 'org.springframework.boot.test.context.SpringBootContextLoader', parent = [null]], attributes = map[[empty]]], class annotated with @DirtiesContext [false] with mode [null].
21:19:42.212 [Test worker] DEBUG org.springframework.test.annotation.ProfileValueUtils - Retrieved @ProfileValueSourceConfiguration [null] for test class [com.reservationsystem.interfaces.ReservationControllerTest]
21:19:42.213 [Test worker] DEBUG org.springframework.test.annotation.ProfileValueUtils - Retrieved ProfileValueSource type [class org.springframework.test.annotation.SystemProfileValueSource] for class [com.reservationsystem.interfaces.ReservationControllerTest]
21:19:42.406 [Test worker] DEBUG org.springframework.test.context.support.TestPropertySourceUtils - Adding inlined properties to environment: {spring.jmx.enabled=false, org.springframework.boot.test.autoconfigure.web.servlet.WebMvcTestContextBootstrapper=true, server.port=-1}

  .   ____          _            __ _ _
 /\\ / ___'_ __ _ _(_)_ __  __ _ \ \ \ \
( ( )\___ | '_ | '_| | '_ \/ _` | \ \ \ \
 \\/  ___)| |_)| | | | | || (_| |  ) ) ) )
  '  |____| .__|_| |_|_| |_\__, | / / / /
 =========|_|==============|___/=/_/_/_/
 :: Spring Boot ::        (v2.2.1.RELEASE)

2021-04-12 21:19:43.008  INFO 13188 --- [    Test worker] c.r.i.ReservationControllerTest          : Starting ReservationControllerTest on DESKTOP-R7AB2GV with PID 13188 (started by JAESEUNG in C:\Users\JAESEUNG\IdeaProjects\reservating_system\eatgo-customer-api)
2021-04-12 21:19:43.013  INFO 13188 --- [    Test worker] c.r.i.ReservationControllerTest          : No active profile set, falling back to default profiles: default
2021-04-12 21:19:45.428  INFO 13188 --- [    Test worker] .s.s.UserDetailsServiceAutoConfiguration : 

Using generated security password: 368527f6-b01b-406d-a285-55df1aacc97b

2021-04-12 21:19:45.726  INFO 13188 --- [    Test worker] o.s.s.web.DefaultSecurityFilterChain     : Creating filter chain: any request, [org.springframework.security.web.context.request.async.WebAsyncManagerIntegrationFilter@4c4461f3, org.springframework.security.web.context.SecurityContextPersistenceFilter@3dc6bfe2, org.springframework.security.web.header.HeaderWriterFilter@71dc052d, org.springframework.security.web.authentication.logout.LogoutFilter@662c5bcf, com.reservationsystem.filter.JwtAuthenticationFilter@2ce75166, org.springframework.security.web.savedrequest.RequestCacheAwareFilter@a78638a, org.springframework.security.web.servletapi.SecurityContextHolderAwareRequestFilter@41f89d8e, org.springframework.security.web.authentication.AnonymousAuthenticationFilter@937a5ad, org.springframework.security.web.session.SessionManagementFilter@78a0951a, org.springframework.security.web.access.ExceptionTranslationFilter@291569c6]
2021-04-12 21:19:46.244  INFO 13188 --- [    Test worker] o.s.s.concurrent.ThreadPoolTaskExecutor  : Initializing ExecutorService 'applicationTaskExecutor'
2021-04-12 21:19:46.702  INFO 13188 --- [    Test worker] o.s.b.t.m.w.SpringBootMockServletContext : Initializing Spring TestDispatcherServlet ''
2021-04-12 21:19:46.703  INFO 13188 --- [    Test worker] o.s.t.web.servlet.TestDispatcherServlet  : Initializing Servlet ''
2021-04-12 21:19:46.727  INFO 13188 --- [    Test worker] o.s.t.web.servlet.TestDispatcherServlet  : Completed initialization in 24 ms
2021-04-12 21:19:46.780  INFO 13188 --- [    Test worker] c.r.i.ReservationControllerTest          : Started ReservationControllerTest in 4.36 seconds (JVM running for 6.61)
]]></system-out>
  <system-err><![CDATA[]]></system-err>
</testsuite>
