<?xml version="1.0" encoding="UTF-8"?>
<testsuite name="com.reservationsystem.interfaces.ReservationControllerTest" tests="1" skipped="0" failures="0" errors="0" timestamp="2021-04-12T11:33:41" hostname="DESKTOP-R7AB2GV" time="0.211">
  <properties/>
  <testcase name="create" classname="com.reservationsystem.interfaces.ReservationControllerTest" time="0.211"/>
  <system-out><![CDATA[20:33:37.043 [Test worker] DEBUG org.springframework.test.annotation.ProfileValueUtils - Retrieved @ProfileValueSourceConfiguration [null] for test class [com.reservationsystem.interfaces.ReservationControllerTest]
20:33:37.043 [Test worker] DEBUG org.springframework.test.annotation.ProfileValueUtils - Retrieved ProfileValueSource type [class org.springframework.test.annotation.SystemProfileValueSource] for class [com.reservationsystem.interfaces.ReservationControllerTest]
20:33:37.044 [Test worker] DEBUG org.springframework.test.annotation.ProfileValueUtils - Retrieved @ProfileValueSourceConfiguration [null] for test class [com.reservationsystem.interfaces.ReservationControllerTest]
20:33:37.044 [Test worker] DEBUG org.springframework.test.annotation.ProfileValueUtils - Retrieved ProfileValueSource type [class org.springframework.test.annotation.SystemProfileValueSource] for class [com.reservationsystem.interfaces.ReservationControllerTest]
20:33:37.050 [Test worker] DEBUG org.springframework.test.context.support.AbstractDirtiesContextTestExecutionListener - Before test class: context [DefaultTestContext@a2ee47 testClass = ReservationControllerTest, testInstance = [null], testMethod = [null], testException = [null], mergedContextConfiguration = [WebMergedContextConfiguration@4b5ba92d testClass = ReservationControllerTest, locations = '{}', classes = '{class com.reservationsystem.EatgoCustomerApiApplication}', contextInitializerClasses = '[]', activeProfiles = '{}', propertySourceLocations = '{}', propertySourceProperties = '{org.springframework.boot.test.autoconfigure.web.servlet.WebMvcTestContextBootstrapper=true}', contextCustomizers = set[org.springframework.boot.test.autoconfigure.OverrideAutoConfigurationContextCustomizerFactory$DisableAutoConfigurationContextCustomizer@c1a59d5, org.springframework.boot.test.autoconfigure.filter.TypeExcludeFiltersContextCustomizer@4e3c1bb4, org.springframework.boot.test.autoconfigure.properties.PropertyMappingContextCustomizer@eea668ce, org.springframework.boot.test.autoconfigure.web.servlet.WebDriverContextCustomizerFactory$Customizer@2c161206, [ImportsContextCustomizer@599c63fb key = [org.springframework.boot.autoconfigure.cache.CacheAutoConfiguration, org.springframework.boot.autoconfigure.context.MessageSourceAutoConfiguration, org.springframework.boot.autoconfigure.data.web.SpringDataWebAutoConfiguration, org.springframework.boot.autoconfigure.freemarker.FreeMarkerAutoConfiguration, org.springframework.boot.autoconfigure.groovy.template.GroovyTemplateAutoConfiguration, org.springframework.boot.autoconfigure.gson.GsonAutoConfiguration, org.springframework.boot.autoconfigure.hateoas.HypermediaAutoConfiguration, org.springframework.boot.autoconfigure.http.HttpMessageConvertersAutoConfiguration, org.springframework.boot.autoconfigure.jackson.JacksonAutoConfiguration, org.springframework.boot.autoconfigure.jsonb.JsonbAutoConfiguration, org.springframework.boot.autoconfigure.mustache.MustacheAutoConfiguration, org.springframework.boot.autoconfigure.task.TaskExecutionAutoConfiguration, org.springframework.boot.autoconfigure.thymeleaf.ThymeleafAutoConfiguration, org.springframework.boot.autoconfigure.validation.ValidationAutoConfiguration, org.springframework.boot.autoconfigure.web.servlet.error.ErrorMvcAutoConfiguration, org.springframework.boot.autoconfigure.web.servlet.WebMvcAutoConfiguration, org.springframework.boot.test.autoconfigure.web.servlet.MockMvcAutoConfiguration, org.springframework.boot.test.autoconfigure.web.servlet.MockMvcWebClientAutoConfiguration, org.springframework.boot.test.autoconfigure.web.servlet.MockMvcWebDriverAutoConfiguration, org.springframework.boot.autoconfigure.security.servlet.SecurityAutoConfiguration, org.springframework.boot.autoconfigure.security.servlet.UserDetailsServiceAutoConfiguration, org.springframework.boot.test.autoconfigure.web.servlet.MockMvcSecurityConfiguration]], org.springframework.boot.test.context.filter.ExcludeFilterContextCustomizer@56c1c5ad, org.springframework.boot.test.json.DuplicateJsonObjectContextCustomizerFactory$DuplicateJsonObjectContextCustomizer@5ecbaedb, org.springframework.boot.test.mock.mockito.MockitoContextCustomizer@a7aa6efd], resourceBasePath = 'src/main/webapp', contextLoader = 'org.springframework.boot.test.context.SpringBootContextLoader', parent = [null]], attributes = map[[empty]]], class annotated with @DirtiesContext [false] with mode [null].
20:33:37.054 [Test worker] DEBUG org.springframework.test.annotation.ProfileValueUtils - Retrieved @ProfileValueSourceConfiguration [null] for test class [com.reservationsystem.interfaces.ReservationControllerTest]
20:33:37.055 [Test worker] DEBUG org.springframework.test.annotation.ProfileValueUtils - Retrieved ProfileValueSource type [class org.springframework.test.annotation.SystemProfileValueSource] for class [com.reservationsystem.interfaces.ReservationControllerTest]
20:33:37.217 [Test worker] DEBUG org.springframework.test.context.support.TestPropertySourceUtils - Adding inlined properties to environment: {spring.jmx.enabled=false, org.springframework.boot.test.autoconfigure.web.servlet.WebMvcTestContextBootstrapper=true, server.port=-1}

  .   ____          _            __ _ _
 /\\ / ___'_ __ _ _(_)_ __  __ _ \ \ \ \
( ( )\___ | '_ | '_| | '_ \/ _` | \ \ \ \
 \\/  ___)| |_)| | | | | || (_| |  ) ) ) )
  '  |____| .__|_| |_|_| |_\__, | / / / /
 =========|_|==============|___/=/_/_/_/
 :: Spring Boot ::        (v2.2.1.RELEASE)

2021-04-12 20:33:37.787  INFO 16160 --- [    Test worker] c.r.i.ReservationControllerTest          : Starting ReservationControllerTest on DESKTOP-R7AB2GV with PID 16160 (started by JAESEUNG in C:\Users\JAESEUNG\IdeaProjects\reservating_system\eatgo-customer-api)
2021-04-12 20:33:37.792  INFO 16160 --- [    Test worker] c.r.i.ReservationControllerTest          : No active profile set, falling back to default profiles: default
2021-04-12 20:33:40.043  INFO 16160 --- [    Test worker] .s.s.UserDetailsServiceAutoConfiguration : 

Using generated security password: 55f9323a-b146-45ef-95a5-cbe10a40021e

2021-04-12 20:33:40.322  INFO 16160 --- [    Test worker] o.s.s.web.DefaultSecurityFilterChain     : Creating filter chain: any request, [org.springframework.security.web.context.request.async.WebAsyncManagerIntegrationFilter@53a15912, org.springframework.security.web.context.SecurityContextPersistenceFilter@7534c900, org.springframework.security.web.header.HeaderWriterFilter@159f1153, org.springframework.security.web.authentication.logout.LogoutFilter@3ecf628b, com.reservationsystem.filter.JwtAuthenticationFilter@73fea687, org.springframework.security.web.savedrequest.RequestCacheAwareFilter@3e012fdb, org.springframework.security.web.servletapi.SecurityContextHolderAwareRequestFilter@12e15339, org.springframework.security.web.authentication.AnonymousAuthenticationFilter@64f59ff, org.springframework.security.web.session.SessionManagementFilter@4770b6ad, org.springframework.security.web.access.ExceptionTranslationFilter@22d60899]
2021-04-12 20:33:40.878  INFO 16160 --- [    Test worker] o.s.s.concurrent.ThreadPoolTaskExecutor  : Initializing ExecutorService 'applicationTaskExecutor'
2021-04-12 20:33:41.302  INFO 16160 --- [    Test worker] o.s.b.t.m.w.SpringBootMockServletContext : Initializing Spring TestDispatcherServlet ''
2021-04-12 20:33:41.302  INFO 16160 --- [    Test worker] o.s.t.web.servlet.TestDispatcherServlet  : Initializing Servlet ''
2021-04-12 20:33:41.326  INFO 16160 --- [    Test worker] o.s.t.web.servlet.TestDispatcherServlet  : Completed initialization in 24 ms
2021-04-12 20:33:41.384  INFO 16160 --- [    Test worker] c.r.i.ReservationControllerTest          : Started ReservationControllerTest in 4.152 seconds (JVM running for 6.141)
]]></system-out>
  <system-err><![CDATA[]]></system-err>
</testsuite>
