<?xml version="1.0" encoding="UTF-8"?>
<testsuite name="com.reservationsystem.application.ReviewServiceTest" tests="1" skipped="0" failures="0" errors="0" timestamp="2021-03-11T06:41:59" hostname="DESKTOP-R7AB2GV" time="0.002">
  <properties/>
  <testcase name="addReview" classname="com.reservationsystem.application.ReviewServiceTest" time="0.002"/>
  <system-out><![CDATA[]]></system-out>
  <system-err><![CDATA[]]></system-err>
</testsuite>
