<?xml version="1.0" encoding="UTF-8"?>
<testsuite name="com.reservationsystem.interfaces.UserControllerTest" tests="1" skipped="0" failures="0" errors="0" timestamp="2021-03-31T15:35:54" hostname="DESKTOP-R7AB2GV" time="0.011">
  <properties/>
  <testcase name="create" classname="com.reservationsystem.interfaces.UserControllerTest" time="0.011"/>
  <system-out><![CDATA[
  .   ____          _            __ _ _
 /\\ / ___'_ __ _ _(_)_ __  __ _ \ \ \ \
( ( )\___ | '_ | '_| | '_ \/ _` | \ \ \ \
 \\/  ___)| |_)| | | | | || (_| |  ) ) ) )
  '  |____| .__|_| |_|_| |_\__, | / / / /
 =========|_|==============|___/=/_/_/_/
 :: Spring Boot ::        (v2.2.1.RELEASE)

2021-04-01 00:35:53.278  INFO 12664 --- [    Test worker] c.r.interfaces.UserControllerTest        : Starting UserControllerTest on DESKTOP-R7AB2GV with PID 12664 (started by JAESEUNG in C:\Users\JAESEUNG\IdeaProjects\reservating_system\eatgo-customer-api)
2021-04-01 00:35:53.279  INFO 12664 --- [    Test worker] c.r.interfaces.UserControllerTest        : No active profile set, falling back to default profiles: default
2021-04-01 00:35:53.932  INFO 12664 --- [    Test worker] .s.s.UserDetailsServiceAutoConfiguration : 

Using generated security password: a8e81106-be48-4f0d-9b0c-e550ae6d096b

2021-04-01 00:35:54.066  INFO 12664 --- [    Test worker] o.s.s.web.DefaultSecurityFilterChain     : Creating filter chain: any request, [org.springframework.security.web.context.request.async.WebAsyncManagerIntegrationFilter@4722e213, org.springframework.security.web.context.SecurityContextPersistenceFilter@5fe6fafa, org.springframework.security.web.header.HeaderWriterFilter@405a07ea, org.springframework.security.web.authentication.logout.LogoutFilter@622c201, org.springframework.security.web.savedrequest.RequestCacheAwareFilter@230c49a7, org.springframework.security.web.servletapi.SecurityContextHolderAwareRequestFilter@33797f7b, org.springframework.security.web.authentication.AnonymousAuthenticationFilter@3f58df2b, org.springframework.security.web.session.SessionManagementFilter@3ccc2268, org.springframework.security.web.access.ExceptionTranslationFilter@6e22568f]
2021-04-01 00:35:54.310  INFO 12664 --- [    Test worker] o.s.s.concurrent.ThreadPoolTaskExecutor  : Initializing ExecutorService 'applicationTaskExecutor'
2021-04-01 00:35:54.518  INFO 12664 --- [    Test worker] o.s.b.t.m.w.SpringBootMockServletContext : Initializing Spring TestDispatcherServlet ''
2021-04-01 00:35:54.519  INFO 12664 --- [    Test worker] o.s.t.web.servlet.TestDispatcherServlet  : Initializing Servlet ''
2021-04-01 00:35:54.528  INFO 12664 --- [    Test worker] o.s.t.web.servlet.TestDispatcherServlet  : Completed initialization in 9 ms
2021-04-01 00:35:54.546  INFO 12664 --- [    Test worker] c.r.interfaces.UserControllerTest        : Started UserControllerTest in 1.326 seconds (JVM running for 16.804)
]]></system-out>
  <system-err><![CDATA[]]></system-err>
</testsuite>
