<?xml version="1.0" encoding="UTF-8"?>
<testsuite name="com.reservationsystem.interfaces.RestaurantControllerTest" tests="3" skipped="0" failures="0" errors="0" timestamp="2021-03-11T06:42:05" hostname="DESKTOP-R7AB2GV" time="0.212">
  <properties/>
  <testcase name="list" classname="com.reservationsystem.interfaces.RestaurantControllerTest" time="0.157"/>
  <testcase name="detailWithNotExisted" classname="com.reservationsystem.interfaces.RestaurantControllerTest" time="0.031"/>
  <testcase name="detailWithExisted" classname="com.reservationsystem.interfaces.RestaurantControllerTest" time="0.019"/>
  <system-out><![CDATA[
  .   ____          _            __ _ _
 /\\ / ___'_ __ _ _(_)_ __  __ _ \ \ \ \
( ( )\___ | '_ | '_| | '_ \/ _` | \ \ \ \
 \\/  ___)| |_)| | | | | || (_| |  ) ) ) )
  '  |____| .__|_| |_|_| |_\__, | / / / /
 =========|_|==============|___/=/_/_/_/
 :: Spring Boot ::        (v2.2.1.RELEASE)

2021-03-11 15:42:05.092  INFO 11144 --- [    Test worker] c.r.interfaces.RestaurantControllerTest  : Starting RestaurantControllerTest on DESKTOP-R7AB2GV with PID 11144 (started by JAESEUNG in C:\Users\JAESEUNG\IdeaProjects\reservating_system\eatgo-customer-api)
2021-03-11 15:42:05.093  INFO 11144 --- [    Test worker] c.r.interfaces.RestaurantControllerTest  : No active profile set, falling back to default profiles: default
2021-03-11 15:42:05.656  INFO 11144 --- [    Test worker] o.s.s.concurrent.ThreadPoolTaskExecutor  : Initializing ExecutorService 'applicationTaskExecutor'
2021-03-11 15:42:05.897  INFO 11144 --- [    Test worker] o.s.b.t.m.w.SpringBootMockServletContext : Initializing Spring TestDispatcherServlet ''
2021-03-11 15:42:05.898  INFO 11144 --- [    Test worker] o.s.t.web.servlet.TestDispatcherServlet  : Initializing Servlet ''
2021-03-11 15:42:05.918  INFO 11144 --- [    Test worker] o.s.t.web.servlet.TestDispatcherServlet  : Completed initialization in 20 ms
2021-03-11 15:42:05.941  INFO 11144 --- [    Test worker] c.r.interfaces.RestaurantControllerTest  : Started RestaurantControllerTest in 0.9 seconds (JVM running for 9.355)
]]></system-out>
  <system-err><![CDATA[]]></system-err>
</testsuite>
