<?xml version="1.0" encoding="UTF-8"?>
<testsuite name="com.reservationsystem.interfaces.RestaurantControllerTest" tests="3" skipped="0" failures="0" errors="0" timestamp="2021-07-17T15:16:57" hostname="DESKTOP-R7AB2GV" time="0.042">
  <properties/>
  <testcase name="list" classname="com.reservationsystem.interfaces.RestaurantControllerTest" time="0.019"/>
  <testcase name="detailWithNotExisted" classname="com.reservationsystem.interfaces.RestaurantControllerTest" time="0.011"/>
  <testcase name="detailWithExisted" classname="com.reservationsystem.interfaces.RestaurantControllerTest" time="0.009"/>
  <system-out><![CDATA[
  .   ____          _            __ _ _
 /\\ / ___'_ __ _ _(_)_ __  __ _ \ \ \ \
( ( )\___ | '_ | '_| | '_ \/ _` | \ \ \ \
 \\/  ___)| |_)| | | | | || (_| |  ) ) ) )
  '  |____| .__|_| |_|_| |_\__, | / / / /
 =========|_|==============|___/=/_/_/_/
 :: Spring Boot ::        (v2.2.1.RELEASE)

2021-07-18 00:16:57.205  INFO 13748 --- [    Test worker] c.r.interfaces.RestaurantControllerTest  : Starting RestaurantControllerTest on DESKTOP-R7AB2GV with PID 13748 (started by JAESEUNG in C:\Users\JAESEUNG\IdeaProjects\Restaurant_System\eatgo-customer-api)
2021-07-18 00:16:57.207  INFO 13748 --- [    Test worker] c.r.interfaces.RestaurantControllerTest  : No active profile set, falling back to default profiles: default
2021-07-18 00:16:57.508  INFO 13748 --- [    Test worker] .s.s.UserDetailsServiceAutoConfiguration : 

Using generated security password: a8eddec1-835f-48a9-98f5-610ff60dd66c

2021-07-18 00:16:57.576  INFO 13748 --- [    Test worker] o.s.s.web.DefaultSecurityFilterChain     : Creating filter chain: any request, [org.springframework.security.web.context.request.async.WebAsyncManagerIntegrationFilter@39aa69c6, org.springframework.security.web.context.SecurityContextPersistenceFilter@7ff78a11, org.springframework.security.web.header.HeaderWriterFilter@1484f770, org.springframework.security.web.authentication.logout.LogoutFilter@cb9ab51, com.reservationsystem.filter.JwtAuthenticationFilter@5ddfadaa, org.springframework.security.web.savedrequest.RequestCacheAwareFilter@7b49cde5, org.springframework.security.web.servletapi.SecurityContextHolderAwareRequestFilter@48458a8b, org.springframework.security.web.authentication.AnonymousAuthenticationFilter@7a981977, org.springframework.security.web.session.SessionManagementFilter@170203b1, org.springframework.security.web.access.ExceptionTranslationFilter@6d2d32f8]
2021-07-18 00:16:57.727  INFO 13748 --- [    Test worker] o.s.s.concurrent.ThreadPoolTaskExecutor  : Initializing ExecutorService 'applicationTaskExecutor'
2021-07-18 00:16:57.878  INFO 13748 --- [    Test worker] o.s.b.t.m.w.SpringBootMockServletContext : Initializing Spring TestDispatcherServlet ''
2021-07-18 00:16:57.878  INFO 13748 --- [    Test worker] o.s.t.web.servlet.TestDispatcherServlet  : Initializing Servlet ''
2021-07-18 00:16:57.888  INFO 13748 --- [    Test worker] o.s.t.web.servlet.TestDispatcherServlet  : Completed initialization in 10 ms
2021-07-18 00:16:57.903  INFO 13748 --- [    Test worker] c.r.interfaces.RestaurantControllerTest  : Started RestaurantControllerTest in 0.733 seconds (JVM running for 7.453)
]]></system-out>
  <system-err><![CDATA[]]></system-err>
</testsuite>
