<?xml version="1.0" encoding="UTF-8"?>
<testsuite name="com.reservationsystem.interfaces.ReviewControllerTest" tests="2" skipped="0" failures="0" errors="0" timestamp="2021-04-22T00:42:49" hostname="DESKTOP-R7AB2GV" time="0.066">
  <properties/>
  <testcase name="createWithValidAttriutes()" classname="com.reservationsystem.interfaces.ReviewControllerTest" time="0.033"/>
  <testcase name="createWithInvalidAttriutes()" classname="com.reservationsystem.interfaces.ReviewControllerTest" time="0.031"/>
  <system-out><![CDATA[2021-04-22 09:42:48.138  INFO 18260 --- [    Test worker] .b.t.a.w.s.WebMvcTestContextBootstrapper : Neither @ContextConfiguration nor @ContextHierarchy found for test class [com.reservationsystem.interfaces.ReviewControllerTest], using SpringBootContextLoader
2021-04-22 09:42:48.140  INFO 18260 --- [    Test worker] o.s.t.c.support.AbstractContextLoader    : Could not detect default resource locations for test class [com.reservationsystem.interfaces.ReviewControllerTest]: no resource found for suffixes {-context.xml, Context.groovy}.
2021-04-22 09:42:48.140  INFO 18260 --- [    Test worker] t.c.s.AnnotationConfigContextLoaderUtils : Could not detect default configuration classes for test class [com.reservationsystem.interfaces.ReviewControllerTest]: ReviewControllerTest does not declare any static, non-private, non-final, nested classes annotated with @Configuration.
2021-04-22 09:42:48.147  INFO 18260 --- [    Test worker] .b.t.c.SpringBootTestContextBootstrapper : Found @SpringBootConfiguration com.reservationsystem.EatgoCustomerApiApplication for test class com.reservationsystem.interfaces.ReviewControllerTest
2021-04-22 09:42:48.148  INFO 18260 --- [    Test worker] .b.t.a.w.s.WebMvcTestContextBootstrapper : Loaded default TestExecutionListener class names from location [META-INF/spring.factories]: [org.springframework.boot.test.autoconfigure.restdocs.RestDocsTestExecutionListener, org.springframework.boot.test.autoconfigure.web.client.MockRestServiceServerResetTestExecutionListener, org.springframework.boot.test.autoconfigure.web.servlet.MockMvcPrintOnlyOnFailureTestExecutionListener, org.springframework.boot.test.autoconfigure.web.servlet.WebDriverTestExecutionListener, org.springframework.boot.test.mock.mockito.MockitoTestExecutionListener, org.springframework.boot.test.mock.mockito.ResetMocksTestExecutionListener, org.springframework.test.context.web.ServletTestExecutionListener, org.springframework.test.context.support.DirtiesContextBeforeModesTestExecutionListener, org.springframework.test.context.support.DependencyInjectionTestExecutionListener, org.springframework.test.context.support.DirtiesContextTestExecutionListener, org.springframework.test.context.transaction.TransactionalTestExecutionListener, org.springframework.test.context.jdbc.SqlScriptsTestExecutionListener, org.springframework.test.context.event.EventPublishingTestExecutionListener]
2021-04-22 09:42:48.148  INFO 18260 --- [    Test worker] .b.t.a.w.s.WebMvcTestContextBootstrapper : Using TestExecutionListeners: [org.springframework.test.context.web.ServletTestExecutionListener@1d0e7ed4, org.springframework.test.context.support.DirtiesContextBeforeModesTestExecutionListener@ca13bbe, org.springframework.boot.test.mock.mockito.MockitoTestExecutionListener@549be149, org.springframework.boot.test.autoconfigure.SpringBootDependencyInjectionTestExecutionListener@289487a4, org.springframework.test.context.support.DirtiesContextTestExecutionListener@4602b4bc, org.springframework.test.context.transaction.TransactionalTestExecutionListener@43fb1b09, org.springframework.test.context.jdbc.SqlScriptsTestExecutionListener@48e12b96, org.springframework.test.context.event.EventPublishingTestExecutionListener@44443c89, org.springframework.boot.test.autoconfigure.restdocs.RestDocsTestExecutionListener@1730d7e9, org.springframework.boot.test.autoconfigure.web.client.MockRestServiceServerResetTestExecutionListener@c88a555, org.springframework.boot.test.autoconfigure.web.servlet.MockMvcPrintOnlyOnFailureTestExecutionListener@4df492c9, org.springframework.boot.test.autoconfigure.web.servlet.WebDriverTestExecutionListener@28b14f8a, org.springframework.boot.test.mock.mockito.ResetMocksTestExecutionListener@39af4aea]

  .   ____          _            __ _ _
 /\\ / ___'_ __ _ _(_)_ __  __ _ \ \ \ \
( ( )\___ | '_ | '_| | '_ \/ _` | \ \ \ \
 \\/  ___)| |_)| | | | | || (_| |  ) ) ) )
  '  |____| .__|_| |_|_| |_\__, | / / / /
 =========|_|==============|___/=/_/_/_/
 :: Spring Boot ::        (v2.2.1.RELEASE)

2021-04-22 09:42:48.214  INFO 18260 --- [    Test worker] c.r.interfaces.ReviewControllerTest      : Starting ReviewControllerTest on DESKTOP-R7AB2GV with PID 18260 (started by JAESEUNG in C:\Users\JAESEUNG\IdeaProjects\reservation_system\eatgo-customer-api)
2021-04-22 09:42:48.215  INFO 18260 --- [    Test worker] c.r.interfaces.ReviewControllerTest      : No active profile set, falling back to default profiles: default
2021-04-22 09:42:48.632  INFO 18260 --- [    Test worker] .s.s.UserDetailsServiceAutoConfiguration : 

Using generated security password: 4555b1e1-d0b8-4695-88e7-06640b20b67a

2021-04-22 09:42:48.722  INFO 18260 --- [    Test worker] o.s.s.web.DefaultSecurityFilterChain     : Creating filter chain: any request, [org.springframework.security.web.context.request.async.WebAsyncManagerIntegrationFilter@481add0e, org.springframework.security.web.context.SecurityContextPersistenceFilter@5e74475f, org.springframework.security.web.header.HeaderWriterFilter@7af24c7c, org.springframework.security.web.authentication.logout.LogoutFilter@68762bf8, com.reservationsystem.filter.JwtAuthenticationFilter@4956b17c, org.springframework.security.web.savedrequest.RequestCacheAwareFilter@1636cf4f, org.springframework.security.web.servletapi.SecurityContextHolderAwareRequestFilter@7e4fe059, org.springframework.security.web.authentication.AnonymousAuthenticationFilter@7b64f01e, org.springframework.security.web.session.SessionManagementFilter@75d3f656, org.springframework.security.web.access.ExceptionTranslationFilter@6d04b1d7]
2021-04-22 09:42:48.912  INFO 18260 --- [    Test worker] o.s.s.concurrent.ThreadPoolTaskExecutor  : Initializing ExecutorService 'applicationTaskExecutor'
2021-04-22 09:42:49.109  INFO 18260 --- [    Test worker] o.s.b.t.m.w.SpringBootMockServletContext : Initializing Spring TestDispatcherServlet ''
2021-04-22 09:42:49.110  INFO 18260 --- [    Test worker] o.s.t.web.servlet.TestDispatcherServlet  : Initializing Servlet ''
2021-04-22 09:42:49.119  INFO 18260 --- [    Test worker] o.s.t.web.servlet.TestDispatcherServlet  : Completed initialization in 9 ms
2021-04-22 09:42:49.137  INFO 18260 --- [    Test worker] c.r.interfaces.ReviewControllerTest      : Started ReviewControllerTest in 0.974 seconds (JVM running for 14.24)
2021-04-22 09:42:49.204  WARN 18260 --- [    Test worker] .w.s.m.s.DefaultHandlerExceptionResolver : Resolved [org.springframework.web.bind.MethodArgumentNotValidException: Validation failed for argument [2] in public org.springframework.http.ResponseEntity<?> com.reservationsystem.interfaces.ReviewController.create(org.springframework.security.core.Authentication,java.lang.Long,com.reservationsystem.domain.Review) throws java.net.URISyntaxException with 2 errors: [Field error in object 'review' on field 'description': rejected value [null]; codes [NotEmpty.review.description,NotEmpty.description,NotEmpty.java.lang.String,NotEmpty]; arguments [org.springframework.context.support.DefaultMessageSourceResolvable: codes [review.description,description]; arguments []; default message [description]]; default message [must not be empty]] [Field error in object 'review' on field 'score': rejected value [null]; codes [NotNull.review.score,NotNull.score,NotNull.java.lang.Integer,NotNull]; arguments [org.springframework.context.support.DefaultMessageSourceResolvable: codes [review.score,score]; arguments []; default message [score]]; default message [must not be null]] ]
]]></system-out>
  <system-err><![CDATA[]]></system-err>
</testsuite>
