<?xml version="1.0" encoding="UTF-8"?>
<testsuite name="com.reservationsystem.application.CategoryServiceTest" tests="1" skipped="0" failures="0" errors="0" timestamp="2021-07-17T15:16:42" hostname="DESKTOP-R7AB2GV" time="0.576">
  <properties/>
  <testcase name="getCategory" classname="com.reservationsystem.application.CategoryServiceTest" time="0.576"/>
  <system-out><![CDATA[]]></system-out>
  <system-err><![CDATA[]]></system-err>
</testsuite>
