<?xml version="1.0" encoding="UTF-8"?>
<testsuite name="com.reservationsystem.interfaces.RegionControllerTest" tests="2" skipped="0" failures="0" errors="0" timestamp="2021-04-12T13:14:12" hostname="DESKTOP-R7AB2GV" time="0.033">
  <properties/>
  <testcase name="create" classname="com.reservationsystem.interfaces.RegionControllerTest" time="0.017"/>
  <testcase name="list" classname="com.reservationsystem.interfaces.RegionControllerTest" time="0.014"/>
  <system-out><![CDATA[2021-04-12 22:14:11.851  INFO 6896 --- [    Test worker] .b.t.a.w.s.WebMvcTestContextBootstrapper : Neither @ContextConfiguration nor @ContextHierarchy found for test class [com.reservationsystem.interfaces.RegionControllerTest], using SpringBootContextLoader
2021-04-12 22:14:11.853  INFO 6896 --- [    Test worker] o.s.t.c.support.AbstractContextLoader    : Could not detect default resource locations for test class [com.reservationsystem.interfaces.RegionControllerTest]: no resource found for suffixes {-context.xml, Context.groovy}.
2021-04-12 22:14:11.854  INFO 6896 --- [    Test worker] t.c.s.AnnotationConfigContextLoaderUtils : Could not detect default configuration classes for test class [com.reservationsystem.interfaces.RegionControllerTest]: RegionControllerTest does not declare any static, non-private, non-final, nested classes annotated with @Configuration.
2021-04-12 22:14:11.861  INFO 6896 --- [    Test worker] .b.t.c.SpringBootTestContextBootstrapper : Found @SpringBootConfiguration com.reservationsystem.EatgoAdminApiApplication for test class com.reservationsystem.interfaces.RegionControllerTest
2021-04-12 22:14:11.863  INFO 6896 --- [    Test worker] .b.t.a.w.s.WebMvcTestContextBootstrapper : Loaded default TestExecutionListener class names from location [META-INF/spring.factories]: [org.springframework.boot.test.autoconfigure.restdocs.RestDocsTestExecutionListener, org.springframework.boot.test.autoconfigure.web.client.MockRestServiceServerResetTestExecutionListener, org.springframework.boot.test.autoconfigure.web.servlet.MockMvcPrintOnlyOnFailureTestExecutionListener, org.springframework.boot.test.autoconfigure.web.servlet.WebDriverTestExecutionListener, org.springframework.boot.test.mock.mockito.MockitoTestExecutionListener, org.springframework.boot.test.mock.mockito.ResetMocksTestExecutionListener, org.springframework.test.context.web.ServletTestExecutionListener, org.springframework.test.context.support.DirtiesContextBeforeModesTestExecutionListener, org.springframework.test.context.support.DependencyInjectionTestExecutionListener, org.springframework.test.context.support.DirtiesContextTestExecutionListener, org.springframework.test.context.transaction.TransactionalTestExecutionListener, org.springframework.test.context.jdbc.SqlScriptsTestExecutionListener, org.springframework.test.context.event.EventPublishingTestExecutionListener]
2021-04-12 22:14:11.863  INFO 6896 --- [    Test worker] .b.t.a.w.s.WebMvcTestContextBootstrapper : Using TestExecutionListeners: [org.springframework.test.context.web.ServletTestExecutionListener@6c572aab, org.springframework.test.context.support.DirtiesContextBeforeModesTestExecutionListener@5bc54095, org.springframework.boot.test.mock.mockito.MockitoTestExecutionListener@65e4dfed, org.springframework.boot.test.autoconfigure.SpringBootDependencyInjectionTestExecutionListener@21807867, org.springframework.test.context.support.DirtiesContextTestExecutionListener@74570c8e, org.springframework.test.context.transaction.TransactionalTestExecutionListener@5e73b79, org.springframework.test.context.jdbc.SqlScriptsTestExecutionListener@463f879f, org.springframework.test.context.event.EventPublishingTestExecutionListener@645e8c7f, org.springframework.boot.test.autoconfigure.restdocs.RestDocsTestExecutionListener@2821cf06, org.springframework.boot.test.autoconfigure.web.client.MockRestServiceServerResetTestExecutionListener@14a10588, org.springframework.boot.test.autoconfigure.web.servlet.MockMvcPrintOnlyOnFailureTestExecutionListener@2e186bfc, org.springframework.boot.test.autoconfigure.web.servlet.WebDriverTestExecutionListener@3eb52734, org.springframework.boot.test.mock.mockito.ResetMocksTestExecutionListener@18ca961b]

  .   ____          _            __ _ _
 /\\ / ___'_ __ _ _(_)_ __  __ _ \ \ \ \
( ( )\___ | '_ | '_| | '_ \/ _` | \ \ \ \
 \\/  ___)| |_)| | | | | || (_| |  ) ) ) )
  '  |____| .__|_| |_|_| |_\__, | / / / /
 =========|_|==============|___/=/_/_/_/
 :: Spring Boot ::        (v2.2.1.RELEASE)

2021-04-12 22:14:11.928  INFO 6896 --- [    Test worker] c.r.interfaces.RegionControllerTest      : Starting RegionControllerTest on DESKTOP-R7AB2GV with PID 6896 (started by JAESEUNG in C:\Users\JAESEUNG\IdeaProjects\reservating_system\eatgo-admin-api)
2021-04-12 22:14:11.929  INFO 6896 --- [    Test worker] c.r.interfaces.RegionControllerTest      : No active profile set, falling back to default profiles: default
2021-04-12 22:14:12.546  INFO 6896 --- [    Test worker] o.s.s.concurrent.ThreadPoolTaskExecutor  : Initializing ExecutorService 'applicationTaskExecutor'
2021-04-12 22:14:12.817  INFO 6896 --- [    Test worker] o.s.b.t.m.w.SpringBootMockServletContext : Initializing Spring TestDispatcherServlet ''
2021-04-12 22:14:12.817  INFO 6896 --- [    Test worker] o.s.t.web.servlet.TestDispatcherServlet  : Initializing Servlet ''
2021-04-12 22:14:12.833  INFO 6896 --- [    Test worker] o.s.t.web.servlet.TestDispatcherServlet  : Completed initialization in 16 ms
2021-04-12 22:14:12.859  INFO 6896 --- [    Test worker] c.r.interfaces.RegionControllerTest      : Started RegionControllerTest in 0.992 seconds (JVM running for 8.722)
]]></system-out>
  <system-err><![CDATA[]]></system-err>
</testsuite>
