<?xml version="1.0" encoding="UTF-8"?>
<testsuite name="com.reservationsystem.application.MenuItemServiceTest" tests="2" skipped="0" failures="0" errors="0" timestamp="2021-03-27T08:16:07" hostname="DESKTOP-R7AB2GV" time="0.072">
  <properties/>
  <testcase name="getMenuItems" classname="com.reservationsystem.application.MenuItemServiceTest" time="0.056"/>
  <testcase name="bulkUpdate" classname="com.reservationsystem.application.MenuItemServiceTest" time="0.015"/>
  <system-out><![CDATA[]]></system-out>
  <system-err><![CDATA[]]></system-err>
</testsuite>
