<?xml version="1.0" encoding="UTF-8"?>
<testsuite name="com.reservationsystem.interfaces.MenuItemControllerTest" tests="1" skipped="0" failures="0" errors="0" timestamp="2021-04-12T13:14:11" hostname="DESKTOP-R7AB2GV" time="0.027">
  <properties/>
  <testcase name="bulkUpdate" classname="com.reservationsystem.interfaces.MenuItemControllerTest" time="0.027"/>
  <system-out><![CDATA[2021-04-12 22:14:10.767  INFO 6896 --- [    Test worker] .b.t.a.w.s.WebMvcTestContextBootstrapper : Neither @ContextConfiguration nor @ContextHierarchy found for test class [com.reservationsystem.interfaces.MenuItemControllerTest], using SpringBootContextLoader
2021-04-12 22:14:10.768  INFO 6896 --- [    Test worker] o.s.t.c.support.AbstractContextLoader    : Could not detect default resource locations for test class [com.reservationsystem.interfaces.MenuItemControllerTest]: no resource found for suffixes {-context.xml, Context.groovy}.
2021-04-12 22:14:10.769  INFO 6896 --- [    Test worker] t.c.s.AnnotationConfigContextLoaderUtils : Could not detect default configuration classes for test class [com.reservationsystem.interfaces.MenuItemControllerTest]: MenuItemControllerTest does not declare any static, non-private, non-final, nested classes annotated with @Configuration.
2021-04-12 22:14:10.776  INFO 6896 --- [    Test worker] .b.t.c.SpringBootTestContextBootstrapper : Found @SpringBootConfiguration com.reservationsystem.EatgoAdminApiApplication for test class com.reservationsystem.interfaces.MenuItemControllerTest
2021-04-12 22:14:10.777  INFO 6896 --- [    Test worker] .b.t.a.w.s.WebMvcTestContextBootstrapper : Loaded default TestExecutionListener class names from location [META-INF/spring.factories]: [org.springframework.boot.test.autoconfigure.restdocs.RestDocsTestExecutionListener, org.springframework.boot.test.autoconfigure.web.client.MockRestServiceServerResetTestExecutionListener, org.springframework.boot.test.autoconfigure.web.servlet.MockMvcPrintOnlyOnFailureTestExecutionListener, org.springframework.boot.test.autoconfigure.web.servlet.WebDriverTestExecutionListener, org.springframework.boot.test.mock.mockito.MockitoTestExecutionListener, org.springframework.boot.test.mock.mockito.ResetMocksTestExecutionListener, org.springframework.test.context.web.ServletTestExecutionListener, org.springframework.test.context.support.DirtiesContextBeforeModesTestExecutionListener, org.springframework.test.context.support.DependencyInjectionTestExecutionListener, org.springframework.test.context.support.DirtiesContextTestExecutionListener, org.springframework.test.context.transaction.TransactionalTestExecutionListener, org.springframework.test.context.jdbc.SqlScriptsTestExecutionListener, org.springframework.test.context.event.EventPublishingTestExecutionListener]
2021-04-12 22:14:10.778  INFO 6896 --- [    Test worker] .b.t.a.w.s.WebMvcTestContextBootstrapper : Using TestExecutionListeners: [org.springframework.test.context.web.ServletTestExecutionListener@6047f733, org.springframework.test.context.support.DirtiesContextBeforeModesTestExecutionListener@603b42, org.springframework.boot.test.mock.mockito.MockitoTestExecutionListener@655fa3f, org.springframework.boot.test.autoconfigure.SpringBootDependencyInjectionTestExecutionListener@2e179373, org.springframework.test.context.support.DirtiesContextTestExecutionListener@713607ed, org.springframework.test.context.transaction.TransactionalTestExecutionListener@700d88a2, org.springframework.test.context.jdbc.SqlScriptsTestExecutionListener@59a0009e, org.springframework.test.context.event.EventPublishingTestExecutionListener@4bbe8cd2, org.springframework.boot.test.autoconfigure.restdocs.RestDocsTestExecutionListener@af6f327, org.springframework.boot.test.autoconfigure.web.client.MockRestServiceServerResetTestExecutionListener@16a23243, org.springframework.boot.test.autoconfigure.web.servlet.MockMvcPrintOnlyOnFailureTestExecutionListener@4f5f74f9, org.springframework.boot.test.autoconfigure.web.servlet.WebDriverTestExecutionListener@70b8a9dc, org.springframework.boot.test.mock.mockito.ResetMocksTestExecutionListener@4dea1327]

  .   ____          _            __ _ _
 /\\ / ___'_ __ _ _(_)_ __  __ _ \ \ \ \
( ( )\___ | '_ | '_| | '_ \/ _` | \ \ \ \
 \\/  ___)| |_)| | | | | || (_| |  ) ) ) )
  '  |____| .__|_| |_|_| |_\__, | / / / /
 =========|_|==============|___/=/_/_/_/
 :: Spring Boot ::        (v2.2.1.RELEASE)

2021-04-12 22:14:10.847  INFO 6896 --- [    Test worker] c.r.interfaces.MenuItemControllerTest    : Starting MenuItemControllerTest on DESKTOP-R7AB2GV with PID 6896 (started by JAESEUNG in C:\Users\JAESEUNG\IdeaProjects\reservating_system\eatgo-admin-api)
2021-04-12 22:14:10.848  INFO 6896 --- [    Test worker] c.r.interfaces.MenuItemControllerTest    : No active profile set, falling back to default profiles: default
2021-04-12 22:14:11.488  INFO 6896 --- [    Test worker] o.s.s.concurrent.ThreadPoolTaskExecutor  : Initializing ExecutorService 'applicationTaskExecutor'
2021-04-12 22:14:11.769  INFO 6896 --- [    Test worker] o.s.b.t.m.w.SpringBootMockServletContext : Initializing Spring TestDispatcherServlet ''
2021-04-12 22:14:11.769  INFO 6896 --- [    Test worker] o.s.t.web.servlet.TestDispatcherServlet  : Initializing Servlet ''
2021-04-12 22:14:11.789  INFO 6896 --- [    Test worker] o.s.t.web.servlet.TestDispatcherServlet  : Completed initialization in 20 ms
2021-04-12 22:14:11.814  INFO 6896 --- [    Test worker] c.r.interfaces.MenuItemControllerTest    : Started MenuItemControllerTest in 1.03 seconds (JVM running for 7.675)
]]></system-out>
  <system-err><![CDATA[]]></system-err>
</testsuite>
