<?xml version="1.0" encoding="UTF-8"?>
<testsuite name="com.reservationsystem.interfaces.UserControllerTest" tests="4" skipped="0" failures="0" errors="0" timestamp="2021-03-31T15:35:33" hostname="DESKTOP-R7AB2GV" time="0.077">
  <properties/>
  <testcase name="create" classname="com.reservationsystem.interfaces.UserControllerTest" time="0.028"/>
  <testcase name="update" classname="com.reservationsystem.interfaces.UserControllerTest" time="0.015"/>
  <testcase name="list" classname="com.reservationsystem.interfaces.UserControllerTest" time="0.018"/>
  <testcase name="delete1" classname="com.reservationsystem.interfaces.UserControllerTest" time="0.011"/>
  <system-out><![CDATA[2021-04-01 00:35:32.033  INFO 13380 --- [    Test worker] .b.t.a.w.s.WebMvcTestContextBootstrapper : Neither @ContextConfiguration nor @ContextHierarchy found for test class [com.reservationsystem.interfaces.UserControllerTest], using SpringBootContextLoader
2021-04-01 00:35:32.035  INFO 13380 --- [    Test worker] o.s.t.c.support.AbstractContextLoader    : Could not detect default resource locations for test class [com.reservationsystem.interfaces.UserControllerTest]: no resource found for suffixes {-context.xml, Context.groovy}.
2021-04-01 00:35:32.036  INFO 13380 --- [    Test worker] t.c.s.AnnotationConfigContextLoaderUtils : Could not detect default configuration classes for test class [com.reservationsystem.interfaces.UserControllerTest]: UserControllerTest does not declare any static, non-private, non-final, nested classes annotated with @Configuration.
2021-04-01 00:35:32.043  INFO 13380 --- [    Test worker] .b.t.c.SpringBootTestContextBootstrapper : Found @SpringBootConfiguration com.reservationsystem.EatgoAdminApiApplication for test class com.reservationsystem.interfaces.UserControllerTest
2021-04-01 00:35:32.044  INFO 13380 --- [    Test worker] .b.t.a.w.s.WebMvcTestContextBootstrapper : Loaded default TestExecutionListener class names from location [META-INF/spring.factories]: [org.springframework.boot.test.autoconfigure.restdocs.RestDocsTestExecutionListener, org.springframework.boot.test.autoconfigure.web.client.MockRestServiceServerResetTestExecutionListener, org.springframework.boot.test.autoconfigure.web.servlet.MockMvcPrintOnlyOnFailureTestExecutionListener, org.springframework.boot.test.autoconfigure.web.servlet.WebDriverTestExecutionListener, org.springframework.boot.test.mock.mockito.MockitoTestExecutionListener, org.springframework.boot.test.mock.mockito.ResetMocksTestExecutionListener, org.springframework.test.context.web.ServletTestExecutionListener, org.springframework.test.context.support.DirtiesContextBeforeModesTestExecutionListener, org.springframework.test.context.support.DependencyInjectionTestExecutionListener, org.springframework.test.context.support.DirtiesContextTestExecutionListener, org.springframework.test.context.transaction.TransactionalTestExecutionListener, org.springframework.test.context.jdbc.SqlScriptsTestExecutionListener, org.springframework.test.context.event.EventPublishingTestExecutionListener]
2021-04-01 00:35:32.046  INFO 13380 --- [    Test worker] .b.t.a.w.s.WebMvcTestContextBootstrapper : Using TestExecutionListeners: [org.springframework.test.context.web.ServletTestExecutionListener@114169ab, org.springframework.test.context.support.DirtiesContextBeforeModesTestExecutionListener@3c53eb17, org.springframework.boot.test.mock.mockito.MockitoTestExecutionListener@4bf213a0, org.springframework.boot.test.autoconfigure.SpringBootDependencyInjectionTestExecutionListener@4dd6fc52, org.springframework.test.context.support.DirtiesContextTestExecutionListener@5740c872, org.springframework.test.context.transaction.TransactionalTestExecutionListener@74688ade, org.springframework.test.context.jdbc.SqlScriptsTestExecutionListener@2fdce8e0, org.springframework.test.context.event.EventPublishingTestExecutionListener@5512b525, org.springframework.boot.test.autoconfigure.restdocs.RestDocsTestExecutionListener@4c0f4ad, org.springframework.boot.test.autoconfigure.web.client.MockRestServiceServerResetTestExecutionListener@344eb091, org.springframework.boot.test.autoconfigure.web.servlet.MockMvcPrintOnlyOnFailureTestExecutionListener@7c1dd510, org.springframework.boot.test.autoconfigure.web.servlet.WebDriverTestExecutionListener@3ce6fc2b, org.springframework.boot.test.mock.mockito.ResetMocksTestExecutionListener@3f800286]

  .   ____          _            __ _ _
 /\\ / ___'_ __ _ _(_)_ __  __ _ \ \ \ \
( ( )\___ | '_ | '_| | '_ \/ _` | \ \ \ \
 \\/  ___)| |_)| | | | | || (_| |  ) ) ) )
  '  |____| .__|_| |_|_| |_\__, | / / / /
 =========|_|==============|___/=/_/_/_/
 :: Spring Boot ::        (v2.2.1.RELEASE)

2021-04-01 00:35:32.115  INFO 13380 --- [    Test worker] c.r.interfaces.UserControllerTest        : Starting UserControllerTest on DESKTOP-R7AB2GV with PID 13380 (started by JAESEUNG in C:\Users\JAESEUNG\IdeaProjects\reservating_system\eatgo-admin-api)
2021-04-01 00:35:32.119  INFO 13380 --- [    Test worker] c.r.interfaces.UserControllerTest        : No active profile set, falling back to default profiles: default
2021-04-01 00:35:32.735  INFO 13380 --- [    Test worker] o.s.s.concurrent.ThreadPoolTaskExecutor  : Initializing ExecutorService 'applicationTaskExecutor'
2021-04-01 00:35:33.108  INFO 13380 --- [    Test worker] o.s.b.t.m.w.SpringBootMockServletContext : Initializing Spring TestDispatcherServlet ''
2021-04-01 00:35:33.109  INFO 13380 --- [    Test worker] o.s.t.web.servlet.TestDispatcherServlet  : Initializing Servlet ''
2021-04-01 00:35:33.142  INFO 13380 --- [    Test worker] o.s.t.web.servlet.TestDispatcherServlet  : Completed initialization in 31 ms
2021-04-01 00:35:33.186  INFO 13380 --- [    Test worker] c.r.interfaces.UserControllerTest        : Started UserControllerTest in 1.132 seconds (JVM running for 13.0)
]]></system-out>
  <system-err><![CDATA[]]></system-err>
</testsuite>
