<?xml version="1.0" encoding="UTF-8"?>
<testsuite name="com.reservationsystem.application.ReviewServiceTest" tests="2" skipped="0" failures="0" errors="0" timestamp="2021-04-15T10:33:25" hostname="DESKTOP-R7AB2GV" time="0.041">
  <properties/>
  <testcase name="addReview" classname="com.reservationsystem.application.ReviewServiceTest" time="0.039"/>
  <testcase name="getReviews" classname="com.reservationsystem.application.ReviewServiceTest" time="0.002"/>
  <system-out><![CDATA[]]></system-out>
  <system-err><![CDATA[]]></system-err>
</testsuite>
