<?xml version="1.0" encoding="UTF-8"?>
<testsuite name="com.reservationsystem.interfaces.RegionControllerTest" tests="2" skipped="0" failures="0" errors="0" timestamp="2021-04-09T05:22:12" hostname="DESKTOP-R7AB2GV" time="0.033">
  <properties/>
  <testcase name="create" classname="com.reservationsystem.interfaces.RegionControllerTest" time="0.019"/>
  <testcase name="list" classname="com.reservationsystem.interfaces.RegionControllerTest" time="0.012"/>
  <system-out><![CDATA[2021-04-09 14:22:11.521  INFO 10200 --- [    Test worker] .b.t.a.w.s.WebMvcTestContextBootstrapper : Neither @ContextConfiguration nor @ContextHierarchy found for test class [com.reservationsystem.interfaces.RegionControllerTest], using SpringBootContextLoader
2021-04-09 14:22:11.523  INFO 10200 --- [    Test worker] o.s.t.c.support.AbstractContextLoader    : Could not detect default resource locations for test class [com.reservationsystem.interfaces.RegionControllerTest]: no resource found for suffixes {-context.xml, Context.groovy}.
2021-04-09 14:22:11.523  INFO 10200 --- [    Test worker] t.c.s.AnnotationConfigContextLoaderUtils : Could not detect default configuration classes for test class [com.reservationsystem.interfaces.RegionControllerTest]: RegionControllerTest does not declare any static, non-private, non-final, nested classes annotated with @Configuration.
2021-04-09 14:22:11.535  INFO 10200 --- [    Test worker] .b.t.c.SpringBootTestContextBootstrapper : Found @SpringBootConfiguration com.reservationsystem.EatgoAdminApiApplication for test class com.reservationsystem.interfaces.RegionControllerTest
2021-04-09 14:22:11.539  INFO 10200 --- [    Test worker] .b.t.a.w.s.WebMvcTestContextBootstrapper : Loaded default TestExecutionListener class names from location [META-INF/spring.factories]: [org.springframework.boot.test.autoconfigure.restdocs.RestDocsTestExecutionListener, org.springframework.boot.test.autoconfigure.web.client.MockRestServiceServerResetTestExecutionListener, org.springframework.boot.test.autoconfigure.web.servlet.MockMvcPrintOnlyOnFailureTestExecutionListener, org.springframework.boot.test.autoconfigure.web.servlet.WebDriverTestExecutionListener, org.springframework.boot.test.mock.mockito.MockitoTestExecutionListener, org.springframework.boot.test.mock.mockito.ResetMocksTestExecutionListener, org.springframework.test.context.web.ServletTestExecutionListener, org.springframework.test.context.support.DirtiesContextBeforeModesTestExecutionListener, org.springframework.test.context.support.DependencyInjectionTestExecutionListener, org.springframework.test.context.support.DirtiesContextTestExecutionListener, org.springframework.test.context.transaction.TransactionalTestExecutionListener, org.springframework.test.context.jdbc.SqlScriptsTestExecutionListener, org.springframework.test.context.event.EventPublishingTestExecutionListener]
2021-04-09 14:22:11.540  INFO 10200 --- [    Test worker] .b.t.a.w.s.WebMvcTestContextBootstrapper : Using TestExecutionListeners: [org.springframework.test.context.web.ServletTestExecutionListener@201d3f0c, org.springframework.test.context.support.DirtiesContextBeforeModesTestExecutionListener@3694ff41, org.springframework.boot.test.mock.mockito.MockitoTestExecutionListener@59fc7532, org.springframework.boot.test.autoconfigure.SpringBootDependencyInjectionTestExecutionListener@66ad7f17, org.springframework.test.context.support.DirtiesContextTestExecutionListener@2f81c991, org.springframework.test.context.transaction.TransactionalTestExecutionListener@3efe45d7, org.springframework.test.context.jdbc.SqlScriptsTestExecutionListener@491e2df, org.springframework.test.context.event.EventPublishingTestExecutionListener@9c9609d, org.springframework.boot.test.autoconfigure.restdocs.RestDocsTestExecutionListener@28a5fd74, org.springframework.boot.test.autoconfigure.web.client.MockRestServiceServerResetTestExecutionListener@6439d54a, org.springframework.boot.test.autoconfigure.web.servlet.MockMvcPrintOnlyOnFailureTestExecutionListener@6fb54408, org.springframework.boot.test.autoconfigure.web.servlet.WebDriverTestExecutionListener@2dba0ceb, org.springframework.boot.test.mock.mockito.ResetMocksTestExecutionListener@2af30a75]

  .   ____          _            __ _ _
 /\\ / ___'_ __ _ _(_)_ __  __ _ \ \ \ \
( ( )\___ | '_ | '_| | '_ \/ _` | \ \ \ \
 \\/  ___)| |_)| | | | | || (_| |  ) ) ) )
  '  |____| .__|_| |_|_| |_\__, | / / / /
 =========|_|==============|___/=/_/_/_/
 :: Spring Boot ::        (v2.2.1.RELEASE)

2021-04-09 14:22:11.643  INFO 10200 --- [    Test worker] c.r.interfaces.RegionControllerTest      : Starting RegionControllerTest on DESKTOP-R7AB2GV with PID 10200 (started by JAESEUNG in C:\Users\JAESEUNG\IdeaProjects\reservating_system\eatgo-admin-api)
2021-04-09 14:22:11.645  INFO 10200 --- [    Test worker] c.r.interfaces.RegionControllerTest      : No active profile set, falling back to default profiles: default
2021-04-09 14:22:12.382  INFO 10200 --- [    Test worker] o.s.s.concurrent.ThreadPoolTaskExecutor  : Initializing ExecutorService 'applicationTaskExecutor'
2021-04-09 14:22:12.649  INFO 10200 --- [    Test worker] o.s.b.t.m.w.SpringBootMockServletContext : Initializing Spring TestDispatcherServlet ''
2021-04-09 14:22:12.649  INFO 10200 --- [    Test worker] o.s.t.web.servlet.TestDispatcherServlet  : Initializing Servlet ''
2021-04-09 14:22:12.663  INFO 10200 --- [    Test worker] o.s.t.web.servlet.TestDispatcherServlet  : Completed initialization in 14 ms
2021-04-09 14:22:12.690  INFO 10200 --- [    Test worker] c.r.interfaces.RegionControllerTest      : Started RegionControllerTest in 1.141 seconds (JVM running for 10.264)
]]></system-out>
  <system-err><![CDATA[]]></system-err>
</testsuite>
