<?xml version="1.0" encoding="UTF-8"?>
<testsuite name="com.reservationsystem.interfaces.RegionControllerTest" tests="2" skipped="0" failures="0" errors="0" timestamp="2021-07-17T15:16:46" hostname="DESKTOP-R7AB2GV" time="0.022">
  <properties/>
  <testcase name="create" classname="com.reservationsystem.interfaces.RegionControllerTest" time="0.013"/>
  <testcase name="list" classname="com.reservationsystem.interfaces.RegionControllerTest" time="0.008"/>
  <system-out><![CDATA[2021-07-18 00:16:46.105  INFO 6808 --- [    Test worker] .b.t.a.w.s.WebMvcTestContextBootstrapper : Neither @ContextConfiguration nor @ContextHierarchy found for test class [com.reservationsystem.interfaces.RegionControllerTest], using SpringBootContextLoader
2021-07-18 00:16:46.106  INFO 6808 --- [    Test worker] o.s.t.c.support.AbstractContextLoader    : Could not detect default resource locations for test class [com.reservationsystem.interfaces.RegionControllerTest]: no resource found for suffixes {-context.xml, Context.groovy}.
2021-07-18 00:16:46.107  INFO 6808 --- [    Test worker] t.c.s.AnnotationConfigContextLoaderUtils : Could not detect default configuration classes for test class [com.reservationsystem.interfaces.RegionControllerTest]: RegionControllerTest does not declare any static, non-private, non-final, nested classes annotated with @Configuration.
2021-07-18 00:16:46.112  INFO 6808 --- [    Test worker] .b.t.c.SpringBootTestContextBootstrapper : Found @SpringBootConfiguration com.reservationsystem.EatgoAdminApiApplication for test class com.reservationsystem.interfaces.RegionControllerTest
2021-07-18 00:16:46.113  INFO 6808 --- [    Test worker] .b.t.a.w.s.WebMvcTestContextBootstrapper : Loaded default TestExecutionListener class names from location [META-INF/spring.factories]: [org.springframework.boot.test.autoconfigure.restdocs.RestDocsTestExecutionListener, org.springframework.boot.test.autoconfigure.web.client.MockRestServiceServerResetTestExecutionListener, org.springframework.boot.test.autoconfigure.web.servlet.MockMvcPrintOnlyOnFailureTestExecutionListener, org.springframework.boot.test.autoconfigure.web.servlet.WebDriverTestExecutionListener, org.springframework.boot.test.mock.mockito.MockitoTestExecutionListener, org.springframework.boot.test.mock.mockito.ResetMocksTestExecutionListener, org.springframework.test.context.web.ServletTestExecutionListener, org.springframework.test.context.support.DirtiesContextBeforeModesTestExecutionListener, org.springframework.test.context.support.DependencyInjectionTestExecutionListener, org.springframework.test.context.support.DirtiesContextTestExecutionListener, org.springframework.test.context.transaction.TransactionalTestExecutionListener, org.springframework.test.context.jdbc.SqlScriptsTestExecutionListener, org.springframework.test.context.event.EventPublishingTestExecutionListener]
2021-07-18 00:16:46.113  INFO 6808 --- [    Test worker] .b.t.a.w.s.WebMvcTestContextBootstrapper : Using TestExecutionListeners: [org.springframework.test.context.web.ServletTestExecutionListener@18ca961b, org.springframework.test.context.support.DirtiesContextBeforeModesTestExecutionListener@4db4dcf, org.springframework.boot.test.mock.mockito.MockitoTestExecutionListener@69718123, org.springframework.boot.test.autoconfigure.SpringBootDependencyInjectionTestExecutionListener@7eea97be, org.springframework.test.context.support.DirtiesContextTestExecutionListener@325cbc36, org.springframework.test.context.transaction.TransactionalTestExecutionListener@6c373a87, org.springframework.test.context.jdbc.SqlScriptsTestExecutionListener@92ac6bb, org.springframework.test.context.event.EventPublishingTestExecutionListener@23d7e747, org.springframework.boot.test.autoconfigure.restdocs.RestDocsTestExecutionListener@74bd5207, org.springframework.boot.test.autoconfigure.web.client.MockRestServiceServerResetTestExecutionListener@210bad15, org.springframework.boot.test.autoconfigure.web.servlet.MockMvcPrintOnlyOnFailureTestExecutionListener@7ecbb891, org.springframework.boot.test.autoconfigure.web.servlet.WebDriverTestExecutionListener@62ba85d0, org.springframework.boot.test.mock.mockito.ResetMocksTestExecutionListener@7c89deea]

  .   ____          _            __ _ _
 /\\ / ___'_ __ _ _(_)_ __  __ _ \ \ \ \
( ( )\___ | '_ | '_| | '_ \/ _` | \ \ \ \
 \\/  ___)| |_)| | | | | || (_| |  ) ) ) )
  '  |____| .__|_| |_|_| |_\__, | / / / /
 =========|_|==============|___/=/_/_/_/
 :: Spring Boot ::        (v2.2.1.RELEASE)

2021-07-18 00:16:46.151  INFO 6808 --- [    Test worker] c.r.interfaces.RegionControllerTest      : Starting RegionControllerTest on DESKTOP-R7AB2GV with PID 6808 (started by JAESEUNG in C:\Users\JAESEUNG\IdeaProjects\Restaurant_System\eatgo-admin-api)
2021-07-18 00:16:46.152  INFO 6808 --- [    Test worker] c.r.interfaces.RegionControllerTest      : No active profile set, falling back to default profiles: default
2021-07-18 00:16:46.515  INFO 6808 --- [    Test worker] o.s.s.concurrent.ThreadPoolTaskExecutor  : Initializing ExecutorService 'applicationTaskExecutor'
2021-07-18 00:16:46.674  INFO 6808 --- [    Test worker] o.s.b.t.m.w.SpringBootMockServletContext : Initializing Spring TestDispatcherServlet ''
2021-07-18 00:16:46.674  INFO 6808 --- [    Test worker] o.s.t.web.servlet.TestDispatcherServlet  : Initializing Servlet ''
2021-07-18 00:16:46.683  INFO 6808 --- [    Test worker] o.s.t.web.servlet.TestDispatcherServlet  : Completed initialization in 9 ms
2021-07-18 00:16:46.701  INFO 6808 --- [    Test worker] c.r.interfaces.RegionControllerTest      : Started RegionControllerTest in 0.584 seconds (JVM running for 5.427)
]]></system-out>
  <system-err><![CDATA[]]></system-err>
</testsuite>
