<?xml version="1.0" encoding="UTF-8"?>
<testsuite name="com.reservationsystem.interfaces.RegionControllerTest" tests="2" skipped="0" failures="0" errors="0" timestamp="2021-04-22T00:42:31" hostname="DESKTOP-R7AB2GV" time="0.039">
  <properties/>
  <testcase name="create" classname="com.reservationsystem.interfaces.RegionControllerTest" time="0.023"/>
  <testcase name="list" classname="com.reservationsystem.interfaces.RegionControllerTest" time="0.014"/>
  <system-out><![CDATA[2021-04-22 09:42:30.017  INFO 17816 --- [    Test worker] .b.t.a.w.s.WebMvcTestContextBootstrapper : Neither @ContextConfiguration nor @ContextHierarchy found for test class [com.reservationsystem.interfaces.RegionControllerTest], using SpringBootContextLoader
2021-04-22 09:42:30.019  INFO 17816 --- [    Test worker] o.s.t.c.support.AbstractContextLoader    : Could not detect default resource locations for test class [com.reservationsystem.interfaces.RegionControllerTest]: no resource found for suffixes {-context.xml, Context.groovy}.
2021-04-22 09:42:30.020  INFO 17816 --- [    Test worker] t.c.s.AnnotationConfigContextLoaderUtils : Could not detect default configuration classes for test class [com.reservationsystem.interfaces.RegionControllerTest]: RegionControllerTest does not declare any static, non-private, non-final, nested classes annotated with @Configuration.
2021-04-22 09:42:30.029  INFO 17816 --- [    Test worker] .b.t.c.SpringBootTestContextBootstrapper : Found @SpringBootConfiguration com.reservationsystem.EatgoAdminApiApplication for test class com.reservationsystem.interfaces.RegionControllerTest
2021-04-22 09:42:30.030  INFO 17816 --- [    Test worker] .b.t.a.w.s.WebMvcTestContextBootstrapper : Loaded default TestExecutionListener class names from location [META-INF/spring.factories]: [org.springframework.boot.test.autoconfigure.restdocs.RestDocsTestExecutionListener, org.springframework.boot.test.autoconfigure.web.client.MockRestServiceServerResetTestExecutionListener, org.springframework.boot.test.autoconfigure.web.servlet.MockMvcPrintOnlyOnFailureTestExecutionListener, org.springframework.boot.test.autoconfigure.web.servlet.WebDriverTestExecutionListener, org.springframework.boot.test.mock.mockito.MockitoTestExecutionListener, org.springframework.boot.test.mock.mockito.ResetMocksTestExecutionListener, org.springframework.test.context.web.ServletTestExecutionListener, org.springframework.test.context.support.DirtiesContextBeforeModesTestExecutionListener, org.springframework.test.context.support.DependencyInjectionTestExecutionListener, org.springframework.test.context.support.DirtiesContextTestExecutionListener, org.springframework.test.context.transaction.TransactionalTestExecutionListener, org.springframework.test.context.jdbc.SqlScriptsTestExecutionListener, org.springframework.test.context.event.EventPublishingTestExecutionListener]
2021-04-22 09:42:30.030  INFO 17816 --- [    Test worker] .b.t.a.w.s.WebMvcTestContextBootstrapper : Using TestExecutionListeners: [org.springframework.test.context.web.ServletTestExecutionListener@2e186bfc, org.springframework.test.context.support.DirtiesContextBeforeModesTestExecutionListener@3eb52734, org.springframework.boot.test.mock.mockito.MockitoTestExecutionListener@18ca961b, org.springframework.boot.test.autoconfigure.SpringBootDependencyInjectionTestExecutionListener@4db4dcf, org.springframework.test.context.support.DirtiesContextTestExecutionListener@69718123, org.springframework.test.context.transaction.TransactionalTestExecutionListener@7eea97be, org.springframework.test.context.jdbc.SqlScriptsTestExecutionListener@325cbc36, org.springframework.test.context.event.EventPublishingTestExecutionListener@6c373a87, org.springframework.boot.test.autoconfigure.restdocs.RestDocsTestExecutionListener@92ac6bb, org.springframework.boot.test.autoconfigure.web.client.MockRestServiceServerResetTestExecutionListener@23d7e747, org.springframework.boot.test.autoconfigure.web.servlet.MockMvcPrintOnlyOnFailureTestExecutionListener@74bd5207, org.springframework.boot.test.autoconfigure.web.servlet.WebDriverTestExecutionListener@210bad15, org.springframework.boot.test.mock.mockito.ResetMocksTestExecutionListener@7ecbb891]

  .   ____          _            __ _ _
 /\\ / ___'_ __ _ _(_)_ __  __ _ \ \ \ \
( ( )\___ | '_ | '_| | '_ \/ _` | \ \ \ \
 \\/  ___)| |_)| | | | | || (_| |  ) ) ) )
  '  |____| .__|_| |_|_| |_\__, | / / / /
 =========|_|==============|___/=/_/_/_/
 :: Spring Boot ::        (v2.2.1.RELEASE)

2021-04-22 09:42:30.108  INFO 17816 --- [    Test worker] c.r.interfaces.RegionControllerTest      : Starting RegionControllerTest on DESKTOP-R7AB2GV with PID 17816 (started by JAESEUNG in C:\Users\JAESEUNG\IdeaProjects\reservation_system\eatgo-admin-api)
2021-04-22 09:42:30.110  INFO 17816 --- [    Test worker] c.r.interfaces.RegionControllerTest      : No active profile set, falling back to default profiles: default
2021-04-22 09:42:30.776  INFO 17816 --- [    Test worker] o.s.s.concurrent.ThreadPoolTaskExecutor  : Initializing ExecutorService 'applicationTaskExecutor'
2021-04-22 09:42:31.025  INFO 17816 --- [    Test worker] o.s.b.t.m.w.SpringBootMockServletContext : Initializing Spring TestDispatcherServlet ''
2021-04-22 09:42:31.026  INFO 17816 --- [    Test worker] o.s.t.web.servlet.TestDispatcherServlet  : Initializing Servlet ''
2021-04-22 09:42:31.041  INFO 17816 --- [    Test worker] o.s.t.web.servlet.TestDispatcherServlet  : Completed initialization in 15 ms
2021-04-22 09:42:31.068  INFO 17816 --- [    Test worker] c.r.interfaces.RegionControllerTest      : Started RegionControllerTest in 1.032 seconds (JVM running for 8.963)
]]></system-out>
  <system-err><![CDATA[]]></system-err>
</testsuite>
