<?xml version="1.0" encoding="UTF-8"?>
<testsuite name="com.reservationsystem.interfaces.MenuItemControllerTest" tests="1" skipped="0" failures="0" errors="0" timestamp="2021-04-05T12:48:48" hostname="DESKTOP-R7AB2GV" time="0.028">
  <properties/>
  <testcase name="bulkUpdate" classname="com.reservationsystem.interfaces.MenuItemControllerTest" time="0.028"/>
  <system-out><![CDATA[2021-04-05 21:48:47.408  INFO 12216 --- [    Test worker] .b.t.a.w.s.WebMvcTestContextBootstrapper : Neither @ContextConfiguration nor @ContextHierarchy found for test class [com.reservationsystem.interfaces.MenuItemControllerTest], using SpringBootContextLoader
2021-04-05 21:48:47.409  INFO 12216 --- [    Test worker] o.s.t.c.support.AbstractContextLoader    : Could not detect default resource locations for test class [com.reservationsystem.interfaces.MenuItemControllerTest]: no resource found for suffixes {-context.xml, Context.groovy}.
2021-04-05 21:48:47.410  INFO 12216 --- [    Test worker] t.c.s.AnnotationConfigContextLoaderUtils : Could not detect default configuration classes for test class [com.reservationsystem.interfaces.MenuItemControllerTest]: MenuItemControllerTest does not declare any static, non-private, non-final, nested classes annotated with @Configuration.
2021-04-05 21:48:47.417  INFO 12216 --- [    Test worker] .b.t.c.SpringBootTestContextBootstrapper : Found @SpringBootConfiguration com.reservationsystem.EatgoAdminApiApplication for test class com.reservationsystem.interfaces.MenuItemControllerTest
2021-04-05 21:48:47.419  INFO 12216 --- [    Test worker] .b.t.a.w.s.WebMvcTestContextBootstrapper : Loaded default TestExecutionListener class names from location [META-INF/spring.factories]: [org.springframework.boot.test.autoconfigure.restdocs.RestDocsTestExecutionListener, org.springframework.boot.test.autoconfigure.web.client.MockRestServiceServerResetTestExecutionListener, org.springframework.boot.test.autoconfigure.web.servlet.MockMvcPrintOnlyOnFailureTestExecutionListener, org.springframework.boot.test.autoconfigure.web.servlet.WebDriverTestExecutionListener, org.springframework.boot.test.mock.mockito.MockitoTestExecutionListener, org.springframework.boot.test.mock.mockito.ResetMocksTestExecutionListener, org.springframework.test.context.web.ServletTestExecutionListener, org.springframework.test.context.support.DirtiesContextBeforeModesTestExecutionListener, org.springframework.test.context.support.DependencyInjectionTestExecutionListener, org.springframework.test.context.support.DirtiesContextTestExecutionListener, org.springframework.test.context.transaction.TransactionalTestExecutionListener, org.springframework.test.context.jdbc.SqlScriptsTestExecutionListener, org.springframework.test.context.event.EventPublishingTestExecutionListener]
2021-04-05 21:48:47.420  INFO 12216 --- [    Test worker] .b.t.a.w.s.WebMvcTestContextBootstrapper : Using TestExecutionListeners: [org.springframework.test.context.web.ServletTestExecutionListener@22cd5728, org.springframework.test.context.support.DirtiesContextBeforeModesTestExecutionListener@7faaed44, org.springframework.boot.test.mock.mockito.MockitoTestExecutionListener@1f8958ac, org.springframework.boot.test.autoconfigure.SpringBootDependencyInjectionTestExecutionListener@3573d517, org.springframework.test.context.support.DirtiesContextTestExecutionListener@7d4fb086, org.springframework.test.context.transaction.TransactionalTestExecutionListener@55a7b2a6, org.springframework.test.context.jdbc.SqlScriptsTestExecutionListener@becc86, org.springframework.test.context.event.EventPublishingTestExecutionListener@2bce7aeb, org.springframework.boot.test.autoconfigure.restdocs.RestDocsTestExecutionListener@2b052494, org.springframework.boot.test.autoconfigure.web.client.MockRestServiceServerResetTestExecutionListener@435f81d0, org.springframework.boot.test.autoconfigure.web.servlet.MockMvcPrintOnlyOnFailureTestExecutionListener@3573bfc1, org.springframework.boot.test.autoconfigure.web.servlet.WebDriverTestExecutionListener@6db282a6, org.springframework.boot.test.mock.mockito.ResetMocksTestExecutionListener@6f113a00]

  .   ____          _            __ _ _
 /\\ / ___'_ __ _ _(_)_ __  __ _ \ \ \ \
( ( )\___ | '_ | '_| | '_ \/ _` | \ \ \ \
 \\/  ___)| |_)| | | | | || (_| |  ) ) ) )
  '  |____| .__|_| |_|_| |_\__, | / / / /
 =========|_|==============|___/=/_/_/_/
 :: Spring Boot ::        (v2.2.1.RELEASE)

2021-04-05 21:48:47.482  INFO 12216 --- [    Test worker] c.r.interfaces.MenuItemControllerTest    : Starting MenuItemControllerTest on DESKTOP-R7AB2GV with PID 12216 (started by JAESEUNG in C:\Users\JAESEUNG\IdeaProjects\reservating_system\eatgo-admin-api)
2021-04-05 21:48:47.485  INFO 12216 --- [    Test worker] c.r.interfaces.MenuItemControllerTest    : No active profile set, falling back to default profiles: default
2021-04-05 21:48:48.054  INFO 12216 --- [    Test worker] o.s.s.concurrent.ThreadPoolTaskExecutor  : Initializing ExecutorService 'applicationTaskExecutor'
2021-04-05 21:48:48.288  INFO 12216 --- [    Test worker] o.s.b.t.m.w.SpringBootMockServletContext : Initializing Spring TestDispatcherServlet ''
2021-04-05 21:48:48.289  INFO 12216 --- [    Test worker] o.s.t.web.servlet.TestDispatcherServlet  : Initializing Servlet ''
2021-04-05 21:48:48.302  INFO 12216 --- [    Test worker] o.s.t.web.servlet.TestDispatcherServlet  : Completed initialization in 13 ms
2021-04-05 21:48:48.333  INFO 12216 --- [    Test worker] c.r.interfaces.MenuItemControllerTest    : Started MenuItemControllerTest in 0.908 seconds (JVM running for 7.003)
]]></system-out>
  <system-err><![CDATA[]]></system-err>
</testsuite>
