<?xml version="1.0" encoding="UTF-8"?>
<testsuite name="com.reservationsystem.interfaces.ReviewControllerTest" tests="1" skipped="0" failures="0" errors="0" timestamp="2021-04-05T12:48:51" hostname="DESKTOP-R7AB2GV" time="0.014">
  <properties/>
  <testcase name="list" classname="com.reservationsystem.interfaces.ReviewControllerTest" time="0.014"/>
  <system-out><![CDATA[2021-04-05 21:48:50.617  INFO 12216 --- [    Test worker] .b.t.a.w.s.WebMvcTestContextBootstrapper : Neither @ContextConfiguration nor @ContextHierarchy found for test class [com.reservationsystem.interfaces.ReviewControllerTest], using SpringBootContextLoader
2021-04-05 21:48:50.619  INFO 12216 --- [    Test worker] o.s.t.c.support.AbstractContextLoader    : Could not detect default resource locations for test class [com.reservationsystem.interfaces.ReviewControllerTest]: no resource found for suffixes {-context.xml, Context.groovy}.
2021-04-05 21:48:50.619  INFO 12216 --- [    Test worker] t.c.s.AnnotationConfigContextLoaderUtils : Could not detect default configuration classes for test class [com.reservationsystem.interfaces.ReviewControllerTest]: ReviewControllerTest does not declare any static, non-private, non-final, nested classes annotated with @Configuration.
2021-04-05 21:48:50.626  INFO 12216 --- [    Test worker] .b.t.c.SpringBootTestContextBootstrapper : Found @SpringBootConfiguration com.reservationsystem.EatgoAdminApiApplication for test class com.reservationsystem.interfaces.ReviewControllerTest
2021-04-05 21:48:50.626  INFO 12216 --- [    Test worker] .b.t.a.w.s.WebMvcTestContextBootstrapper : Loaded default TestExecutionListener class names from location [META-INF/spring.factories]: [org.springframework.boot.test.autoconfigure.restdocs.RestDocsTestExecutionListener, org.springframework.boot.test.autoconfigure.web.client.MockRestServiceServerResetTestExecutionListener, org.springframework.boot.test.autoconfigure.web.servlet.MockMvcPrintOnlyOnFailureTestExecutionListener, org.springframework.boot.test.autoconfigure.web.servlet.WebDriverTestExecutionListener, org.springframework.boot.test.mock.mockito.MockitoTestExecutionListener, org.springframework.boot.test.mock.mockito.ResetMocksTestExecutionListener, org.springframework.test.context.web.ServletTestExecutionListener, org.springframework.test.context.support.DirtiesContextBeforeModesTestExecutionListener, org.springframework.test.context.support.DependencyInjectionTestExecutionListener, org.springframework.test.context.support.DirtiesContextTestExecutionListener, org.springframework.test.context.transaction.TransactionalTestExecutionListener, org.springframework.test.context.jdbc.SqlScriptsTestExecutionListener, org.springframework.test.context.event.EventPublishingTestExecutionListener]
2021-04-05 21:48:50.627  INFO 12216 --- [    Test worker] .b.t.a.w.s.WebMvcTestContextBootstrapper : Using TestExecutionListeners: [org.springframework.test.context.web.ServletTestExecutionListener@aca46b8, org.springframework.test.context.support.DirtiesContextBeforeModesTestExecutionListener@66142815, org.springframework.boot.test.mock.mockito.MockitoTestExecutionListener@28df6ed1, org.springframework.boot.test.autoconfigure.SpringBootDependencyInjectionTestExecutionListener@39d1f169, org.springframework.test.context.support.DirtiesContextTestExecutionListener@61769f6d, org.springframework.test.context.transaction.TransactionalTestExecutionListener@266557d6, org.springframework.test.context.jdbc.SqlScriptsTestExecutionListener@759f0c2d, org.springframework.test.context.event.EventPublishingTestExecutionListener@43f3f14e, org.springframework.boot.test.autoconfigure.restdocs.RestDocsTestExecutionListener@162b93aa, org.springframework.boot.test.autoconfigure.web.client.MockRestServiceServerResetTestExecutionListener@1a7cbd5e, org.springframework.boot.test.autoconfigure.web.servlet.MockMvcPrintOnlyOnFailureTestExecutionListener@178f2458, org.springframework.boot.test.autoconfigure.web.servlet.WebDriverTestExecutionListener@4baade66, org.springframework.boot.test.mock.mockito.ResetMocksTestExecutionListener@1d6a27a]

  .   ____          _            __ _ _
 /\\ / ___'_ __ _ _(_)_ __  __ _ \ \ \ \
( ( )\___ | '_ | '_| | '_ \/ _` | \ \ \ \
 \\/  ___)| |_)| | | | | || (_| |  ) ) ) )
  '  |____| .__|_| |_|_| |_\__, | / / / /
 =========|_|==============|___/=/_/_/_/
 :: Spring Boot ::        (v2.2.1.RELEASE)

2021-04-05 21:48:50.681  INFO 12216 --- [    Test worker] c.r.interfaces.ReviewControllerTest      : Starting ReviewControllerTest on DESKTOP-R7AB2GV with PID 12216 (started by JAESEUNG in C:\Users\JAESEUNG\IdeaProjects\reservating_system\eatgo-admin-api)
2021-04-05 21:48:50.682  INFO 12216 --- [    Test worker] c.r.interfaces.ReviewControllerTest      : No active profile set, falling back to default profiles: default
2021-04-05 21:48:51.257  INFO 12216 --- [    Test worker] o.s.s.concurrent.ThreadPoolTaskExecutor  : Initializing ExecutorService 'applicationTaskExecutor'
2021-04-05 21:48:51.462  INFO 12216 --- [    Test worker] o.s.b.t.m.w.SpringBootMockServletContext : Initializing Spring TestDispatcherServlet ''
2021-04-05 21:48:51.462  INFO 12216 --- [    Test worker] o.s.t.web.servlet.TestDispatcherServlet  : Initializing Servlet ''
2021-04-05 21:48:51.473  INFO 12216 --- [    Test worker] o.s.t.web.servlet.TestDispatcherServlet  : Completed initialization in 10 ms
2021-04-05 21:48:51.490  INFO 12216 --- [    Test worker] c.r.interfaces.ReviewControllerTest      : Started ReviewControllerTest in 0.86 seconds (JVM running for 10.16)
]]></system-out>
  <system-err><![CDATA[]]></system-err>
</testsuite>
