<?xml version="1.0" encoding="UTF-8"?>
<testsuite name="com.reservationsystem.interfaces.RestaurantControllerTest" tests="7" skipped="0" failures="0" errors="0" timestamp="2021-04-15T10:33:33" hostname="DESKTOP-R7AB2GV" time="0.282">
  <properties/>
  <testcase name="updateWithValidData" classname="com.reservationsystem.interfaces.RestaurantControllerTest" time="0.149"/>
  <testcase name="list" classname="com.reservationsystem.interfaces.RestaurantControllerTest" time="0.02"/>
  <testcase name="detailWithNotExisted" classname="com.reservationsystem.interfaces.RestaurantControllerTest" time="0.015"/>
  <testcase name="detailWithExisted" classname="com.reservationsystem.interfaces.RestaurantControllerTest" time="0.015"/>
  <testcase name="createWithInValidData" classname="com.reservationsystem.interfaces.RestaurantControllerTest" time="0.047"/>
  <testcase name="createWithValidData" classname="com.reservationsystem.interfaces.RestaurantControllerTest" time="0.013"/>
  <testcase name="updateWithInValidData" classname="com.reservationsystem.interfaces.RestaurantControllerTest" time="0.01"/>
  <system-out><![CDATA[2021-04-15 19:33:32.762  INFO 15924 --- [    Test worker] .b.t.a.w.s.WebMvcTestContextBootstrapper : Neither @ContextConfiguration nor @ContextHierarchy found for test class [com.reservationsystem.interfaces.RestaurantControllerTest], using SpringBootContextLoader
2021-04-15 19:33:32.764  INFO 15924 --- [    Test worker] o.s.t.c.support.AbstractContextLoader    : Could not detect default resource locations for test class [com.reservationsystem.interfaces.RestaurantControllerTest]: no resource found for suffixes {-context.xml, Context.groovy}.
2021-04-15 19:33:32.764  INFO 15924 --- [    Test worker] t.c.s.AnnotationConfigContextLoaderUtils : Could not detect default configuration classes for test class [com.reservationsystem.interfaces.RestaurantControllerTest]: RestaurantControllerTest does not declare any static, non-private, non-final, nested classes annotated with @Configuration.
2021-04-15 19:33:32.772  INFO 15924 --- [    Test worker] .b.t.c.SpringBootTestContextBootstrapper : Found @SpringBootConfiguration com.reservationsystem.EatgoAdminApiApplication for test class com.reservationsystem.interfaces.RestaurantControllerTest
2021-04-15 19:33:32.773  INFO 15924 --- [    Test worker] .b.t.a.w.s.WebMvcTestContextBootstrapper : Loaded default TestExecutionListener class names from location [META-INF/spring.factories]: [org.springframework.boot.test.autoconfigure.restdocs.RestDocsTestExecutionListener, org.springframework.boot.test.autoconfigure.web.client.MockRestServiceServerResetTestExecutionListener, org.springframework.boot.test.autoconfigure.web.servlet.MockMvcPrintOnlyOnFailureTestExecutionListener, org.springframework.boot.test.autoconfigure.web.servlet.WebDriverTestExecutionListener, org.springframework.boot.test.mock.mockito.MockitoTestExecutionListener, org.springframework.boot.test.mock.mockito.ResetMocksTestExecutionListener, org.springframework.test.context.web.ServletTestExecutionListener, org.springframework.test.context.support.DirtiesContextBeforeModesTestExecutionListener, org.springframework.test.context.support.DependencyInjectionTestExecutionListener, org.springframework.test.context.support.DirtiesContextTestExecutionListener, org.springframework.test.context.transaction.TransactionalTestExecutionListener, org.springframework.test.context.jdbc.SqlScriptsTestExecutionListener, org.springframework.test.context.event.EventPublishingTestExecutionListener]
2021-04-15 19:33:32.773  INFO 15924 --- [    Test worker] .b.t.a.w.s.WebMvcTestContextBootstrapper : Using TestExecutionListeners: [org.springframework.test.context.web.ServletTestExecutionListener@6fde6977, org.springframework.test.context.support.DirtiesContextBeforeModesTestExecutionListener@daaeb3b, org.springframework.boot.test.mock.mockito.MockitoTestExecutionListener@73c91683, org.springframework.boot.test.autoconfigure.SpringBootDependencyInjectionTestExecutionListener@576cc1eb, org.springframework.test.context.support.DirtiesContextTestExecutionListener@4be58fa0, org.springframework.test.context.transaction.TransactionalTestExecutionListener@114c46d4, org.springframework.test.context.jdbc.SqlScriptsTestExecutionListener@2a8a3770, org.springframework.test.context.event.EventPublishingTestExecutionListener@1bd8d853, org.springframework.boot.test.autoconfigure.restdocs.RestDocsTestExecutionListener@7c27dc07, org.springframework.boot.test.autoconfigure.web.client.MockRestServiceServerResetTestExecutionListener@f2e5fb1, org.springframework.boot.test.autoconfigure.web.servlet.MockMvcPrintOnlyOnFailureTestExecutionListener@74e4c893, org.springframework.boot.test.autoconfigure.web.servlet.WebDriverTestExecutionListener@29a39c1c, org.springframework.boot.test.mock.mockito.ResetMocksTestExecutionListener@6ba6bacb]

  .   ____          _            __ _ _
 /\\ / ___'_ __ _ _(_)_ __  __ _ \ \ \ \
( ( )\___ | '_ | '_| | '_ \/ _` | \ \ \ \
 \\/  ___)| |_)| | | | | || (_| |  ) ) ) )
  '  |____| .__|_| |_|_| |_\__, | / / / /
 =========|_|==============|___/=/_/_/_/
 :: Spring Boot ::        (v2.2.1.RELEASE)

2021-04-15 19:33:32.850  INFO 15924 --- [    Test worker] c.r.interfaces.RestaurantControllerTest  : Starting RestaurantControllerTest on DESKTOP-R7AB2GV with PID 15924 (started by JAESEUNG in C:\Users\JAESEUNG\IdeaProjects\reservation_system\eatgo-admin-api)
2021-04-15 19:33:32.851  INFO 15924 --- [    Test worker] c.r.interfaces.RestaurantControllerTest  : No active profile set, falling back to default profiles: default
2021-04-15 19:33:33.483  INFO 15924 --- [    Test worker] o.s.s.concurrent.ThreadPoolTaskExecutor  : Initializing ExecutorService 'applicationTaskExecutor'
2021-04-15 19:33:33.751  INFO 15924 --- [    Test worker] o.s.b.t.m.w.SpringBootMockServletContext : Initializing Spring TestDispatcherServlet ''
2021-04-15 19:33:33.752  INFO 15924 --- [    Test worker] o.s.t.web.servlet.TestDispatcherServlet  : Initializing Servlet ''
2021-04-15 19:33:33.765  INFO 15924 --- [    Test worker] o.s.t.web.servlet.TestDispatcherServlet  : Completed initialization in 13 ms
2021-04-15 19:33:33.787  INFO 15924 --- [    Test worker] c.r.interfaces.RestaurantControllerTest  : Started RestaurantControllerTest in 1.008 seconds (JVM running for 10.621)
2021-04-15 19:33:34.043  WARN 15924 --- [    Test worker] .w.s.m.s.DefaultHandlerExceptionResolver : Resolved [org.springframework.web.bind.MethodArgumentNotValidException: Validation failed for argument [0] in public org.springframework.http.ResponseEntity<?> com.reservationsystem.interfaces.RestaurantController.create(com.reservationsystem.domain.Restaurant) throws java.net.URISyntaxException with 2 errors: [Field error in object 'restaurant' on field 'name': rejected value []; codes [NotEmpty.restaurant.name,NotEmpty.name,NotEmpty.java.lang.String,NotEmpty]; arguments [org.springframework.context.support.DefaultMessageSourceResolvable: codes [restaurant.name,name]; arguments []; default message [name]]; default message [must not be empty]] [Field error in object 'restaurant' on field 'address': rejected value []; codes [NotEmpty.restaurant.address,NotEmpty.address,NotEmpty.java.lang.String,NotEmpty]; arguments [org.springframework.context.support.DefaultMessageSourceResolvable: codes [restaurant.address,address]; arguments []; default message [address]]; default message [must not be empty]] ]
2021-04-15 19:33:34.070  WARN 15924 --- [    Test worker] .w.s.m.s.DefaultHandlerExceptionResolver : Resolved [org.springframework.web.bind.MethodArgumentNotValidException: Validation failed for argument [1] in public java.lang.String com.reservationsystem.interfaces.RestaurantController.update(java.lang.Long,com.reservationsystem.domain.Restaurant) with 2 errors: [Field error in object 'restaurant' on field 'name': rejected value []; codes [NotEmpty.restaurant.name,NotEmpty.name,NotEmpty.java.lang.String,NotEmpty]; arguments [org.springframework.context.support.DefaultMessageSourceResolvable: codes [restaurant.name,name]; arguments []; default message [name]]; default message [must not be empty]] [Field error in object 'restaurant' on field 'address': rejected value []; codes [NotEmpty.restaurant.address,NotEmpty.address,NotEmpty.java.lang.String,NotEmpty]; arguments [org.springframework.context.support.DefaultMessageSourceResolvable: codes [restaurant.address,address]; arguments []; default message [address]]; default message [must not be empty]] ]
]]></system-out>
  <system-err><![CDATA[]]></system-err>
</testsuite>
