<?xml version="1.0" encoding="UTF-8"?>
<testsuite name="com.reservationsystem.interfaces.ReviewControllerTest" tests="1" skipped="0" failures="0" errors="0" timestamp="2021-04-09T05:22:15" hostname="DESKTOP-R7AB2GV" time="0.017">
  <properties/>
  <testcase name="list" classname="com.reservationsystem.interfaces.ReviewControllerTest" time="0.017"/>
  <system-out><![CDATA[2021-04-09 14:22:14.177  INFO 10200 --- [    Test worker] .b.t.a.w.s.WebMvcTestContextBootstrapper : Neither @ContextConfiguration nor @ContextHierarchy found for test class [com.reservationsystem.interfaces.ReviewControllerTest], using SpringBootContextLoader
2021-04-09 14:22:14.179  INFO 10200 --- [    Test worker] o.s.t.c.support.AbstractContextLoader    : Could not detect default resource locations for test class [com.reservationsystem.interfaces.ReviewControllerTest]: no resource found for suffixes {-context.xml, Context.groovy}.
2021-04-09 14:22:14.180  INFO 10200 --- [    Test worker] t.c.s.AnnotationConfigContextLoaderUtils : Could not detect default configuration classes for test class [com.reservationsystem.interfaces.ReviewControllerTest]: ReviewControllerTest does not declare any static, non-private, non-final, nested classes annotated with @Configuration.
2021-04-09 14:22:14.186  INFO 10200 --- [    Test worker] .b.t.c.SpringBootTestContextBootstrapper : Found @SpringBootConfiguration com.reservationsystem.EatgoAdminApiApplication for test class com.reservationsystem.interfaces.ReviewControllerTest
2021-04-09 14:22:14.187  INFO 10200 --- [    Test worker] .b.t.a.w.s.WebMvcTestContextBootstrapper : Loaded default TestExecutionListener class names from location [META-INF/spring.factories]: [org.springframework.boot.test.autoconfigure.restdocs.RestDocsTestExecutionListener, org.springframework.boot.test.autoconfigure.web.client.MockRestServiceServerResetTestExecutionListener, org.springframework.boot.test.autoconfigure.web.servlet.MockMvcPrintOnlyOnFailureTestExecutionListener, org.springframework.boot.test.autoconfigure.web.servlet.WebDriverTestExecutionListener, org.springframework.boot.test.mock.mockito.MockitoTestExecutionListener, org.springframework.boot.test.mock.mockito.ResetMocksTestExecutionListener, org.springframework.test.context.web.ServletTestExecutionListener, org.springframework.test.context.support.DirtiesContextBeforeModesTestExecutionListener, org.springframework.test.context.support.DependencyInjectionTestExecutionListener, org.springframework.test.context.support.DirtiesContextTestExecutionListener, org.springframework.test.context.transaction.TransactionalTestExecutionListener, org.springframework.test.context.jdbc.SqlScriptsTestExecutionListener, org.springframework.test.context.event.EventPublishingTestExecutionListener]
2021-04-09 14:22:14.188  INFO 10200 --- [    Test worker] .b.t.a.w.s.WebMvcTestContextBootstrapper : Using TestExecutionListeners: [org.springframework.test.context.web.ServletTestExecutionListener@418bfd56, org.springframework.test.context.support.DirtiesContextBeforeModesTestExecutionListener@2076efb0, org.springframework.boot.test.mock.mockito.MockitoTestExecutionListener@40d20974, org.springframework.boot.test.autoconfigure.SpringBootDependencyInjectionTestExecutionListener@7f0b7533, org.springframework.test.context.support.DirtiesContextTestExecutionListener@61f456c9, org.springframework.test.context.transaction.TransactionalTestExecutionListener@76e82e28, org.springframework.test.context.jdbc.SqlScriptsTestExecutionListener@26210028, org.springframework.test.context.event.EventPublishingTestExecutionListener@2a75b32, org.springframework.boot.test.autoconfigure.restdocs.RestDocsTestExecutionListener@41a617b1, org.springframework.boot.test.autoconfigure.web.client.MockRestServiceServerResetTestExecutionListener@7688f8c3, org.springframework.boot.test.autoconfigure.web.servlet.MockMvcPrintOnlyOnFailureTestExecutionListener@5806967a, org.springframework.boot.test.autoconfigure.web.servlet.WebDriverTestExecutionListener@60c03883, org.springframework.boot.test.mock.mockito.ResetMocksTestExecutionListener@112ab0b5]

  .   ____          _            __ _ _
 /\\ / ___'_ __ _ _(_)_ __  __ _ \ \ \ \
( ( )\___ | '_ | '_| | '_ \/ _` | \ \ \ \
 \\/  ___)| |_)| | | | | || (_| |  ) ) ) )
  '  |____| .__|_| |_|_| |_\__, | / / / /
 =========|_|==============|___/=/_/_/_/
 :: Spring Boot ::        (v2.2.1.RELEASE)

2021-04-09 14:22:14.263  INFO 10200 --- [    Test worker] c.r.interfaces.ReviewControllerTest      : Starting ReviewControllerTest on DESKTOP-R7AB2GV with PID 10200 (started by JAESEUNG in C:\Users\JAESEUNG\IdeaProjects\reservating_system\eatgo-admin-api)
2021-04-09 14:22:14.266  INFO 10200 --- [    Test worker] c.r.interfaces.ReviewControllerTest      : No active profile set, falling back to default profiles: default
2021-04-09 14:22:14.858  INFO 10200 --- [    Test worker] o.s.s.concurrent.ThreadPoolTaskExecutor  : Initializing ExecutorService 'applicationTaskExecutor'
2021-04-09 14:22:15.109  INFO 10200 --- [    Test worker] o.s.b.t.m.w.SpringBootMockServletContext : Initializing Spring TestDispatcherServlet ''
2021-04-09 14:22:15.109  INFO 10200 --- [    Test worker] o.s.t.web.servlet.TestDispatcherServlet  : Initializing Servlet ''
2021-04-09 14:22:15.127  INFO 10200 --- [    Test worker] o.s.t.web.servlet.TestDispatcherServlet  : Completed initialization in 17 ms
2021-04-09 14:22:15.147  INFO 10200 --- [    Test worker] c.r.interfaces.ReviewControllerTest      : Started ReviewControllerTest in 0.956 seconds (JVM running for 12.721)
]]></system-out>
  <system-err><![CDATA[]]></system-err>
</testsuite>
