<?xml version="1.0" encoding="UTF-8"?>
<testsuite name="com.reservationsystem.interfaces.RegionControllerTest" tests="2" skipped="0" failures="0" errors="0" timestamp="2021-04-05T12:48:49" hostname="DESKTOP-R7AB2GV" time="0.033">
  <properties/>
  <testcase name="create" classname="com.reservationsystem.interfaces.RegionControllerTest" time="0.018"/>
  <testcase name="list" classname="com.reservationsystem.interfaces.RegionControllerTest" time="0.012"/>
  <system-out><![CDATA[2021-04-05 21:48:48.372  INFO 12216 --- [    Test worker] .b.t.a.w.s.WebMvcTestContextBootstrapper : Neither @ContextConfiguration nor @ContextHierarchy found for test class [com.reservationsystem.interfaces.RegionControllerTest], using SpringBootContextLoader
2021-04-05 21:48:48.374  INFO 12216 --- [    Test worker] o.s.t.c.support.AbstractContextLoader    : Could not detect default resource locations for test class [com.reservationsystem.interfaces.RegionControllerTest]: no resource found for suffixes {-context.xml, Context.groovy}.
2021-04-05 21:48:48.374  INFO 12216 --- [    Test worker] t.c.s.AnnotationConfigContextLoaderUtils : Could not detect default configuration classes for test class [com.reservationsystem.interfaces.RegionControllerTest]: RegionControllerTest does not declare any static, non-private, non-final, nested classes annotated with @Configuration.
2021-04-05 21:48:48.384  INFO 12216 --- [    Test worker] .b.t.c.SpringBootTestContextBootstrapper : Found @SpringBootConfiguration com.reservationsystem.EatgoAdminApiApplication for test class com.reservationsystem.interfaces.RegionControllerTest
2021-04-05 21:48:48.385  INFO 12216 --- [    Test worker] .b.t.a.w.s.WebMvcTestContextBootstrapper : Loaded default TestExecutionListener class names from location [META-INF/spring.factories]: [org.springframework.boot.test.autoconfigure.restdocs.RestDocsTestExecutionListener, org.springframework.boot.test.autoconfigure.web.client.MockRestServiceServerResetTestExecutionListener, org.springframework.boot.test.autoconfigure.web.servlet.MockMvcPrintOnlyOnFailureTestExecutionListener, org.springframework.boot.test.autoconfigure.web.servlet.WebDriverTestExecutionListener, org.springframework.boot.test.mock.mockito.MockitoTestExecutionListener, org.springframework.boot.test.mock.mockito.ResetMocksTestExecutionListener, org.springframework.test.context.web.ServletTestExecutionListener, org.springframework.test.context.support.DirtiesContextBeforeModesTestExecutionListener, org.springframework.test.context.support.DependencyInjectionTestExecutionListener, org.springframework.test.context.support.DirtiesContextTestExecutionListener, org.springframework.test.context.transaction.TransactionalTestExecutionListener, org.springframework.test.context.jdbc.SqlScriptsTestExecutionListener, org.springframework.test.context.event.EventPublishingTestExecutionListener]
2021-04-05 21:48:48.385  INFO 12216 --- [    Test worker] .b.t.a.w.s.WebMvcTestContextBootstrapper : Using TestExecutionListeners: [org.springframework.test.context.web.ServletTestExecutionListener@929c399, org.springframework.test.context.support.DirtiesContextBeforeModesTestExecutionListener@751da24d, org.springframework.boot.test.mock.mockito.MockitoTestExecutionListener@244aa3ad, org.springframework.boot.test.autoconfigure.SpringBootDependencyInjectionTestExecutionListener@48cb2a6e, org.springframework.test.context.support.DirtiesContextTestExecutionListener@f390de5, org.springframework.test.context.transaction.TransactionalTestExecutionListener@172ec985, org.springframework.test.context.jdbc.SqlScriptsTestExecutionListener@66885706, org.springframework.test.context.event.EventPublishingTestExecutionListener@778189e3, org.springframework.boot.test.autoconfigure.restdocs.RestDocsTestExecutionListener@3010f4d3, org.springframework.boot.test.autoconfigure.web.client.MockRestServiceServerResetTestExecutionListener@511361b5, org.springframework.boot.test.autoconfigure.web.servlet.MockMvcPrintOnlyOnFailureTestExecutionListener@75872cf6, org.springframework.boot.test.autoconfigure.web.servlet.WebDriverTestExecutionListener@e327d34, org.springframework.boot.test.mock.mockito.ResetMocksTestExecutionListener@39b3a64d]

  .   ____          _            __ _ _
 /\\ / ___'_ __ _ _(_)_ __  __ _ \ \ \ \
( ( )\___ | '_ | '_| | '_ \/ _` | \ \ \ \
 \\/  ___)| |_)| | | | | || (_| |  ) ) ) )
  '  |____| .__|_| |_|_| |_\__, | / / / /
 =========|_|==============|___/=/_/_/_/
 :: Spring Boot ::        (v2.2.1.RELEASE)

2021-04-05 21:48:48.444  INFO 12216 --- [    Test worker] c.r.interfaces.RegionControllerTest      : Starting RegionControllerTest on DESKTOP-R7AB2GV with PID 12216 (started by JAESEUNG in C:\Users\JAESEUNG\IdeaProjects\reservating_system\eatgo-admin-api)
2021-04-05 21:48:48.445  INFO 12216 --- [    Test worker] c.r.interfaces.RegionControllerTest      : No active profile set, falling back to default profiles: default
2021-04-05 21:48:49.055  INFO 12216 --- [    Test worker] o.s.s.concurrent.ThreadPoolTaskExecutor  : Initializing ExecutorService 'applicationTaskExecutor'
2021-04-05 21:48:49.338  INFO 12216 --- [    Test worker] o.s.b.t.m.w.SpringBootMockServletContext : Initializing Spring TestDispatcherServlet ''
2021-04-05 21:48:49.338  INFO 12216 --- [    Test worker] o.s.t.web.servlet.TestDispatcherServlet  : Initializing Servlet ''
2021-04-05 21:48:49.356  INFO 12216 --- [    Test worker] o.s.t.web.servlet.TestDispatcherServlet  : Completed initialization in 18 ms
2021-04-05 21:48:49.383  INFO 12216 --- [    Test worker] c.r.interfaces.RegionControllerTest      : Started RegionControllerTest in 0.994 seconds (JVM running for 8.054)
]]></system-out>
  <system-err><![CDATA[]]></system-err>
</testsuite>
