<?xml version="1.0" encoding="UTF-8"?>
<testsuite name="com.reservationsystem.interfaces.UserControllerTest" tests="4" skipped="0" failures="0" errors="0" timestamp="2021-07-17T15:16:48" hostname="DESKTOP-R7AB2GV" time="0.027">
  <properties/>
  <testcase name="create" classname="com.reservationsystem.interfaces.UserControllerTest" time="0.007"/>
  <testcase name="update" classname="com.reservationsystem.interfaces.UserControllerTest" time="0.005"/>
  <testcase name="list" classname="com.reservationsystem.interfaces.UserControllerTest" time="0.007"/>
  <testcase name="delete1" classname="com.reservationsystem.interfaces.UserControllerTest" time="0.005"/>
  <system-out><![CDATA[2021-07-18 00:16:48.065  INFO 6808 --- [    Test worker] .b.t.a.w.s.WebMvcTestContextBootstrapper : Neither @ContextConfiguration nor @ContextHierarchy found for test class [com.reservationsystem.interfaces.UserControllerTest], using SpringBootContextLoader
2021-07-18 00:16:48.067  INFO 6808 --- [    Test worker] o.s.t.c.support.AbstractContextLoader    : Could not detect default resource locations for test class [com.reservationsystem.interfaces.UserControllerTest]: no resource found for suffixes {-context.xml, Context.groovy}.
2021-07-18 00:16:48.067  INFO 6808 --- [    Test worker] t.c.s.AnnotationConfigContextLoaderUtils : Could not detect default configuration classes for test class [com.reservationsystem.interfaces.UserControllerTest]: UserControllerTest does not declare any static, non-private, non-final, nested classes annotated with @Configuration.
2021-07-18 00:16:48.069  INFO 6808 --- [    Test worker] .b.t.c.SpringBootTestContextBootstrapper : Found @SpringBootConfiguration com.reservationsystem.EatgoAdminApiApplication for test class com.reservationsystem.interfaces.UserControllerTest
2021-07-18 00:16:48.070  INFO 6808 --- [    Test worker] .b.t.a.w.s.WebMvcTestContextBootstrapper : Loaded default TestExecutionListener class names from location [META-INF/spring.factories]: [org.springframework.boot.test.autoconfigure.restdocs.RestDocsTestExecutionListener, org.springframework.boot.test.autoconfigure.web.client.MockRestServiceServerResetTestExecutionListener, org.springframework.boot.test.autoconfigure.web.servlet.MockMvcPrintOnlyOnFailureTestExecutionListener, org.springframework.boot.test.autoconfigure.web.servlet.WebDriverTestExecutionListener, org.springframework.boot.test.mock.mockito.MockitoTestExecutionListener, org.springframework.boot.test.mock.mockito.ResetMocksTestExecutionListener, org.springframework.test.context.web.ServletTestExecutionListener, org.springframework.test.context.support.DirtiesContextBeforeModesTestExecutionListener, org.springframework.test.context.support.DependencyInjectionTestExecutionListener, org.springframework.test.context.support.DirtiesContextTestExecutionListener, org.springframework.test.context.transaction.TransactionalTestExecutionListener, org.springframework.test.context.jdbc.SqlScriptsTestExecutionListener, org.springframework.test.context.event.EventPublishingTestExecutionListener]
2021-07-18 00:16:48.071  INFO 6808 --- [    Test worker] .b.t.a.w.s.WebMvcTestContextBootstrapper : Using TestExecutionListeners: [org.springframework.test.context.web.ServletTestExecutionListener@f0a4631, org.springframework.test.context.support.DirtiesContextBeforeModesTestExecutionListener@604ae977, org.springframework.boot.test.mock.mockito.MockitoTestExecutionListener@419ee14f, org.springframework.boot.test.autoconfigure.SpringBootDependencyInjectionTestExecutionListener@3cb5cd41, org.springframework.test.context.support.DirtiesContextTestExecutionListener@61d32f28, org.springframework.test.context.transaction.TransactionalTestExecutionListener@56e56334, org.springframework.test.context.jdbc.SqlScriptsTestExecutionListener@60c7743e, org.springframework.test.context.event.EventPublishingTestExecutionListener@720a62a2, org.springframework.boot.test.autoconfigure.restdocs.RestDocsTestExecutionListener@ad8a9a4, org.springframework.boot.test.autoconfigure.web.client.MockRestServiceServerResetTestExecutionListener@77d99708, org.springframework.boot.test.autoconfigure.web.servlet.MockMvcPrintOnlyOnFailureTestExecutionListener@2ce46b49, org.springframework.boot.test.autoconfigure.web.servlet.WebDriverTestExecutionListener@dda1305, org.springframework.boot.test.mock.mockito.ResetMocksTestExecutionListener@42801e93]

  .   ____          _            __ _ _
 /\\ / ___'_ __ _ _(_)_ __  __ _ \ \ \ \
( ( )\___ | '_ | '_| | '_ \/ _` | \ \ \ \
 \\/  ___)| |_)| | | | | || (_| |  ) ) ) )
  '  |____| .__|_| |_|_| |_\__, | / / / /
 =========|_|==============|___/=/_/_/_/
 :: Spring Boot ::        (v2.2.1.RELEASE)

2021-07-18 00:16:48.104  INFO 6808 --- [    Test worker] c.r.interfaces.UserControllerTest        : Starting UserControllerTest on DESKTOP-R7AB2GV with PID 6808 (started by JAESEUNG in C:\Users\JAESEUNG\IdeaProjects\Restaurant_System\eatgo-admin-api)
2021-07-18 00:16:48.104  INFO 6808 --- [    Test worker] c.r.interfaces.UserControllerTest        : No active profile set, falling back to default profiles: default
2021-07-18 00:16:48.425  INFO 6808 --- [    Test worker] o.s.s.concurrent.ThreadPoolTaskExecutor  : Initializing ExecutorService 'applicationTaskExecutor'
2021-07-18 00:16:48.585  INFO 6808 --- [    Test worker] o.s.b.t.m.w.SpringBootMockServletContext : Initializing Spring TestDispatcherServlet ''
2021-07-18 00:16:48.585  INFO 6808 --- [    Test worker] o.s.t.web.servlet.TestDispatcherServlet  : Initializing Servlet ''
2021-07-18 00:16:48.593  INFO 6808 --- [    Test worker] o.s.t.web.servlet.TestDispatcherServlet  : Completed initialization in 8 ms
2021-07-18 00:16:48.606  INFO 6808 --- [    Test worker] c.r.interfaces.UserControllerTest        : Started UserControllerTest in 0.532 seconds (JVM running for 7.333)
]]></system-out>
  <system-err><![CDATA[]]></system-err>
</testsuite>
