<?xml version="1.0" encoding="UTF-8"?>
<testsuite name="com.reservationsystem.application.CategoryServiceTest" tests="1" skipped="0" failures="0" errors="0" timestamp="2021-03-31T15:35:21" hostname="DESKTOP-R7AB2GV" time="0.9">
  <properties/>
  <testcase name="getCategory" classname="com.reservationsystem.application.CategoryServiceTest" time="0.9"/>
  <system-out><![CDATA[]]></system-out>
  <system-err><![CDATA[]]></system-err>
</testsuite>
