<?xml version="1.0" encoding="UTF-8"?>
<testsuite name="com.reservationsystem.interfaces.MenuItemControllerTest" tests="1" skipped="0" failures="0" errors="0" timestamp="2021-04-09T05:22:11" hostname="DESKTOP-R7AB2GV" time="0.039">
  <properties/>
  <testcase name="bulkUpdate" classname="com.reservationsystem.interfaces.MenuItemControllerTest" time="0.039"/>
  <system-out><![CDATA[2021-04-09 14:22:10.121  INFO 10200 --- [    Test worker] .b.t.a.w.s.WebMvcTestContextBootstrapper : Neither @ContextConfiguration nor @ContextHierarchy found for test class [com.reservationsystem.interfaces.MenuItemControllerTest], using SpringBootContextLoader
2021-04-09 14:22:10.123  INFO 10200 --- [    Test worker] o.s.t.c.support.AbstractContextLoader    : Could not detect default resource locations for test class [com.reservationsystem.interfaces.MenuItemControllerTest]: no resource found for suffixes {-context.xml, Context.groovy}.
2021-04-09 14:22:10.125  INFO 10200 --- [    Test worker] t.c.s.AnnotationConfigContextLoaderUtils : Could not detect default configuration classes for test class [com.reservationsystem.interfaces.MenuItemControllerTest]: MenuItemControllerTest does not declare any static, non-private, non-final, nested classes annotated with @Configuration.
2021-04-09 14:22:10.140  INFO 10200 --- [    Test worker] .b.t.c.SpringBootTestContextBootstrapper : Found @SpringBootConfiguration com.reservationsystem.EatgoAdminApiApplication for test class com.reservationsystem.interfaces.MenuItemControllerTest
2021-04-09 14:22:10.141  INFO 10200 --- [    Test worker] .b.t.a.w.s.WebMvcTestContextBootstrapper : Loaded default TestExecutionListener class names from location [META-INF/spring.factories]: [org.springframework.boot.test.autoconfigure.restdocs.RestDocsTestExecutionListener, org.springframework.boot.test.autoconfigure.web.client.MockRestServiceServerResetTestExecutionListener, org.springframework.boot.test.autoconfigure.web.servlet.MockMvcPrintOnlyOnFailureTestExecutionListener, org.springframework.boot.test.autoconfigure.web.servlet.WebDriverTestExecutionListener, org.springframework.boot.test.mock.mockito.MockitoTestExecutionListener, org.springframework.boot.test.mock.mockito.ResetMocksTestExecutionListener, org.springframework.test.context.web.ServletTestExecutionListener, org.springframework.test.context.support.DirtiesContextBeforeModesTestExecutionListener, org.springframework.test.context.support.DependencyInjectionTestExecutionListener, org.springframework.test.context.support.DirtiesContextTestExecutionListener, org.springframework.test.context.transaction.TransactionalTestExecutionListener, org.springframework.test.context.jdbc.SqlScriptsTestExecutionListener, org.springframework.test.context.event.EventPublishingTestExecutionListener]
2021-04-09 14:22:10.142  INFO 10200 --- [    Test worker] .b.t.a.w.s.WebMvcTestContextBootstrapper : Using TestExecutionListeners: [org.springframework.test.context.web.ServletTestExecutionListener@4263d8ec, org.springframework.test.context.support.DirtiesContextBeforeModesTestExecutionListener@4cf2ad91, org.springframework.boot.test.mock.mockito.MockitoTestExecutionListener@62959811, org.springframework.boot.test.autoconfigure.SpringBootDependencyInjectionTestExecutionListener@3ba1a54c, org.springframework.test.context.support.DirtiesContextTestExecutionListener@6759ae6c, org.springframework.test.context.transaction.TransactionalTestExecutionListener@3e1e0933, org.springframework.test.context.jdbc.SqlScriptsTestExecutionListener@70854bf1, org.springframework.test.context.event.EventPublishingTestExecutionListener@46b81b68, org.springframework.boot.test.autoconfigure.restdocs.RestDocsTestExecutionListener@6cb8f71d, org.springframework.boot.test.autoconfigure.web.client.MockRestServiceServerResetTestExecutionListener@22213c28, org.springframework.boot.test.autoconfigure.web.servlet.MockMvcPrintOnlyOnFailureTestExecutionListener@7821315e, org.springframework.boot.test.autoconfigure.web.servlet.WebDriverTestExecutionListener@7ec40669, org.springframework.boot.test.mock.mockito.ResetMocksTestExecutionListener@556f06b3]

  .   ____          _            __ _ _
 /\\ / ___'_ __ _ _(_)_ __  __ _ \ \ \ \
( ( )\___ | '_ | '_| | '_ \/ _` | \ \ \ \
 \\/  ___)| |_)| | | | | || (_| |  ) ) ) )
  '  |____| .__|_| |_|_| |_\__, | / / / /
 =========|_|==============|___/=/_/_/_/
 :: Spring Boot ::        (v2.2.1.RELEASE)

2021-04-09 14:22:10.278  INFO 10200 --- [    Test worker] c.r.interfaces.MenuItemControllerTest    : Starting MenuItemControllerTest on DESKTOP-R7AB2GV with PID 10200 (started by JAESEUNG in C:\Users\JAESEUNG\IdeaProjects\reservating_system\eatgo-admin-api)
2021-04-09 14:22:10.285  INFO 10200 --- [    Test worker] c.r.interfaces.MenuItemControllerTest    : No active profile set, falling back to default profiles: default
2021-04-09 14:22:11.053  INFO 10200 --- [    Test worker] o.s.s.concurrent.ThreadPoolTaskExecutor  : Initializing ExecutorService 'applicationTaskExecutor'
2021-04-09 14:22:11.413  INFO 10200 --- [    Test worker] o.s.b.t.m.w.SpringBootMockServletContext : Initializing Spring TestDispatcherServlet ''
2021-04-09 14:22:11.413  INFO 10200 --- [    Test worker] o.s.t.web.servlet.TestDispatcherServlet  : Initializing Servlet ''
2021-04-09 14:22:11.430  INFO 10200 --- [    Test worker] o.s.t.web.servlet.TestDispatcherServlet  : Completed initialization in 17 ms
2021-04-09 14:22:11.464  INFO 10200 --- [    Test worker] c.r.interfaces.MenuItemControllerTest    : Started MenuItemControllerTest in 1.314 seconds (JVM running for 9.038)
]]></system-out>
  <system-err><![CDATA[]]></system-err>
</testsuite>
