<?xml version="1.0" encoding="UTF-8"?>
<testsuite name="com.reservationsystem.application.RestaurantServiceTest" tests="6" skipped="0" failures="0" errors="0" timestamp="2021-04-09T05:22:04" hostname="DESKTOP-R7AB2GV" time="0.056">
  <properties/>
  <testcase name="addRestaurant" classname="com.reservationsystem.application.RestaurantServiceTest" time="0.032"/>
  <testcase name="Restaurants" classname="com.reservationsystem.application.RestaurantServiceTest" time="0.002"/>
  <testcase name="getRestaurantWithNotExisted" classname="com.reservationsystem.application.RestaurantServiceTest" time="0.005"/>
  <testcase name="getRestaurantWithExisted" classname="com.reservationsystem.application.RestaurantServiceTest" time="0.004"/>
  <testcase name="getRestaurants" classname="com.reservationsystem.application.RestaurantServiceTest" time="0.004"/>
  <testcase name="updateRestaurant" classname="com.reservationsystem.application.RestaurantServiceTest" time="0.004"/>
  <system-out><![CDATA[]]></system-out>
  <system-err><![CDATA[]]></system-err>
</testsuite>
