<?xml version="1.0" encoding="UTF-8"?>
<testsuite name="com.reservationsystem.EatgoAdminApiApplicationTest" tests="1" skipped="0" failures="0" errors="0" timestamp="2021-03-27T08:16:07" hostname="DESKTOP-R7AB2GV" time="0.001">
  <properties/>
  <testcase name="contextLoads" classname="com.reservationsystem.EatgoAdminApiApplicationTest" time="0.001"/>
  <system-out><![CDATA[]]></system-out>
  <system-err><![CDATA[]]></system-err>
</testsuite>
