<?xml version="1.0" encoding="UTF-8"?>
<testsuite name="com.reservationsystem.interfaces.ReviewControllerTest" tests="1" skipped="0" failures="0" errors="0" timestamp="2021-03-31T15:35:31" hostname="DESKTOP-R7AB2GV" time="0.025">
  <properties/>
  <testcase name="list" classname="com.reservationsystem.interfaces.ReviewControllerTest" time="0.025"/>
  <system-out><![CDATA[2021-04-01 00:35:30.873  INFO 13380 --- [    Test worker] .b.t.a.w.s.WebMvcTestContextBootstrapper : Neither @ContextConfiguration nor @ContextHierarchy found for test class [com.reservationsystem.interfaces.ReviewControllerTest], using SpringBootContextLoader
2021-04-01 00:35:30.875  INFO 13380 --- [    Test worker] o.s.t.c.support.AbstractContextLoader    : Could not detect default resource locations for test class [com.reservationsystem.interfaces.ReviewControllerTest]: no resource found for suffixes {-context.xml, Context.groovy}.
2021-04-01 00:35:30.875  INFO 13380 --- [    Test worker] t.c.s.AnnotationConfigContextLoaderUtils : Could not detect default configuration classes for test class [com.reservationsystem.interfaces.ReviewControllerTest]: ReviewControllerTest does not declare any static, non-private, non-final, nested classes annotated with @Configuration.
2021-04-01 00:35:30.880  INFO 13380 --- [    Test worker] .b.t.c.SpringBootTestContextBootstrapper : Found @SpringBootConfiguration com.reservationsystem.EatgoAdminApiApplication for test class com.reservationsystem.interfaces.ReviewControllerTest
2021-04-01 00:35:30.885  INFO 13380 --- [    Test worker] .b.t.a.w.s.WebMvcTestContextBootstrapper : Loaded default TestExecutionListener class names from location [META-INF/spring.factories]: [org.springframework.boot.test.autoconfigure.restdocs.RestDocsTestExecutionListener, org.springframework.boot.test.autoconfigure.web.client.MockRestServiceServerResetTestExecutionListener, org.springframework.boot.test.autoconfigure.web.servlet.MockMvcPrintOnlyOnFailureTestExecutionListener, org.springframework.boot.test.autoconfigure.web.servlet.WebDriverTestExecutionListener, org.springframework.boot.test.mock.mockito.MockitoTestExecutionListener, org.springframework.boot.test.mock.mockito.ResetMocksTestExecutionListener, org.springframework.test.context.web.ServletTestExecutionListener, org.springframework.test.context.support.DirtiesContextBeforeModesTestExecutionListener, org.springframework.test.context.support.DependencyInjectionTestExecutionListener, org.springframework.test.context.support.DirtiesContextTestExecutionListener, org.springframework.test.context.transaction.TransactionalTestExecutionListener, org.springframework.test.context.jdbc.SqlScriptsTestExecutionListener, org.springframework.test.context.event.EventPublishingTestExecutionListener]
2021-04-01 00:35:30.887  INFO 13380 --- [    Test worker] .b.t.a.w.s.WebMvcTestContextBootstrapper : Using TestExecutionListeners: [org.springframework.test.context.web.ServletTestExecutionListener@685abff, org.springframework.test.context.support.DirtiesContextBeforeModesTestExecutionListener@20dbe0b4, org.springframework.boot.test.mock.mockito.MockitoTestExecutionListener@7a8dd5b6, org.springframework.boot.test.autoconfigure.SpringBootDependencyInjectionTestExecutionListener@4598467c, org.springframework.test.context.support.DirtiesContextTestExecutionListener@6e69c763, org.springframework.test.context.transaction.TransactionalTestExecutionListener@11c8545a, org.springframework.test.context.jdbc.SqlScriptsTestExecutionListener@57c13b0, org.springframework.test.context.event.EventPublishingTestExecutionListener@2500ec5, org.springframework.boot.test.autoconfigure.restdocs.RestDocsTestExecutionListener@22228333, org.springframework.boot.test.autoconfigure.web.client.MockRestServiceServerResetTestExecutionListener@711b69a9, org.springframework.boot.test.autoconfigure.web.servlet.MockMvcPrintOnlyOnFailureTestExecutionListener@149f15a9, org.springframework.boot.test.autoconfigure.web.servlet.WebDriverTestExecutionListener@163b17d9, org.springframework.boot.test.mock.mockito.ResetMocksTestExecutionListener@20362536]

  .   ____          _            __ _ _
 /\\ / ___'_ __ _ _(_)_ __  __ _ \ \ \ \
( ( )\___ | '_ | '_| | '_ \/ _` | \ \ \ \
 \\/  ___)| |_)| | | | | || (_| |  ) ) ) )
  '  |____| .__|_| |_|_| |_\__, | / / / /
 =========|_|==============|___/=/_/_/_/
 :: Spring Boot ::        (v2.2.1.RELEASE)

2021-04-01 00:35:30.955  INFO 13380 --- [    Test worker] c.r.interfaces.ReviewControllerTest      : Starting ReviewControllerTest on DESKTOP-R7AB2GV with PID 13380 (started by JAESEUNG in C:\Users\JAESEUNG\IdeaProjects\reservating_system\eatgo-admin-api)
2021-04-01 00:35:30.957  INFO 13380 --- [    Test worker] c.r.interfaces.ReviewControllerTest      : No active profile set, falling back to default profiles: default
2021-04-01 00:35:31.597  INFO 13380 --- [    Test worker] o.s.s.concurrent.ThreadPoolTaskExecutor  : Initializing ExecutorService 'applicationTaskExecutor'
2021-04-01 00:35:31.951  INFO 13380 --- [    Test worker] o.s.b.t.m.w.SpringBootMockServletContext : Initializing Spring TestDispatcherServlet ''
2021-04-01 00:35:31.952  INFO 13380 --- [    Test worker] o.s.t.web.servlet.TestDispatcherServlet  : Initializing Servlet ''
2021-04-01 00:35:31.965  INFO 13380 --- [    Test worker] o.s.t.web.servlet.TestDispatcherServlet  : Completed initialization in 13 ms
2021-04-01 00:35:31.994  INFO 13380 --- [    Test worker] c.r.interfaces.ReviewControllerTest      : Started ReviewControllerTest in 1.101 seconds (JVM running for 11.808)
]]></system-out>
  <system-err><![CDATA[]]></system-err>
</testsuite>
