<?xml version="1.0" encoding="UTF-8"?>
<testsuite name="com.reservationsystem.interfaces.RegionControllerTest" tests="2" skipped="0" failures="0" errors="0" timestamp="2021-04-15T10:33:32" hostname="DESKTOP-R7AB2GV" time="0.038">
  <properties/>
  <testcase name="create" classname="com.reservationsystem.interfaces.RegionControllerTest" time="0.02"/>
  <testcase name="list" classname="com.reservationsystem.interfaces.RegionControllerTest" time="0.015"/>
  <system-out><![CDATA[2021-04-15 19:33:31.662  INFO 15924 --- [    Test worker] .b.t.a.w.s.WebMvcTestContextBootstrapper : Neither @ContextConfiguration nor @ContextHierarchy found for test class [com.reservationsystem.interfaces.RegionControllerTest], using SpringBootContextLoader
2021-04-15 19:33:31.665  INFO 15924 --- [    Test worker] o.s.t.c.support.AbstractContextLoader    : Could not detect default resource locations for test class [com.reservationsystem.interfaces.RegionControllerTest]: no resource found for suffixes {-context.xml, Context.groovy}.
2021-04-15 19:33:31.666  INFO 15924 --- [    Test worker] t.c.s.AnnotationConfigContextLoaderUtils : Could not detect default configuration classes for test class [com.reservationsystem.interfaces.RegionControllerTest]: RegionControllerTest does not declare any static, non-private, non-final, nested classes annotated with @Configuration.
2021-04-15 19:33:31.677  INFO 15924 --- [    Test worker] .b.t.c.SpringBootTestContextBootstrapper : Found @SpringBootConfiguration com.reservationsystem.EatgoAdminApiApplication for test class com.reservationsystem.interfaces.RegionControllerTest
2021-04-15 19:33:31.678  INFO 15924 --- [    Test worker] .b.t.a.w.s.WebMvcTestContextBootstrapper : Loaded default TestExecutionListener class names from location [META-INF/spring.factories]: [org.springframework.boot.test.autoconfigure.restdocs.RestDocsTestExecutionListener, org.springframework.boot.test.autoconfigure.web.client.MockRestServiceServerResetTestExecutionListener, org.springframework.boot.test.autoconfigure.web.servlet.MockMvcPrintOnlyOnFailureTestExecutionListener, org.springframework.boot.test.autoconfigure.web.servlet.WebDriverTestExecutionListener, org.springframework.boot.test.mock.mockito.MockitoTestExecutionListener, org.springframework.boot.test.mock.mockito.ResetMocksTestExecutionListener, org.springframework.test.context.web.ServletTestExecutionListener, org.springframework.test.context.support.DirtiesContextBeforeModesTestExecutionListener, org.springframework.test.context.support.DependencyInjectionTestExecutionListener, org.springframework.test.context.support.DirtiesContextTestExecutionListener, org.springframework.test.context.transaction.TransactionalTestExecutionListener, org.springframework.test.context.jdbc.SqlScriptsTestExecutionListener, org.springframework.test.context.event.EventPublishingTestExecutionListener]
2021-04-15 19:33:31.679  INFO 15924 --- [    Test worker] .b.t.a.w.s.WebMvcTestContextBootstrapper : Using TestExecutionListeners: [org.springframework.test.context.web.ServletTestExecutionListener@3eb52734, org.springframework.test.context.support.DirtiesContextBeforeModesTestExecutionListener@18ca961b, org.springframework.boot.test.mock.mockito.MockitoTestExecutionListener@4db4dcf, org.springframework.boot.test.autoconfigure.SpringBootDependencyInjectionTestExecutionListener@69718123, org.springframework.test.context.support.DirtiesContextTestExecutionListener@7eea97be, org.springframework.test.context.transaction.TransactionalTestExecutionListener@325cbc36, org.springframework.test.context.jdbc.SqlScriptsTestExecutionListener@6c373a87, org.springframework.test.context.event.EventPublishingTestExecutionListener@92ac6bb, org.springframework.boot.test.autoconfigure.restdocs.RestDocsTestExecutionListener@23d7e747, org.springframework.boot.test.autoconfigure.web.client.MockRestServiceServerResetTestExecutionListener@74bd5207, org.springframework.boot.test.autoconfigure.web.servlet.MockMvcPrintOnlyOnFailureTestExecutionListener@210bad15, org.springframework.boot.test.autoconfigure.web.servlet.WebDriverTestExecutionListener@7ecbb891, org.springframework.boot.test.mock.mockito.ResetMocksTestExecutionListener@62ba85d0]

  .   ____          _            __ _ _
 /\\ / ___'_ __ _ _(_)_ __  __ _ \ \ \ \
( ( )\___ | '_ | '_| | '_ \/ _` | \ \ \ \
 \\/  ___)| |_)| | | | | || (_| |  ) ) ) )
  '  |____| .__|_| |_|_| |_\__, | / / / /
 =========|_|==============|___/=/_/_/_/
 :: Spring Boot ::        (v2.2.1.RELEASE)

2021-04-15 19:33:31.755  INFO 15924 --- [    Test worker] c.r.interfaces.RegionControllerTest      : Starting RegionControllerTest on DESKTOP-R7AB2GV with PID 15924 (started by JAESEUNG in C:\Users\JAESEUNG\IdeaProjects\reservation_system\eatgo-admin-api)
2021-04-15 19:33:31.757  INFO 15924 --- [    Test worker] c.r.interfaces.RegionControllerTest      : No active profile set, falling back to default profiles: default
2021-04-15 19:33:32.389  INFO 15924 --- [    Test worker] o.s.s.concurrent.ThreadPoolTaskExecutor  : Initializing ExecutorService 'applicationTaskExecutor'
2021-04-15 19:33:32.672  INFO 15924 --- [    Test worker] o.s.b.t.m.w.SpringBootMockServletContext : Initializing Spring TestDispatcherServlet ''
2021-04-15 19:33:32.673  INFO 15924 --- [    Test worker] o.s.t.web.servlet.TestDispatcherServlet  : Initializing Servlet ''
2021-04-15 19:33:32.687  INFO 15924 --- [    Test worker] o.s.t.web.servlet.TestDispatcherServlet  : Completed initialization in 14 ms
2021-04-15 19:33:32.712  INFO 15924 --- [    Test worker] c.r.interfaces.RegionControllerTest      : Started RegionControllerTest in 1.027 seconds (JVM running for 9.545)
]]></system-out>
  <system-err><![CDATA[]]></system-err>
</testsuite>
