<?xml version="1.0" encoding="UTF-8"?>
<testsuite name="com.reservationsystem.interfaces.UserControllerTest" tests="4" skipped="0" failures="0" errors="0" timestamp="2021-04-22T00:42:34" hostname="DESKTOP-R7AB2GV" time="0.041">
  <properties/>
  <testcase name="create" classname="com.reservationsystem.interfaces.UserControllerTest" time="0.013"/>
  <testcase name="update" classname="com.reservationsystem.interfaces.UserControllerTest" time="0.008"/>
  <testcase name="list" classname="com.reservationsystem.interfaces.UserControllerTest" time="0.009"/>
  <testcase name="delete1" classname="com.reservationsystem.interfaces.UserControllerTest" time="0.007"/>
  <system-out><![CDATA[2021-04-22 09:42:33.314  INFO 17816 --- [    Test worker] .b.t.a.w.s.WebMvcTestContextBootstrapper : Neither @ContextConfiguration nor @ContextHierarchy found for test class [com.reservationsystem.interfaces.UserControllerTest], using SpringBootContextLoader
2021-04-22 09:42:33.317  INFO 17816 --- [    Test worker] o.s.t.c.support.AbstractContextLoader    : Could not detect default resource locations for test class [com.reservationsystem.interfaces.UserControllerTest]: no resource found for suffixes {-context.xml, Context.groovy}.
2021-04-22 09:42:33.317  INFO 17816 --- [    Test worker] t.c.s.AnnotationConfigContextLoaderUtils : Could not detect default configuration classes for test class [com.reservationsystem.interfaces.UserControllerTest]: UserControllerTest does not declare any static, non-private, non-final, nested classes annotated with @Configuration.
2021-04-22 09:42:33.323  INFO 17816 --- [    Test worker] .b.t.c.SpringBootTestContextBootstrapper : Found @SpringBootConfiguration com.reservationsystem.EatgoAdminApiApplication for test class com.reservationsystem.interfaces.UserControllerTest
2021-04-22 09:42:33.324  INFO 17816 --- [    Test worker] .b.t.a.w.s.WebMvcTestContextBootstrapper : Loaded default TestExecutionListener class names from location [META-INF/spring.factories]: [org.springframework.boot.test.autoconfigure.restdocs.RestDocsTestExecutionListener, org.springframework.boot.test.autoconfigure.web.client.MockRestServiceServerResetTestExecutionListener, org.springframework.boot.test.autoconfigure.web.servlet.MockMvcPrintOnlyOnFailureTestExecutionListener, org.springframework.boot.test.autoconfigure.web.servlet.WebDriverTestExecutionListener, org.springframework.boot.test.mock.mockito.MockitoTestExecutionListener, org.springframework.boot.test.mock.mockito.ResetMocksTestExecutionListener, org.springframework.test.context.web.ServletTestExecutionListener, org.springframework.test.context.support.DirtiesContextBeforeModesTestExecutionListener, org.springframework.test.context.support.DependencyInjectionTestExecutionListener, org.springframework.test.context.support.DirtiesContextTestExecutionListener, org.springframework.test.context.transaction.TransactionalTestExecutionListener, org.springframework.test.context.jdbc.SqlScriptsTestExecutionListener, org.springframework.test.context.event.EventPublishingTestExecutionListener]
2021-04-22 09:42:33.327  INFO 17816 --- [    Test worker] .b.t.a.w.s.WebMvcTestContextBootstrapper : Using TestExecutionListeners: [org.springframework.test.context.web.ServletTestExecutionListener@7e7bf1c0, org.springframework.test.context.support.DirtiesContextBeforeModesTestExecutionListener@79808acf, org.springframework.boot.test.mock.mockito.MockitoTestExecutionListener@f0a4631, org.springframework.boot.test.autoconfigure.SpringBootDependencyInjectionTestExecutionListener@604ae977, org.springframework.test.context.support.DirtiesContextTestExecutionListener@419ee14f, org.springframework.test.context.transaction.TransactionalTestExecutionListener@3cb5cd41, org.springframework.test.context.jdbc.SqlScriptsTestExecutionListener@61d32f28, org.springframework.test.context.event.EventPublishingTestExecutionListener@56e56334, org.springframework.boot.test.autoconfigure.restdocs.RestDocsTestExecutionListener@60c7743e, org.springframework.boot.test.autoconfigure.web.client.MockRestServiceServerResetTestExecutionListener@720a62a2, org.springframework.boot.test.autoconfigure.web.servlet.MockMvcPrintOnlyOnFailureTestExecutionListener@ad8a9a4, org.springframework.boot.test.autoconfigure.web.servlet.WebDriverTestExecutionListener@77d99708, org.springframework.boot.test.mock.mockito.ResetMocksTestExecutionListener@2ce46b49]

  .   ____          _            __ _ _
 /\\ / ___'_ __ _ _(_)_ __  __ _ \ \ \ \
( ( )\___ | '_ | '_| | '_ \/ _` | \ \ \ \
 \\/  ___)| |_)| | | | | || (_| |  ) ) ) )
  '  |____| .__|_| |_|_| |_\__, | / / / /
 =========|_|==============|___/=/_/_/_/
 :: Spring Boot ::        (v2.2.1.RELEASE)

2021-04-22 09:42:33.407  INFO 17816 --- [    Test worker] c.r.interfaces.UserControllerTest        : Starting UserControllerTest on DESKTOP-R7AB2GV with PID 17816 (started by JAESEUNG in C:\Users\JAESEUNG\IdeaProjects\reservation_system\eatgo-admin-api)
2021-04-22 09:42:33.409  INFO 17816 --- [    Test worker] c.r.interfaces.UserControllerTest        : No active profile set, falling back to default profiles: default
2021-04-22 09:42:33.965  INFO 17816 --- [    Test worker] o.s.s.concurrent.ThreadPoolTaskExecutor  : Initializing ExecutorService 'applicationTaskExecutor'
2021-04-22 09:42:34.162  INFO 17816 --- [    Test worker] o.s.b.t.m.w.SpringBootMockServletContext : Initializing Spring TestDispatcherServlet ''
2021-04-22 09:42:34.163  INFO 17816 --- [    Test worker] o.s.t.web.servlet.TestDispatcherServlet  : Initializing Servlet ''
2021-04-22 09:42:34.174  INFO 17816 --- [    Test worker] o.s.t.web.servlet.TestDispatcherServlet  : Completed initialization in 11 ms
2021-04-22 09:42:34.191  INFO 17816 --- [    Test worker] c.r.interfaces.UserControllerTest        : Started UserControllerTest in 0.858 seconds (JVM running for 12.086)
]]></system-out>
  <system-err><![CDATA[]]></system-err>
</testsuite>
