<?xml version="1.0" encoding="UTF-8"?>
<testsuite name="com.reservationsystem.interfaces.RegionControllerTest" tests="2" skipped="0" failures="0" errors="0" timestamp="2021-03-31T15:35:29" hostname="DESKTOP-R7AB2GV" time="0.034">
  <properties/>
  <testcase name="create" classname="com.reservationsystem.interfaces.RegionControllerTest" time="0.018"/>
  <testcase name="list" classname="com.reservationsystem.interfaces.RegionControllerTest" time="0.015"/>
  <system-out><![CDATA[2021-04-01 00:35:28.149  INFO 13380 --- [    Test worker] .b.t.a.w.s.WebMvcTestContextBootstrapper : Neither @ContextConfiguration nor @ContextHierarchy found for test class [com.reservationsystem.interfaces.RegionControllerTest], using SpringBootContextLoader
2021-04-01 00:35:28.152  INFO 13380 --- [    Test worker] o.s.t.c.support.AbstractContextLoader    : Could not detect default resource locations for test class [com.reservationsystem.interfaces.RegionControllerTest]: no resource found for suffixes {-context.xml, Context.groovy}.
2021-04-01 00:35:28.153  INFO 13380 --- [    Test worker] t.c.s.AnnotationConfigContextLoaderUtils : Could not detect default configuration classes for test class [com.reservationsystem.interfaces.RegionControllerTest]: RegionControllerTest does not declare any static, non-private, non-final, nested classes annotated with @Configuration.
2021-04-01 00:35:28.163  INFO 13380 --- [    Test worker] .b.t.c.SpringBootTestContextBootstrapper : Found @SpringBootConfiguration com.reservationsystem.EatgoAdminApiApplication for test class com.reservationsystem.interfaces.RegionControllerTest
2021-04-01 00:35:28.164  INFO 13380 --- [    Test worker] .b.t.a.w.s.WebMvcTestContextBootstrapper : Loaded default TestExecutionListener class names from location [META-INF/spring.factories]: [org.springframework.boot.test.autoconfigure.restdocs.RestDocsTestExecutionListener, org.springframework.boot.test.autoconfigure.web.client.MockRestServiceServerResetTestExecutionListener, org.springframework.boot.test.autoconfigure.web.servlet.MockMvcPrintOnlyOnFailureTestExecutionListener, org.springframework.boot.test.autoconfigure.web.servlet.WebDriverTestExecutionListener, org.springframework.boot.test.mock.mockito.MockitoTestExecutionListener, org.springframework.boot.test.mock.mockito.ResetMocksTestExecutionListener, org.springframework.test.context.web.ServletTestExecutionListener, org.springframework.test.context.support.DirtiesContextBeforeModesTestExecutionListener, org.springframework.test.context.support.DependencyInjectionTestExecutionListener, org.springframework.test.context.support.DirtiesContextTestExecutionListener, org.springframework.test.context.transaction.TransactionalTestExecutionListener, org.springframework.test.context.jdbc.SqlScriptsTestExecutionListener, org.springframework.test.context.event.EventPublishingTestExecutionListener]
2021-04-01 00:35:28.165  INFO 13380 --- [    Test worker] .b.t.a.w.s.WebMvcTestContextBootstrapper : Using TestExecutionListeners: [org.springframework.test.context.web.ServletTestExecutionListener@437bb3d5, org.springframework.test.context.support.DirtiesContextBeforeModesTestExecutionListener@7a9c5f9, org.springframework.boot.test.mock.mockito.MockitoTestExecutionListener@53ff1a48, org.springframework.boot.test.autoconfigure.SpringBootDependencyInjectionTestExecutionListener@2a41c7e7, org.springframework.test.context.support.DirtiesContextTestExecutionListener@343a2c61, org.springframework.test.context.transaction.TransactionalTestExecutionListener@7df5a112, org.springframework.test.context.jdbc.SqlScriptsTestExecutionListener@5673d9be, org.springframework.test.context.event.EventPublishingTestExecutionListener@72a94268, org.springframework.boot.test.autoconfigure.restdocs.RestDocsTestExecutionListener@17153178, org.springframework.boot.test.autoconfigure.web.client.MockRestServiceServerResetTestExecutionListener@4738efb9, org.springframework.boot.test.autoconfigure.web.servlet.MockMvcPrintOnlyOnFailureTestExecutionListener@fce70c9, org.springframework.boot.test.autoconfigure.web.servlet.WebDriverTestExecutionListener@374cc95a, org.springframework.boot.test.mock.mockito.ResetMocksTestExecutionListener@9eca03a]

  .   ____          _            __ _ _
 /\\ / ___'_ __ _ _(_)_ __  __ _ \ \ \ \
( ( )\___ | '_ | '_| | '_ \/ _` | \ \ \ \
 \\/  ___)| |_)| | | | | || (_| |  ) ) ) )
  '  |____| .__|_| |_|_| |_\__, | / / / /
 =========|_|==============|___/=/_/_/_/
 :: Spring Boot ::        (v2.2.1.RELEASE)

2021-04-01 00:35:28.234  INFO 13380 --- [    Test worker] c.r.interfaces.RegionControllerTest      : Starting RegionControllerTest on DESKTOP-R7AB2GV with PID 13380 (started by JAESEUNG in C:\Users\JAESEUNG\IdeaProjects\reservating_system\eatgo-admin-api)
2021-04-01 00:35:28.235  INFO 13380 --- [    Test worker] c.r.interfaces.RegionControllerTest      : No active profile set, falling back to default profiles: default
2021-04-01 00:35:29.052  INFO 13380 --- [    Test worker] o.s.s.concurrent.ThreadPoolTaskExecutor  : Initializing ExecutorService 'applicationTaskExecutor'
2021-04-01 00:35:29.324  INFO 13380 --- [    Test worker] o.s.b.t.m.w.SpringBootMockServletContext : Initializing Spring TestDispatcherServlet ''
2021-04-01 00:35:29.324  INFO 13380 --- [    Test worker] o.s.t.web.servlet.TestDispatcherServlet  : Initializing Servlet ''
2021-04-01 00:35:29.342  INFO 13380 --- [    Test worker] o.s.t.web.servlet.TestDispatcherServlet  : Completed initialization in 18 ms
2021-04-01 00:35:29.371  INFO 13380 --- [    Test worker] c.r.interfaces.RegionControllerTest      : Started RegionControllerTest in 1.2 seconds (JVM running for 9.185)
]]></system-out>
  <system-err><![CDATA[]]></system-err>
</testsuite>
