<?xml version="1.0" encoding="UTF-8"?>
<testsuite name="com.reservationsystem.interfaces.RegionControllerTest" tests="2" skipped="0" failures="0" errors="0" timestamp="2021-04-09T06:49:25" hostname="DESKTOP-R7AB2GV" time="0.032">
  <properties/>
  <testcase name="create" classname="com.reservationsystem.interfaces.RegionControllerTest" time="0.018"/>
  <testcase name="list" classname="com.reservationsystem.interfaces.RegionControllerTest" time="0.012"/>
  <system-out><![CDATA[2021-04-09 15:49:24.920  INFO 10680 --- [    Test worker] .b.t.a.w.s.WebMvcTestContextBootstrapper : Neither @ContextConfiguration nor @ContextHierarchy found for test class [com.reservationsystem.interfaces.RegionControllerTest], using SpringBootContextLoader
2021-04-09 15:49:24.922  INFO 10680 --- [    Test worker] o.s.t.c.support.AbstractContextLoader    : Could not detect default resource locations for test class [com.reservationsystem.interfaces.RegionControllerTest]: no resource found for suffixes {-context.xml, Context.groovy}.
2021-04-09 15:49:24.923  INFO 10680 --- [    Test worker] t.c.s.AnnotationConfigContextLoaderUtils : Could not detect default configuration classes for test class [com.reservationsystem.interfaces.RegionControllerTest]: RegionControllerTest does not declare any static, non-private, non-final, nested classes annotated with @Configuration.
2021-04-09 15:49:24.930  INFO 10680 --- [    Test worker] .b.t.c.SpringBootTestContextBootstrapper : Found @SpringBootConfiguration com.reservationsystem.EatgoAdminApiApplication for test class com.reservationsystem.interfaces.RegionControllerTest
2021-04-09 15:49:24.931  INFO 10680 --- [    Test worker] .b.t.a.w.s.WebMvcTestContextBootstrapper : Loaded default TestExecutionListener class names from location [META-INF/spring.factories]: [org.springframework.boot.test.autoconfigure.restdocs.RestDocsTestExecutionListener, org.springframework.boot.test.autoconfigure.web.client.MockRestServiceServerResetTestExecutionListener, org.springframework.boot.test.autoconfigure.web.servlet.MockMvcPrintOnlyOnFailureTestExecutionListener, org.springframework.boot.test.autoconfigure.web.servlet.WebDriverTestExecutionListener, org.springframework.boot.test.mock.mockito.MockitoTestExecutionListener, org.springframework.boot.test.mock.mockito.ResetMocksTestExecutionListener, org.springframework.test.context.web.ServletTestExecutionListener, org.springframework.test.context.support.DirtiesContextBeforeModesTestExecutionListener, org.springframework.test.context.support.DependencyInjectionTestExecutionListener, org.springframework.test.context.support.DirtiesContextTestExecutionListener, org.springframework.test.context.transaction.TransactionalTestExecutionListener, org.springframework.test.context.jdbc.SqlScriptsTestExecutionListener, org.springframework.test.context.event.EventPublishingTestExecutionListener]
2021-04-09 15:49:24.932  INFO 10680 --- [    Test worker] .b.t.a.w.s.WebMvcTestContextBootstrapper : Using TestExecutionListeners: [org.springframework.test.context.web.ServletTestExecutionListener@6439d54a, org.springframework.test.context.support.DirtiesContextBeforeModesTestExecutionListener@6fb54408, org.springframework.boot.test.mock.mockito.MockitoTestExecutionListener@2dba0ceb, org.springframework.boot.test.autoconfigure.SpringBootDependencyInjectionTestExecutionListener@2af30a75, org.springframework.test.context.support.DirtiesContextTestExecutionListener@ca09e4, org.springframework.test.context.transaction.TransactionalTestExecutionListener@459a98f1, org.springframework.test.context.jdbc.SqlScriptsTestExecutionListener@383a09fd, org.springframework.test.context.event.EventPublishingTestExecutionListener@aa81c2d, org.springframework.boot.test.autoconfigure.restdocs.RestDocsTestExecutionListener@5a7da1b5, org.springframework.boot.test.autoconfigure.web.client.MockRestServiceServerResetTestExecutionListener@4b31f71b, org.springframework.boot.test.autoconfigure.web.servlet.MockMvcPrintOnlyOnFailureTestExecutionListener@232c7a61, org.springframework.boot.test.autoconfigure.web.servlet.WebDriverTestExecutionListener@69af535d, org.springframework.boot.test.mock.mockito.ResetMocksTestExecutionListener@5ee827d4]

  .   ____          _            __ _ _
 /\\ / ___'_ __ _ _(_)_ __  __ _ \ \ \ \
( ( )\___ | '_ | '_| | '_ \/ _` | \ \ \ \
 \\/  ___)| |_)| | | | | || (_| |  ) ) ) )
  '  |____| .__|_| |_|_| |_\__, | / / / /
 =========|_|==============|___/=/_/_/_/
 :: Spring Boot ::        (v2.2.1.RELEASE)

2021-04-09 15:49:24.993  INFO 10680 --- [    Test worker] c.r.interfaces.RegionControllerTest      : Starting RegionControllerTest on DESKTOP-R7AB2GV with PID 10680 (started by JAESEUNG in C:\Users\JAESEUNG\IdeaProjects\reservating_system\eatgo-admin-api)
2021-04-09 15:49:24.994  INFO 10680 --- [    Test worker] c.r.interfaces.RegionControllerTest      : No active profile set, falling back to default profiles: default
2021-04-09 15:49:25.579  INFO 10680 --- [    Test worker] o.s.s.concurrent.ThreadPoolTaskExecutor  : Initializing ExecutorService 'applicationTaskExecutor'
2021-04-09 15:49:25.818  INFO 10680 --- [    Test worker] o.s.b.t.m.w.SpringBootMockServletContext : Initializing Spring TestDispatcherServlet ''
2021-04-09 15:49:25.818  INFO 10680 --- [    Test worker] o.s.t.web.servlet.TestDispatcherServlet  : Initializing Servlet ''
2021-04-09 15:49:25.830  INFO 10680 --- [    Test worker] o.s.t.web.servlet.TestDispatcherServlet  : Completed initialization in 12 ms
2021-04-09 15:49:25.855  INFO 10680 --- [    Test worker] c.r.interfaces.RegionControllerTest      : Started RegionControllerTest in 0.918 seconds (JVM running for 8.156)
]]></system-out>
  <system-err><![CDATA[]]></system-err>
</testsuite>
