<?xml version="1.0" encoding="UTF-8"?>
<testsuite name="com.reservationsystem.application.ReviewServiceTest" tests="2" skipped="0" failures="0" errors="0" timestamp="2021-03-21T14:20:12" hostname="DESKTOP-R7AB2GV" time="0.027">
  <properties/>
  <testcase name="addReview" classname="com.reservationsystem.application.ReviewServiceTest" time="0.026"/>
  <testcase name="getReviews" classname="com.reservationsystem.application.ReviewServiceTest" time="0.001"/>
  <system-out><![CDATA[]]></system-out>
  <system-err><![CDATA[]]></system-err>
</testsuite>
