<?xml version="1.0" encoding="UTF-8"?>
<testsuite name="com.reservationsystem.interfaces.UserControllerTest" tests="4" skipped="0" failures="0" errors="0" timestamp="2021-04-09T06:49:28" hostname="DESKTOP-R7AB2GV" time="0.048">
  <properties/>
  <testcase name="create" classname="com.reservationsystem.interfaces.UserControllerTest" time="0.015"/>
  <testcase name="update" classname="com.reservationsystem.interfaces.UserControllerTest" time="0.01"/>
  <testcase name="list" classname="com.reservationsystem.interfaces.UserControllerTest" time="0.012"/>
  <testcase name="delete1" classname="com.reservationsystem.interfaces.UserControllerTest" time="0.008"/>
  <system-out><![CDATA[2021-04-09 15:49:27.957  INFO 10680 --- [    Test worker] .b.t.a.w.s.WebMvcTestContextBootstrapper : Neither @ContextConfiguration nor @ContextHierarchy found for test class [com.reservationsystem.interfaces.UserControllerTest], using SpringBootContextLoader
2021-04-09 15:49:27.959  INFO 10680 --- [    Test worker] o.s.t.c.support.AbstractContextLoader    : Could not detect default resource locations for test class [com.reservationsystem.interfaces.UserControllerTest]: no resource found for suffixes {-context.xml, Context.groovy}.
2021-04-09 15:49:27.960  INFO 10680 --- [    Test worker] t.c.s.AnnotationConfigContextLoaderUtils : Could not detect default configuration classes for test class [com.reservationsystem.interfaces.UserControllerTest]: UserControllerTest does not declare any static, non-private, non-final, nested classes annotated with @Configuration.
2021-04-09 15:49:27.963  INFO 10680 --- [    Test worker] .b.t.c.SpringBootTestContextBootstrapper : Found @SpringBootConfiguration com.reservationsystem.EatgoAdminApiApplication for test class com.reservationsystem.interfaces.UserControllerTest
2021-04-09 15:49:27.964  INFO 10680 --- [    Test worker] .b.t.a.w.s.WebMvcTestContextBootstrapper : Loaded default TestExecutionListener class names from location [META-INF/spring.factories]: [org.springframework.boot.test.autoconfigure.restdocs.RestDocsTestExecutionListener, org.springframework.boot.test.autoconfigure.web.client.MockRestServiceServerResetTestExecutionListener, org.springframework.boot.test.autoconfigure.web.servlet.MockMvcPrintOnlyOnFailureTestExecutionListener, org.springframework.boot.test.autoconfigure.web.servlet.WebDriverTestExecutionListener, org.springframework.boot.test.mock.mockito.MockitoTestExecutionListener, org.springframework.boot.test.mock.mockito.ResetMocksTestExecutionListener, org.springframework.test.context.web.ServletTestExecutionListener, org.springframework.test.context.support.DirtiesContextBeforeModesTestExecutionListener, org.springframework.test.context.support.DependencyInjectionTestExecutionListener, org.springframework.test.context.support.DirtiesContextTestExecutionListener, org.springframework.test.context.transaction.TransactionalTestExecutionListener, org.springframework.test.context.jdbc.SqlScriptsTestExecutionListener, org.springframework.test.context.event.EventPublishingTestExecutionListener]
2021-04-09 15:49:27.965  INFO 10680 --- [    Test worker] .b.t.a.w.s.WebMvcTestContextBootstrapper : Using TestExecutionListeners: [org.springframework.test.context.web.ServletTestExecutionListener@6bf1259f, org.springframework.test.context.support.DirtiesContextBeforeModesTestExecutionListener@5ff955ee, org.springframework.boot.test.mock.mockito.MockitoTestExecutionListener@608df8a7, org.springframework.boot.test.autoconfigure.SpringBootDependencyInjectionTestExecutionListener@f5132e2, org.springframework.test.context.support.DirtiesContextTestExecutionListener@6d6e234a, org.springframework.test.context.transaction.TransactionalTestExecutionListener@782d5d2c, org.springframework.test.context.jdbc.SqlScriptsTestExecutionListener@776ada4e, org.springframework.test.context.event.EventPublishingTestExecutionListener@71aa3063, org.springframework.boot.test.autoconfigure.restdocs.RestDocsTestExecutionListener@6dc2396f, org.springframework.boot.test.autoconfigure.web.client.MockRestServiceServerResetTestExecutionListener@7f14cdc6, org.springframework.boot.test.autoconfigure.web.servlet.MockMvcPrintOnlyOnFailureTestExecutionListener@5e8dd0c0, org.springframework.boot.test.autoconfigure.web.servlet.WebDriverTestExecutionListener@7e84da5a, org.springframework.boot.test.mock.mockito.ResetMocksTestExecutionListener@2f19da4]

  .   ____          _            __ _ _
 /\\ / ___'_ __ _ _(_)_ __  __ _ \ \ \ \
( ( )\___ | '_ | '_| | '_ \/ _` | \ \ \ \
 \\/  ___)| |_)| | | | | || (_| |  ) ) ) )
  '  |____| .__|_| |_|_| |_\__, | / / / /
 =========|_|==============|___/=/_/_/_/
 :: Spring Boot ::        (v2.2.1.RELEASE)

2021-04-09 15:49:28.031  INFO 10680 --- [    Test worker] c.r.interfaces.UserControllerTest        : Starting UserControllerTest on DESKTOP-R7AB2GV with PID 10680 (started by JAESEUNG in C:\Users\JAESEUNG\IdeaProjects\reservating_system\eatgo-admin-api)
2021-04-09 15:49:28.031  INFO 10680 --- [    Test worker] c.r.interfaces.UserControllerTest        : No active profile set, falling back to default profiles: default
2021-04-09 15:49:28.554  INFO 10680 --- [    Test worker] o.s.s.concurrent.ThreadPoolTaskExecutor  : Initializing ExecutorService 'applicationTaskExecutor'
2021-04-09 15:49:28.782  INFO 10680 --- [    Test worker] o.s.b.t.m.w.SpringBootMockServletContext : Initializing Spring TestDispatcherServlet ''
2021-04-09 15:49:28.783  INFO 10680 --- [    Test worker] o.s.t.web.servlet.TestDispatcherServlet  : Initializing Servlet ''
2021-04-09 15:49:28.797  INFO 10680 --- [    Test worker] o.s.t.web.servlet.TestDispatcherServlet  : Completed initialization in 14 ms
2021-04-09 15:49:28.814  INFO 10680 --- [    Test worker] c.r.interfaces.UserControllerTest        : Started UserControllerTest in 0.845 seconds (JVM running for 11.115)
]]></system-out>
  <system-err><![CDATA[]]></system-err>
</testsuite>
