<?xml version="1.0" encoding="UTF-8"?>
<testsuite name="com.reservationsystem.interfaces.ReviewControllerTest" tests="1" skipped="0" failures="0" errors="0" timestamp="2021-07-17T15:16:48" hostname="DESKTOP-R7AB2GV" time="0.011">
  <properties/>
  <testcase name="list" classname="com.reservationsystem.interfaces.ReviewControllerTest" time="0.011"/>
  <system-out><![CDATA[2021-07-18 00:16:47.501  INFO 6808 --- [    Test worker] .b.t.a.w.s.WebMvcTestContextBootstrapper : Neither @ContextConfiguration nor @ContextHierarchy found for test class [com.reservationsystem.interfaces.ReviewControllerTest], using SpringBootContextLoader
2021-07-18 00:16:47.503  INFO 6808 --- [    Test worker] o.s.t.c.support.AbstractContextLoader    : Could not detect default resource locations for test class [com.reservationsystem.interfaces.ReviewControllerTest]: no resource found for suffixes {-context.xml, Context.groovy}.
2021-07-18 00:16:47.503  INFO 6808 --- [    Test worker] t.c.s.AnnotationConfigContextLoaderUtils : Could not detect default configuration classes for test class [com.reservationsystem.interfaces.ReviewControllerTest]: ReviewControllerTest does not declare any static, non-private, non-final, nested classes annotated with @Configuration.
2021-07-18 00:16:47.507  INFO 6808 --- [    Test worker] .b.t.c.SpringBootTestContextBootstrapper : Found @SpringBootConfiguration com.reservationsystem.EatgoAdminApiApplication for test class com.reservationsystem.interfaces.ReviewControllerTest
2021-07-18 00:16:47.508  INFO 6808 --- [    Test worker] .b.t.a.w.s.WebMvcTestContextBootstrapper : Loaded default TestExecutionListener class names from location [META-INF/spring.factories]: [org.springframework.boot.test.autoconfigure.restdocs.RestDocsTestExecutionListener, org.springframework.boot.test.autoconfigure.web.client.MockRestServiceServerResetTestExecutionListener, org.springframework.boot.test.autoconfigure.web.servlet.MockMvcPrintOnlyOnFailureTestExecutionListener, org.springframework.boot.test.autoconfigure.web.servlet.WebDriverTestExecutionListener, org.springframework.boot.test.mock.mockito.MockitoTestExecutionListener, org.springframework.boot.test.mock.mockito.ResetMocksTestExecutionListener, org.springframework.test.context.web.ServletTestExecutionListener, org.springframework.test.context.support.DirtiesContextBeforeModesTestExecutionListener, org.springframework.test.context.support.DependencyInjectionTestExecutionListener, org.springframework.test.context.support.DirtiesContextTestExecutionListener, org.springframework.test.context.transaction.TransactionalTestExecutionListener, org.springframework.test.context.jdbc.SqlScriptsTestExecutionListener, org.springframework.test.context.event.EventPublishingTestExecutionListener]
2021-07-18 00:16:47.508  INFO 6808 --- [    Test worker] .b.t.a.w.s.WebMvcTestContextBootstrapper : Using TestExecutionListeners: [org.springframework.test.context.web.ServletTestExecutionListener@1244283d, org.springframework.test.context.support.DirtiesContextBeforeModesTestExecutionListener@4e608fbe, org.springframework.boot.test.mock.mockito.MockitoTestExecutionListener@86b283, org.springframework.boot.test.autoconfigure.SpringBootDependencyInjectionTestExecutionListener@783b8357, org.springframework.test.context.support.DirtiesContextTestExecutionListener@4b0d49ad, org.springframework.test.context.transaction.TransactionalTestExecutionListener@15a220d, org.springframework.test.context.jdbc.SqlScriptsTestExecutionListener@347d9a0f, org.springframework.test.context.event.EventPublishingTestExecutionListener@10f886ec, org.springframework.boot.test.autoconfigure.restdocs.RestDocsTestExecutionListener@3199f57f, org.springframework.boot.test.autoconfigure.web.client.MockRestServiceServerResetTestExecutionListener@6103e30b, org.springframework.boot.test.autoconfigure.web.servlet.MockMvcPrintOnlyOnFailureTestExecutionListener@3976a0c6, org.springframework.boot.test.autoconfigure.web.servlet.WebDriverTestExecutionListener@6ded9ee2, org.springframework.boot.test.mock.mockito.ResetMocksTestExecutionListener@13a1bc2d]

  .   ____          _            __ _ _
 /\\ / ___'_ __ _ _(_)_ __  __ _ \ \ \ \
( ( )\___ | '_ | '_| | '_ \/ _` | \ \ \ \
 \\/  ___)| |_)| | | | | || (_| |  ) ) ) )
  '  |____| .__|_| |_|_| |_\__, | / / / /
 =========|_|==============|___/=/_/_/_/
 :: Spring Boot ::        (v2.2.1.RELEASE)

2021-07-18 00:16:47.544  INFO 6808 --- [    Test worker] c.r.interfaces.ReviewControllerTest      : Starting ReviewControllerTest on DESKTOP-R7AB2GV with PID 6808 (started by JAESEUNG in C:\Users\JAESEUNG\IdeaProjects\Restaurant_System\eatgo-admin-api)
2021-07-18 00:16:47.545  INFO 6808 --- [    Test worker] c.r.interfaces.ReviewControllerTest      : No active profile set, falling back to default profiles: default
2021-07-18 00:16:47.880  INFO 6808 --- [    Test worker] o.s.s.concurrent.ThreadPoolTaskExecutor  : Initializing ExecutorService 'applicationTaskExecutor'
2021-07-18 00:16:48.029  INFO 6808 --- [    Test worker] o.s.b.t.m.w.SpringBootMockServletContext : Initializing Spring TestDispatcherServlet ''
2021-07-18 00:16:48.029  INFO 6808 --- [    Test worker] o.s.t.web.servlet.TestDispatcherServlet  : Initializing Servlet ''
2021-07-18 00:16:48.036  INFO 6808 --- [    Test worker] o.s.t.web.servlet.TestDispatcherServlet  : Completed initialization in 7 ms
2021-07-18 00:16:48.047  INFO 6808 --- [    Test worker] c.r.interfaces.ReviewControllerTest      : Started ReviewControllerTest in 0.537 seconds (JVM running for 6.774)
]]></system-out>
  <system-err><![CDATA[]]></system-err>
</testsuite>
