<?xml version="1.0" encoding="UTF-8"?>
<testsuite name="com.reservationsystem.application.UserServiceTest" tests="1" skipped="0" failures="0" errors="0" timestamp="2021-03-25T10:14:09" hostname="DESKTOP-R7AB2GV" time="0.798">
  <properties/>
  <testcase name="delete1" classname="com.reservationsystem.application.UserServiceTest" time="0.798"/>
  <system-out><![CDATA[]]></system-out>
  <system-err><![CDATA[]]></system-err>
</testsuite>
