<?xml version="1.0" encoding="UTF-8"?>
<testsuite name="com.reservationsystem.interfaces.UserControllerTest" tests="4" skipped="0" failures="0" errors="0" timestamp="2021-04-15T10:33:35" hostname="DESKTOP-R7AB2GV" time="0.052">
  <properties/>
  <testcase name="create" classname="com.reservationsystem.interfaces.UserControllerTest" time="0.014"/>
  <testcase name="update" classname="com.reservationsystem.interfaces.UserControllerTest" time="0.012"/>
  <testcase name="list" classname="com.reservationsystem.interfaces.UserControllerTest" time="0.014"/>
  <testcase name="delete1" classname="com.reservationsystem.interfaces.UserControllerTest" time="0.007"/>
  <system-out><![CDATA[2021-04-15 19:33:35.048  INFO 15924 --- [    Test worker] .b.t.a.w.s.WebMvcTestContextBootstrapper : Neither @ContextConfiguration nor @ContextHierarchy found for test class [com.reservationsystem.interfaces.UserControllerTest], using SpringBootContextLoader
2021-04-15 19:33:35.050  INFO 15924 --- [    Test worker] o.s.t.c.support.AbstractContextLoader    : Could not detect default resource locations for test class [com.reservationsystem.interfaces.UserControllerTest]: no resource found for suffixes {-context.xml, Context.groovy}.
2021-04-15 19:33:35.050  INFO 15924 --- [    Test worker] t.c.s.AnnotationConfigContextLoaderUtils : Could not detect default configuration classes for test class [com.reservationsystem.interfaces.UserControllerTest]: UserControllerTest does not declare any static, non-private, non-final, nested classes annotated with @Configuration.
2021-04-15 19:33:35.055  INFO 15924 --- [    Test worker] .b.t.c.SpringBootTestContextBootstrapper : Found @SpringBootConfiguration com.reservationsystem.EatgoAdminApiApplication for test class com.reservationsystem.interfaces.UserControllerTest
2021-04-15 19:33:35.056  INFO 15924 --- [    Test worker] .b.t.a.w.s.WebMvcTestContextBootstrapper : Loaded default TestExecutionListener class names from location [META-INF/spring.factories]: [org.springframework.boot.test.autoconfigure.restdocs.RestDocsTestExecutionListener, org.springframework.boot.test.autoconfigure.web.client.MockRestServiceServerResetTestExecutionListener, org.springframework.boot.test.autoconfigure.web.servlet.MockMvcPrintOnlyOnFailureTestExecutionListener, org.springframework.boot.test.autoconfigure.web.servlet.WebDriverTestExecutionListener, org.springframework.boot.test.mock.mockito.MockitoTestExecutionListener, org.springframework.boot.test.mock.mockito.ResetMocksTestExecutionListener, org.springframework.test.context.web.ServletTestExecutionListener, org.springframework.test.context.support.DirtiesContextBeforeModesTestExecutionListener, org.springframework.test.context.support.DependencyInjectionTestExecutionListener, org.springframework.test.context.support.DirtiesContextTestExecutionListener, org.springframework.test.context.transaction.TransactionalTestExecutionListener, org.springframework.test.context.jdbc.SqlScriptsTestExecutionListener, org.springframework.test.context.event.EventPublishingTestExecutionListener]
2021-04-15 19:33:35.056  INFO 15924 --- [    Test worker] .b.t.a.w.s.WebMvcTestContextBootstrapper : Using TestExecutionListeners: [org.springframework.test.context.web.ServletTestExecutionListener@79808acf, org.springframework.test.context.support.DirtiesContextBeforeModesTestExecutionListener@f0a4631, org.springframework.boot.test.mock.mockito.MockitoTestExecutionListener@604ae977, org.springframework.boot.test.autoconfigure.SpringBootDependencyInjectionTestExecutionListener@419ee14f, org.springframework.test.context.support.DirtiesContextTestExecutionListener@3cb5cd41, org.springframework.test.context.transaction.TransactionalTestExecutionListener@61d32f28, org.springframework.test.context.jdbc.SqlScriptsTestExecutionListener@56e56334, org.springframework.test.context.event.EventPublishingTestExecutionListener@60c7743e, org.springframework.boot.test.autoconfigure.restdocs.RestDocsTestExecutionListener@720a62a2, org.springframework.boot.test.autoconfigure.web.client.MockRestServiceServerResetTestExecutionListener@ad8a9a4, org.springframework.boot.test.autoconfigure.web.servlet.MockMvcPrintOnlyOnFailureTestExecutionListener@77d99708, org.springframework.boot.test.autoconfigure.web.servlet.WebDriverTestExecutionListener@2ce46b49, org.springframework.boot.test.mock.mockito.ResetMocksTestExecutionListener@dda1305]

  .   ____          _            __ _ _
 /\\ / ___'_ __ _ _(_)_ __  __ _ \ \ \ \
( ( )\___ | '_ | '_| | '_ \/ _` | \ \ \ \
 \\/  ___)| |_)| | | | | || (_| |  ) ) ) )
  '  |____| .__|_| |_|_| |_\__, | / / / /
 =========|_|==============|___/=/_/_/_/
 :: Spring Boot ::        (v2.2.1.RELEASE)

2021-04-15 19:33:35.125  INFO 15924 --- [    Test worker] c.r.interfaces.UserControllerTest        : Starting UserControllerTest on DESKTOP-R7AB2GV with PID 15924 (started by JAESEUNG in C:\Users\JAESEUNG\IdeaProjects\reservation_system\eatgo-admin-api)
2021-04-15 19:33:35.126  INFO 15924 --- [    Test worker] c.r.interfaces.UserControllerTest        : No active profile set, falling back to default profiles: default
2021-04-15 19:33:35.733  INFO 15924 --- [    Test worker] o.s.s.concurrent.ThreadPoolTaskExecutor  : Initializing ExecutorService 'applicationTaskExecutor'
2021-04-15 19:33:35.943  INFO 15924 --- [    Test worker] o.s.b.t.m.w.SpringBootMockServletContext : Initializing Spring TestDispatcherServlet ''
2021-04-15 19:33:35.943  INFO 15924 --- [    Test worker] o.s.t.web.servlet.TestDispatcherServlet  : Initializing Servlet ''
2021-04-15 19:33:35.954  INFO 15924 --- [    Test worker] o.s.t.web.servlet.TestDispatcherServlet  : Completed initialization in 11 ms
2021-04-15 19:33:35.972  INFO 15924 --- [    Test worker] c.r.interfaces.UserControllerTest        : Started UserControllerTest in 0.911 seconds (JVM running for 12.806)
]]></system-out>
  <system-err><![CDATA[]]></system-err>
</testsuite>
