<?xml version="1.0" encoding="UTF-8"?>
<testsuite name="com.reservationsystem.interfaces.RestaurantControllerTest" tests="7" skipped="0" failures="0" errors="0" timestamp="2021-03-27T08:16:16" hostname="DESKTOP-R7AB2GV" time="0.387">
  <properties/>
  <testcase name="updateWithValidData" classname="com.reservationsystem.interfaces.RestaurantControllerTest" time="0.164"/>
  <testcase name="list" classname="com.reservationsystem.interfaces.RestaurantControllerTest" time="0.028"/>
  <testcase name="detailWithNotExisted" classname="com.reservationsystem.interfaces.RestaurantControllerTest" time="0.019"/>
  <testcase name="detailWithExisted" classname="com.reservationsystem.interfaces.RestaurantControllerTest" time="0.025"/>
  <testcase name="createWithInValidData" classname="com.reservationsystem.interfaces.RestaurantControllerTest" time="0.083"/>
  <testcase name="createWithValidData" classname="com.reservationsystem.interfaces.RestaurantControllerTest" time="0.026"/>
  <testcase name="updateWithInValidData" classname="com.reservationsystem.interfaces.RestaurantControllerTest" time="0.027"/>
  <system-out><![CDATA[2021-03-27 17:16:15.136  INFO 10692 --- [    Test worker] .b.t.a.w.s.WebMvcTestContextBootstrapper : Neither @ContextConfiguration nor @ContextHierarchy found for test class [com.reservationsystem.interfaces.RestaurantControllerTest], using SpringBootContextLoader
2021-03-27 17:16:15.138  INFO 10692 --- [    Test worker] o.s.t.c.support.AbstractContextLoader    : Could not detect default resource locations for test class [com.reservationsystem.interfaces.RestaurantControllerTest]: no resource found for suffixes {-context.xml, Context.groovy}.
2021-03-27 17:16:15.139  INFO 10692 --- [    Test worker] t.c.s.AnnotationConfigContextLoaderUtils : Could not detect default configuration classes for test class [com.reservationsystem.interfaces.RestaurantControllerTest]: RestaurantControllerTest does not declare any static, non-private, non-final, nested classes annotated with @Configuration.
2021-03-27 17:16:15.148  INFO 10692 --- [    Test worker] .b.t.c.SpringBootTestContextBootstrapper : Found @SpringBootConfiguration com.reservationsystem.EatgoAdminApiApplication for test class com.reservationsystem.interfaces.RestaurantControllerTest
2021-03-27 17:16:15.149  INFO 10692 --- [    Test worker] .b.t.a.w.s.WebMvcTestContextBootstrapper : Loaded default TestExecutionListener class names from location [META-INF/spring.factories]: [org.springframework.boot.test.autoconfigure.restdocs.RestDocsTestExecutionListener, org.springframework.boot.test.autoconfigure.web.client.MockRestServiceServerResetTestExecutionListener, org.springframework.boot.test.autoconfigure.web.servlet.MockMvcPrintOnlyOnFailureTestExecutionListener, org.springframework.boot.test.autoconfigure.web.servlet.WebDriverTestExecutionListener, org.springframework.boot.test.mock.mockito.MockitoTestExecutionListener, org.springframework.boot.test.mock.mockito.ResetMocksTestExecutionListener, org.springframework.test.context.web.ServletTestExecutionListener, org.springframework.test.context.support.DirtiesContextBeforeModesTestExecutionListener, org.springframework.test.context.support.DependencyInjectionTestExecutionListener, org.springframework.test.context.support.DirtiesContextTestExecutionListener, org.springframework.test.context.transaction.TransactionalTestExecutionListener, org.springframework.test.context.jdbc.SqlScriptsTestExecutionListener, org.springframework.test.context.event.EventPublishingTestExecutionListener]
2021-03-27 17:16:15.150  INFO 10692 --- [    Test worker] .b.t.a.w.s.WebMvcTestContextBootstrapper : Using TestExecutionListeners: [org.springframework.test.context.web.ServletTestExecutionListener@63474748, org.springframework.test.context.support.DirtiesContextBeforeModesTestExecutionListener@5e239f2c, org.springframework.boot.test.mock.mockito.MockitoTestExecutionListener@76df2520, org.springframework.boot.test.autoconfigure.SpringBootDependencyInjectionTestExecutionListener@4293213c, org.springframework.test.context.support.DirtiesContextTestExecutionListener@1b374321, org.springframework.test.context.transaction.TransactionalTestExecutionListener@592f6594, org.springframework.test.context.jdbc.SqlScriptsTestExecutionListener@56d6adb4, org.springframework.test.context.event.EventPublishingTestExecutionListener@d17ec93, org.springframework.boot.test.autoconfigure.restdocs.RestDocsTestExecutionListener@2c98985b, org.springframework.boot.test.autoconfigure.web.client.MockRestServiceServerResetTestExecutionListener@e395b99, org.springframework.boot.test.autoconfigure.web.servlet.MockMvcPrintOnlyOnFailureTestExecutionListener@6de1fce7, org.springframework.boot.test.autoconfigure.web.servlet.WebDriverTestExecutionListener@5fa0e6bc, org.springframework.boot.test.mock.mockito.ResetMocksTestExecutionListener@3712e753]

  .   ____          _            __ _ _
 /\\ / ___'_ __ _ _(_)_ __  __ _ \ \ \ \
( ( )\___ | '_ | '_| | '_ \/ _` | \ \ \ \
 \\/  ___)| |_)| | | | | || (_| |  ) ) ) )
  '  |____| .__|_| |_|_| |_\__, | / / / /
 =========|_|==============|___/=/_/_/_/
 :: Spring Boot ::        (v2.2.1.RELEASE)

2021-03-27 17:16:15.227  INFO 10692 --- [    Test worker] c.r.interfaces.RestaurantControllerTest  : Starting RestaurantControllerTest on DESKTOP-R7AB2GV with PID 10692 (started by JAESEUNG in C:\Users\JAESEUNG\IdeaProjects\reservating_system\eatgo-admin-api)
2021-03-27 17:16:15.229  INFO 10692 --- [    Test worker] c.r.interfaces.RestaurantControllerTest  : No active profile set, falling back to default profiles: default
2021-03-27 17:16:15.991  INFO 10692 --- [    Test worker] o.s.s.concurrent.ThreadPoolTaskExecutor  : Initializing ExecutorService 'applicationTaskExecutor'
2021-03-27 17:16:16.263  INFO 10692 --- [    Test worker] o.s.b.t.m.w.SpringBootMockServletContext : Initializing Spring TestDispatcherServlet ''
2021-03-27 17:16:16.264  INFO 10692 --- [    Test worker] o.s.t.web.servlet.TestDispatcherServlet  : Initializing Servlet ''
2021-03-27 17:16:16.278  INFO 10692 --- [    Test worker] o.s.t.web.servlet.TestDispatcherServlet  : Completed initialization in 14 ms
2021-03-27 17:16:16.303  INFO 10692 --- [    Test worker] c.r.interfaces.RestaurantControllerTest  : Started RestaurantControllerTest in 1.148 seconds (JVM running for 11.377)
2021-03-27 17:16:16.636  WARN 10692 --- [    Test worker] .w.s.m.s.DefaultHandlerExceptionResolver : Resolved [org.springframework.web.bind.MethodArgumentNotValidException: Validation failed for argument [0] in public org.springframework.http.ResponseEntity<?> com.reservationsystem.interfaces.RestaurantController.create(com.reservationsystem.domain.Restaurant) throws java.net.URISyntaxException with 2 errors: [Field error in object 'restaurant' on field 'address': rejected value []; codes [NotEmpty.restaurant.address,NotEmpty.address,NotEmpty.java.lang.String,NotEmpty]; arguments [org.springframework.context.support.DefaultMessageSourceResolvable: codes [restaurant.address,address]; arguments []; default message [address]]; default message [must not be empty]] [Field error in object 'restaurant' on field 'name': rejected value []; codes [NotEmpty.restaurant.name,NotEmpty.name,NotEmpty.java.lang.String,NotEmpty]; arguments [org.springframework.context.support.DefaultMessageSourceResolvable: codes [restaurant.name,name]; arguments []; default message [name]]; default message [must not be empty]] ]
2021-03-27 17:16:16.681  WARN 10692 --- [    Test worker] .w.s.m.s.DefaultHandlerExceptionResolver : Resolved [org.springframework.web.bind.MethodArgumentNotValidException: Validation failed for argument [1] in public java.lang.String com.reservationsystem.interfaces.RestaurantController.update(java.lang.Long,com.reservationsystem.domain.Restaurant) with 2 errors: [Field error in object 'restaurant' on field 'name': rejected value []; codes [NotEmpty.restaurant.name,NotEmpty.name,NotEmpty.java.lang.String,NotEmpty]; arguments [org.springframework.context.support.DefaultMessageSourceResolvable: codes [restaurant.name,name]; arguments []; default message [name]]; default message [must not be empty]] [Field error in object 'restaurant' on field 'address': rejected value []; codes [NotEmpty.restaurant.address,NotEmpty.address,NotEmpty.java.lang.String,NotEmpty]; arguments [org.springframework.context.support.DefaultMessageSourceResolvable: codes [restaurant.address,address]; arguments []; default message [address]]; default message [must not be empty]] ]
]]></system-out>
  <system-err><![CDATA[]]></system-err>
</testsuite>
