<?xml version="1.0" encoding="UTF-8"?>
<testsuite name="com.reservationsystem.interfaces.UserControllerTest" tests="4" skipped="0" failures="0" errors="0" timestamp="2021-04-05T12:48:52" hostname="DESKTOP-R7AB2GV" time="0.045">
  <properties/>
  <testcase name="create" classname="com.reservationsystem.interfaces.UserControllerTest" time="0.012"/>
  <testcase name="update" classname="com.reservationsystem.interfaces.UserControllerTest" time="0.007"/>
  <testcase name="list" classname="com.reservationsystem.interfaces.UserControllerTest" time="0.013"/>
  <testcase name="delete1" classname="com.reservationsystem.interfaces.UserControllerTest" time="0.01"/>
  <system-out><![CDATA[2021-04-05 21:48:51.513  INFO 12216 --- [    Test worker] .b.t.a.w.s.WebMvcTestContextBootstrapper : Neither @ContextConfiguration nor @ContextHierarchy found for test class [com.reservationsystem.interfaces.UserControllerTest], using SpringBootContextLoader
2021-04-05 21:48:51.516  INFO 12216 --- [    Test worker] o.s.t.c.support.AbstractContextLoader    : Could not detect default resource locations for test class [com.reservationsystem.interfaces.UserControllerTest]: no resource found for suffixes {-context.xml, Context.groovy}.
2021-04-05 21:48:51.516  INFO 12216 --- [    Test worker] t.c.s.AnnotationConfigContextLoaderUtils : Could not detect default configuration classes for test class [com.reservationsystem.interfaces.UserControllerTest]: UserControllerTest does not declare any static, non-private, non-final, nested classes annotated with @Configuration.
2021-04-05 21:48:51.522  INFO 12216 --- [    Test worker] .b.t.c.SpringBootTestContextBootstrapper : Found @SpringBootConfiguration com.reservationsystem.EatgoAdminApiApplication for test class com.reservationsystem.interfaces.UserControllerTest
2021-04-05 21:48:51.523  INFO 12216 --- [    Test worker] .b.t.a.w.s.WebMvcTestContextBootstrapper : Loaded default TestExecutionListener class names from location [META-INF/spring.factories]: [org.springframework.boot.test.autoconfigure.restdocs.RestDocsTestExecutionListener, org.springframework.boot.test.autoconfigure.web.client.MockRestServiceServerResetTestExecutionListener, org.springframework.boot.test.autoconfigure.web.servlet.MockMvcPrintOnlyOnFailureTestExecutionListener, org.springframework.boot.test.autoconfigure.web.servlet.WebDriverTestExecutionListener, org.springframework.boot.test.mock.mockito.MockitoTestExecutionListener, org.springframework.boot.test.mock.mockito.ResetMocksTestExecutionListener, org.springframework.test.context.web.ServletTestExecutionListener, org.springframework.test.context.support.DirtiesContextBeforeModesTestExecutionListener, org.springframework.test.context.support.DependencyInjectionTestExecutionListener, org.springframework.test.context.support.DirtiesContextTestExecutionListener, org.springframework.test.context.transaction.TransactionalTestExecutionListener, org.springframework.test.context.jdbc.SqlScriptsTestExecutionListener, org.springframework.test.context.event.EventPublishingTestExecutionListener]
2021-04-05 21:48:51.524  INFO 12216 --- [    Test worker] .b.t.a.w.s.WebMvcTestContextBootstrapper : Using TestExecutionListeners: [org.springframework.test.context.web.ServletTestExecutionListener@7e8bf7df, org.springframework.test.context.support.DirtiesContextBeforeModesTestExecutionListener@6cac084b, org.springframework.boot.test.mock.mockito.MockitoTestExecutionListener@67a0a651, org.springframework.boot.test.autoconfigure.SpringBootDependencyInjectionTestExecutionListener@580b0c11, org.springframework.test.context.support.DirtiesContextTestExecutionListener@799f3dc0, org.springframework.test.context.transaction.TransactionalTestExecutionListener@757d9ce8, org.springframework.test.context.jdbc.SqlScriptsTestExecutionListener@178d3e38, org.springframework.test.context.event.EventPublishingTestExecutionListener@17e6c35c, org.springframework.boot.test.autoconfigure.restdocs.RestDocsTestExecutionListener@17979d5d, org.springframework.boot.test.autoconfigure.web.client.MockRestServiceServerResetTestExecutionListener@e14c99b, org.springframework.boot.test.autoconfigure.web.servlet.MockMvcPrintOnlyOnFailureTestExecutionListener@70965a9f, org.springframework.boot.test.autoconfigure.web.servlet.WebDriverTestExecutionListener@51cb8bf2, org.springframework.boot.test.mock.mockito.ResetMocksTestExecutionListener@7a9d99e3]

  .   ____          _            __ _ _
 /\\ / ___'_ __ _ _(_)_ __  __ _ \ \ \ \
( ( )\___ | '_ | '_| | '_ \/ _` | \ \ \ \
 \\/  ___)| |_)| | | | | || (_| |  ) ) ) )
  '  |____| .__|_| |_|_| |_\__, | / / / /
 =========|_|==============|___/=/_/_/_/
 :: Spring Boot ::        (v2.2.1.RELEASE)

2021-04-05 21:48:51.577  INFO 12216 --- [    Test worker] c.r.interfaces.UserControllerTest        : Starting UserControllerTest on DESKTOP-R7AB2GV with PID 12216 (started by JAESEUNG in C:\Users\JAESEUNG\IdeaProjects\reservating_system\eatgo-admin-api)
2021-04-05 21:48:51.578  INFO 12216 --- [    Test worker] c.r.interfaces.UserControllerTest        : No active profile set, falling back to default profiles: default
2021-04-05 21:48:52.072  INFO 12216 --- [    Test worker] o.s.s.concurrent.ThreadPoolTaskExecutor  : Initializing ExecutorService 'applicationTaskExecutor'
2021-04-05 21:48:52.255  INFO 12216 --- [    Test worker] o.s.b.t.m.w.SpringBootMockServletContext : Initializing Spring TestDispatcherServlet ''
2021-04-05 21:48:52.255  INFO 12216 --- [    Test worker] o.s.t.web.servlet.TestDispatcherServlet  : Initializing Servlet ''
2021-04-05 21:48:52.268  INFO 12216 --- [    Test worker] o.s.t.web.servlet.TestDispatcherServlet  : Completed initialization in 12 ms
2021-04-05 21:48:52.284  INFO 12216 --- [    Test worker] c.r.interfaces.UserControllerTest        : Started UserControllerTest in 0.755 seconds (JVM running for 10.953)
]]></system-out>
  <system-err><![CDATA[]]></system-err>
</testsuite>
