<?xml version="1.0" encoding="UTF-8"?>
<testsuite name="com.reservationsystem.interfaces.UserControllerTest" tests="4" skipped="0" failures="0" errors="0" timestamp="2021-03-27T08:16:19" hostname="DESKTOP-R7AB2GV" time="0.054">
  <properties/>
  <testcase name="create" classname="com.reservationsystem.interfaces.UserControllerTest" time="0.014"/>
  <testcase name="update" classname="com.reservationsystem.interfaces.UserControllerTest" time="0.016"/>
  <testcase name="list" classname="com.reservationsystem.interfaces.UserControllerTest" time="0.011"/>
  <testcase name="delete1" classname="com.reservationsystem.interfaces.UserControllerTest" time="0.01"/>
  <system-out><![CDATA[2021-03-27 17:16:18.115  INFO 10692 --- [    Test worker] .b.t.a.w.s.WebMvcTestContextBootstrapper : Neither @ContextConfiguration nor @ContextHierarchy found for test class [com.reservationsystem.interfaces.UserControllerTest], using SpringBootContextLoader
2021-03-27 17:16:18.118  INFO 10692 --- [    Test worker] o.s.t.c.support.AbstractContextLoader    : Could not detect default resource locations for test class [com.reservationsystem.interfaces.UserControllerTest]: no resource found for suffixes {-context.xml, Context.groovy}.
2021-03-27 17:16:18.118  INFO 10692 --- [    Test worker] t.c.s.AnnotationConfigContextLoaderUtils : Could not detect default configuration classes for test class [com.reservationsystem.interfaces.UserControllerTest]: UserControllerTest does not declare any static, non-private, non-final, nested classes annotated with @Configuration.
2021-03-27 17:16:18.126  INFO 10692 --- [    Test worker] .b.t.c.SpringBootTestContextBootstrapper : Found @SpringBootConfiguration com.reservationsystem.EatgoAdminApiApplication for test class com.reservationsystem.interfaces.UserControllerTest
2021-03-27 17:16:18.128  INFO 10692 --- [    Test worker] .b.t.a.w.s.WebMvcTestContextBootstrapper : Loaded default TestExecutionListener class names from location [META-INF/spring.factories]: [org.springframework.boot.test.autoconfigure.restdocs.RestDocsTestExecutionListener, org.springframework.boot.test.autoconfigure.web.client.MockRestServiceServerResetTestExecutionListener, org.springframework.boot.test.autoconfigure.web.servlet.MockMvcPrintOnlyOnFailureTestExecutionListener, org.springframework.boot.test.autoconfigure.web.servlet.WebDriverTestExecutionListener, org.springframework.boot.test.mock.mockito.MockitoTestExecutionListener, org.springframework.boot.test.mock.mockito.ResetMocksTestExecutionListener, org.springframework.test.context.web.ServletTestExecutionListener, org.springframework.test.context.support.DirtiesContextBeforeModesTestExecutionListener, org.springframework.test.context.support.DependencyInjectionTestExecutionListener, org.springframework.test.context.support.DirtiesContextTestExecutionListener, org.springframework.test.context.transaction.TransactionalTestExecutionListener, org.springframework.test.context.jdbc.SqlScriptsTestExecutionListener, org.springframework.test.context.event.EventPublishingTestExecutionListener]
2021-03-27 17:16:18.129  INFO 10692 --- [    Test worker] .b.t.a.w.s.WebMvcTestContextBootstrapper : Using TestExecutionListeners: [org.springframework.test.context.web.ServletTestExecutionListener@1751ed6a, org.springframework.test.context.support.DirtiesContextBeforeModesTestExecutionListener@547253d7, org.springframework.boot.test.mock.mockito.MockitoTestExecutionListener@7bcf7728, org.springframework.boot.test.autoconfigure.SpringBootDependencyInjectionTestExecutionListener@7adca378, org.springframework.test.context.support.DirtiesContextTestExecutionListener@62fe2bf4, org.springframework.test.context.transaction.TransactionalTestExecutionListener@24d42097, org.springframework.test.context.jdbc.SqlScriptsTestExecutionListener@24a27512, org.springframework.test.context.event.EventPublishingTestExecutionListener@3bfac59d, org.springframework.boot.test.autoconfigure.restdocs.RestDocsTestExecutionListener@28c8e89d, org.springframework.boot.test.autoconfigure.web.client.MockRestServiceServerResetTestExecutionListener@2d1db58b, org.springframework.boot.test.autoconfigure.web.servlet.MockMvcPrintOnlyOnFailureTestExecutionListener@1aa04fdf, org.springframework.boot.test.autoconfigure.web.servlet.WebDriverTestExecutionListener@779bb73b, org.springframework.boot.test.mock.mockito.ResetMocksTestExecutionListener@18f82555]

  .   ____          _            __ _ _
 /\\ / ___'_ __ _ _(_)_ __  __ _ \ \ \ \
( ( )\___ | '_ | '_| | '_ \/ _` | \ \ \ \
 \\/  ___)| |_)| | | | | || (_| |  ) ) ) )
  '  |____| .__|_| |_|_| |_\__, | / / / /
 =========|_|==============|___/=/_/_/_/
 :: Spring Boot ::        (v2.2.1.RELEASE)

2021-03-27 17:16:18.217  INFO 10692 --- [    Test worker] c.r.interfaces.UserControllerTest        : Starting UserControllerTest on DESKTOP-R7AB2GV with PID 10692 (started by JAESEUNG in C:\Users\JAESEUNG\IdeaProjects\reservating_system\eatgo-admin-api)
2021-03-27 17:16:18.226  INFO 10692 --- [    Test worker] c.r.interfaces.UserControllerTest        : No active profile set, falling back to default profiles: default
2021-03-27 17:16:18.837  INFO 10692 --- [    Test worker] o.s.s.concurrent.ThreadPoolTaskExecutor  : Initializing ExecutorService 'applicationTaskExecutor'
2021-03-27 17:16:19.111  INFO 10692 --- [    Test worker] o.s.b.t.m.w.SpringBootMockServletContext : Initializing Spring TestDispatcherServlet ''
2021-03-27 17:16:19.112  INFO 10692 --- [    Test worker] o.s.t.web.servlet.TestDispatcherServlet  : Initializing Servlet ''
2021-03-27 17:16:19.138  INFO 10692 --- [    Test worker] o.s.t.web.servlet.TestDispatcherServlet  : Completed initialization in 26 ms
2021-03-27 17:16:19.164  INFO 10692 --- [    Test worker] c.r.interfaces.UserControllerTest        : Started UserControllerTest in 1.029 seconds (JVM running for 14.239)
]]></system-out>
  <system-err><![CDATA[]]></system-err>
</testsuite>
