<?xml version="1.0" encoding="UTF-8"?>
<testsuite name="com.reservationsystem.interfaces.UserControllerTest" tests="4" skipped="0" failures="0" errors="0" timestamp="2021-04-09T05:22:16" hostname="DESKTOP-R7AB2GV" time="0.05">
  <properties/>
  <testcase name="create" classname="com.reservationsystem.interfaces.UserControllerTest" time="0.018"/>
  <testcase name="update" classname="com.reservationsystem.interfaces.UserControllerTest" time="0.01"/>
  <testcase name="list" classname="com.reservationsystem.interfaces.UserControllerTest" time="0.01"/>
  <testcase name="delete1" classname="com.reservationsystem.interfaces.UserControllerTest" time="0.008"/>
  <system-out><![CDATA[2021-04-09 14:22:15.178  INFO 10200 --- [    Test worker] .b.t.a.w.s.WebMvcTestContextBootstrapper : Neither @ContextConfiguration nor @ContextHierarchy found for test class [com.reservationsystem.interfaces.UserControllerTest], using SpringBootContextLoader
2021-04-09 14:22:15.180  INFO 10200 --- [    Test worker] o.s.t.c.support.AbstractContextLoader    : Could not detect default resource locations for test class [com.reservationsystem.interfaces.UserControllerTest]: no resource found for suffixes {-context.xml, Context.groovy}.
2021-04-09 14:22:15.181  INFO 10200 --- [    Test worker] t.c.s.AnnotationConfigContextLoaderUtils : Could not detect default configuration classes for test class [com.reservationsystem.interfaces.UserControllerTest]: UserControllerTest does not declare any static, non-private, non-final, nested classes annotated with @Configuration.
2021-04-09 14:22:15.187  INFO 10200 --- [    Test worker] .b.t.c.SpringBootTestContextBootstrapper : Found @SpringBootConfiguration com.reservationsystem.EatgoAdminApiApplication for test class com.reservationsystem.interfaces.UserControllerTest
2021-04-09 14:22:15.188  INFO 10200 --- [    Test worker] .b.t.a.w.s.WebMvcTestContextBootstrapper : Loaded default TestExecutionListener class names from location [META-INF/spring.factories]: [org.springframework.boot.test.autoconfigure.restdocs.RestDocsTestExecutionListener, org.springframework.boot.test.autoconfigure.web.client.MockRestServiceServerResetTestExecutionListener, org.springframework.boot.test.autoconfigure.web.servlet.MockMvcPrintOnlyOnFailureTestExecutionListener, org.springframework.boot.test.autoconfigure.web.servlet.WebDriverTestExecutionListener, org.springframework.boot.test.mock.mockito.MockitoTestExecutionListener, org.springframework.boot.test.mock.mockito.ResetMocksTestExecutionListener, org.springframework.test.context.web.ServletTestExecutionListener, org.springframework.test.context.support.DirtiesContextBeforeModesTestExecutionListener, org.springframework.test.context.support.DependencyInjectionTestExecutionListener, org.springframework.test.context.support.DirtiesContextTestExecutionListener, org.springframework.test.context.transaction.TransactionalTestExecutionListener, org.springframework.test.context.jdbc.SqlScriptsTestExecutionListener, org.springframework.test.context.event.EventPublishingTestExecutionListener]
2021-04-09 14:22:15.188  INFO 10200 --- [    Test worker] .b.t.a.w.s.WebMvcTestContextBootstrapper : Using TestExecutionListeners: [org.springframework.test.context.web.ServletTestExecutionListener@493349af, org.springframework.test.context.support.DirtiesContextBeforeModesTestExecutionListener@23016872, org.springframework.boot.test.mock.mockito.MockitoTestExecutionListener@3eac0434, org.springframework.boot.test.autoconfigure.SpringBootDependencyInjectionTestExecutionListener@42668d3, org.springframework.test.context.support.DirtiesContextTestExecutionListener@570b37c9, org.springframework.test.context.transaction.TransactionalTestExecutionListener@7fe197a2, org.springframework.test.context.jdbc.SqlScriptsTestExecutionListener@2132b1ce, org.springframework.test.context.event.EventPublishingTestExecutionListener@16e525cb, org.springframework.boot.test.autoconfigure.restdocs.RestDocsTestExecutionListener@18defda1, org.springframework.boot.test.autoconfigure.web.client.MockRestServiceServerResetTestExecutionListener@6bf1259f, org.springframework.boot.test.autoconfigure.web.servlet.MockMvcPrintOnlyOnFailureTestExecutionListener@5ff955ee, org.springframework.boot.test.autoconfigure.web.servlet.WebDriverTestExecutionListener@608df8a7, org.springframework.boot.test.mock.mockito.ResetMocksTestExecutionListener@f5132e2]

  .   ____          _            __ _ _
 /\\ / ___'_ __ _ _(_)_ __  __ _ \ \ \ \
( ( )\___ | '_ | '_| | '_ \/ _` | \ \ \ \
 \\/  ___)| |_)| | | | | || (_| |  ) ) ) )
  '  |____| .__|_| |_|_| |_\__, | / / / /
 =========|_|==============|___/=/_/_/_/
 :: Spring Boot ::        (v2.2.1.RELEASE)

2021-04-09 14:22:15.251  INFO 10200 --- [    Test worker] c.r.interfaces.UserControllerTest        : Starting UserControllerTest on DESKTOP-R7AB2GV with PID 10200 (started by JAESEUNG in C:\Users\JAESEUNG\IdeaProjects\reservating_system\eatgo-admin-api)
2021-04-09 14:22:15.254  INFO 10200 --- [    Test worker] c.r.interfaces.UserControllerTest        : No active profile set, falling back to default profiles: default
2021-04-09 14:22:15.832  INFO 10200 --- [    Test worker] o.s.s.concurrent.ThreadPoolTaskExecutor  : Initializing ExecutorService 'applicationTaskExecutor'
2021-04-09 14:22:16.058  INFO 10200 --- [    Test worker] o.s.b.t.m.w.SpringBootMockServletContext : Initializing Spring TestDispatcherServlet ''
2021-04-09 14:22:16.058  INFO 10200 --- [    Test worker] o.s.t.web.servlet.TestDispatcherServlet  : Initializing Servlet ''
2021-04-09 14:22:16.083  INFO 10200 --- [    Test worker] o.s.t.web.servlet.TestDispatcherServlet  : Completed initialization in 25 ms
2021-04-09 14:22:16.104  INFO 10200 --- [    Test worker] c.r.interfaces.UserControllerTest        : Started UserControllerTest in 0.912 seconds (JVM running for 13.678)
]]></system-out>
  <system-err><![CDATA[]]></system-err>
</testsuite>
