<?xml version="1.0" encoding="UTF-8"?>
<testsuite name="com.reservationsystem.interfaces.RestaurantControllerTest" tests="7" skipped="0" failures="0" errors="0" timestamp="2021-04-12T13:14:13" hostname="DESKTOP-R7AB2GV" time="0.296">
  <properties/>
  <testcase name="updateWithValidData" classname="com.reservationsystem.interfaces.RestaurantControllerTest" time="0.167"/>
  <testcase name="list" classname="com.reservationsystem.interfaces.RestaurantControllerTest" time="0.017"/>
  <testcase name="detailWithNotExisted" classname="com.reservationsystem.interfaces.RestaurantControllerTest" time="0.017"/>
  <testcase name="detailWithExisted" classname="com.reservationsystem.interfaces.RestaurantControllerTest" time="0.013"/>
  <testcase name="createWithInValidData" classname="com.reservationsystem.interfaces.RestaurantControllerTest" time="0.043"/>
  <testcase name="createWithValidData" classname="com.reservationsystem.interfaces.RestaurantControllerTest" time="0.016"/>
  <testcase name="updateWithInValidData" classname="com.reservationsystem.interfaces.RestaurantControllerTest" time="0.012"/>
  <system-out><![CDATA[2021-04-12 22:14:12.904  INFO 6896 --- [    Test worker] .b.t.a.w.s.WebMvcTestContextBootstrapper : Neither @ContextConfiguration nor @ContextHierarchy found for test class [com.reservationsystem.interfaces.RestaurantControllerTest], using SpringBootContextLoader
2021-04-12 22:14:12.906  INFO 6896 --- [    Test worker] o.s.t.c.support.AbstractContextLoader    : Could not detect default resource locations for test class [com.reservationsystem.interfaces.RestaurantControllerTest]: no resource found for suffixes {-context.xml, Context.groovy}.
2021-04-12 22:14:12.907  INFO 6896 --- [    Test worker] t.c.s.AnnotationConfigContextLoaderUtils : Could not detect default configuration classes for test class [com.reservationsystem.interfaces.RestaurantControllerTest]: RestaurantControllerTest does not declare any static, non-private, non-final, nested classes annotated with @Configuration.
2021-04-12 22:14:12.916  INFO 6896 --- [    Test worker] .b.t.c.SpringBootTestContextBootstrapper : Found @SpringBootConfiguration com.reservationsystem.EatgoAdminApiApplication for test class com.reservationsystem.interfaces.RestaurantControllerTest
2021-04-12 22:14:12.917  INFO 6896 --- [    Test worker] .b.t.a.w.s.WebMvcTestContextBootstrapper : Loaded default TestExecutionListener class names from location [META-INF/spring.factories]: [org.springframework.boot.test.autoconfigure.restdocs.RestDocsTestExecutionListener, org.springframework.boot.test.autoconfigure.web.client.MockRestServiceServerResetTestExecutionListener, org.springframework.boot.test.autoconfigure.web.servlet.MockMvcPrintOnlyOnFailureTestExecutionListener, org.springframework.boot.test.autoconfigure.web.servlet.WebDriverTestExecutionListener, org.springframework.boot.test.mock.mockito.MockitoTestExecutionListener, org.springframework.boot.test.mock.mockito.ResetMocksTestExecutionListener, org.springframework.test.context.web.ServletTestExecutionListener, org.springframework.test.context.support.DirtiesContextBeforeModesTestExecutionListener, org.springframework.test.context.support.DependencyInjectionTestExecutionListener, org.springframework.test.context.support.DirtiesContextTestExecutionListener, org.springframework.test.context.transaction.TransactionalTestExecutionListener, org.springframework.test.context.jdbc.SqlScriptsTestExecutionListener, org.springframework.test.context.event.EventPublishingTestExecutionListener]
2021-04-12 22:14:12.918  INFO 6896 --- [    Test worker] .b.t.a.w.s.WebMvcTestContextBootstrapper : Using TestExecutionListeners: [org.springframework.test.context.web.ServletTestExecutionListener@73a64d0f, org.springframework.test.context.support.DirtiesContextBeforeModesTestExecutionListener@7e2b2649, org.springframework.boot.test.mock.mockito.MockitoTestExecutionListener@4ef05230, org.springframework.boot.test.autoconfigure.SpringBootDependencyInjectionTestExecutionListener@29860514, org.springframework.test.context.support.DirtiesContextTestExecutionListener@6809fb1e, org.springframework.test.context.transaction.TransactionalTestExecutionListener@4fb78138, org.springframework.test.context.jdbc.SqlScriptsTestExecutionListener@31a2b2c, org.springframework.test.context.event.EventPublishingTestExecutionListener@1aad20fe, org.springframework.boot.test.autoconfigure.restdocs.RestDocsTestExecutionListener@3d5bf9be, org.springframework.boot.test.autoconfigure.web.client.MockRestServiceServerResetTestExecutionListener@4e96016c, org.springframework.boot.test.autoconfigure.web.servlet.MockMvcPrintOnlyOnFailureTestExecutionListener@1c0700d9, org.springframework.boot.test.autoconfigure.web.servlet.WebDriverTestExecutionListener@6fde6977, org.springframework.boot.test.mock.mockito.ResetMocksTestExecutionListener@daaeb3b]

  .   ____          _            __ _ _
 /\\ / ___'_ __ _ _(_)_ __  __ _ \ \ \ \
( ( )\___ | '_ | '_| | '_ \/ _` | \ \ \ \
 \\/  ___)| |_)| | | | | || (_| |  ) ) ) )
  '  |____| .__|_| |_|_| |_\__, | / / / /
 =========|_|==============|___/=/_/_/_/
 :: Spring Boot ::        (v2.2.1.RELEASE)

2021-04-12 22:14:12.989  INFO 6896 --- [    Test worker] c.r.interfaces.RestaurantControllerTest  : Starting RestaurantControllerTest on DESKTOP-R7AB2GV with PID 6896 (started by JAESEUNG in C:\Users\JAESEUNG\IdeaProjects\reservating_system\eatgo-admin-api)
2021-04-12 22:14:12.991  INFO 6896 --- [    Test worker] c.r.interfaces.RestaurantControllerTest  : No active profile set, falling back to default profiles: default
2021-04-12 22:14:13.654  INFO 6896 --- [    Test worker] o.s.s.concurrent.ThreadPoolTaskExecutor  : Initializing ExecutorService 'applicationTaskExecutor'
2021-04-12 22:14:13.944  INFO 6896 --- [    Test worker] o.s.b.t.m.w.SpringBootMockServletContext : Initializing Spring TestDispatcherServlet ''
2021-04-12 22:14:13.945  INFO 6896 --- [    Test worker] o.s.t.web.servlet.TestDispatcherServlet  : Initializing Servlet ''
2021-04-12 22:14:13.961  INFO 6896 --- [    Test worker] o.s.t.web.servlet.TestDispatcherServlet  : Completed initialization in 16 ms
2021-04-12 22:14:13.986  INFO 6896 --- [    Test worker] c.r.interfaces.RestaurantControllerTest  : Started RestaurantControllerTest in 1.063 seconds (JVM running for 9.848)
2021-04-12 22:14:14.250  WARN 6896 --- [    Test worker] .w.s.m.s.DefaultHandlerExceptionResolver : Resolved [org.springframework.web.bind.MethodArgumentNotValidException: Validation failed for argument [0] in public org.springframework.http.ResponseEntity<?> com.reservationsystem.interfaces.RestaurantController.create(com.reservationsystem.domain.Restaurant) throws java.net.URISyntaxException with 2 errors: [Field error in object 'restaurant' on field 'address': rejected value []; codes [NotEmpty.restaurant.address,NotEmpty.address,NotEmpty.java.lang.String,NotEmpty]; arguments [org.springframework.context.support.DefaultMessageSourceResolvable: codes [restaurant.address,address]; arguments []; default message [address]]; default message [must not be empty]] [Field error in object 'restaurant' on field 'name': rejected value []; codes [NotEmpty.restaurant.name,NotEmpty.name,NotEmpty.java.lang.String,NotEmpty]; arguments [org.springframework.context.support.DefaultMessageSourceResolvable: codes [restaurant.name,name]; arguments []; default message [name]]; default message [must not be empty]] ]
2021-04-12 22:14:14.280  WARN 6896 --- [    Test worker] .w.s.m.s.DefaultHandlerExceptionResolver : Resolved [org.springframework.web.bind.MethodArgumentNotValidException: Validation failed for argument [1] in public java.lang.String com.reservationsystem.interfaces.RestaurantController.update(java.lang.Long,com.reservationsystem.domain.Restaurant) with 2 errors: [Field error in object 'restaurant' on field 'address': rejected value []; codes [NotEmpty.restaurant.address,NotEmpty.address,NotEmpty.java.lang.String,NotEmpty]; arguments [org.springframework.context.support.DefaultMessageSourceResolvable: codes [restaurant.address,address]; arguments []; default message [address]]; default message [must not be empty]] [Field error in object 'restaurant' on field 'name': rejected value []; codes [NotEmpty.restaurant.name,NotEmpty.name,NotEmpty.java.lang.String,NotEmpty]; arguments [org.springframework.context.support.DefaultMessageSourceResolvable: codes [restaurant.name,name]; arguments []; default message [name]]; default message [must not be empty]] ]
]]></system-out>
  <system-err><![CDATA[]]></system-err>
</testsuite>
