<?xml version="1.0" encoding="UTF-8"?>
<testsuite name="com.reservationsystem.application.UserServiceTest" tests="4" skipped="0" failures="0" errors="0" timestamp="2021-04-15T10:33:25" hostname="DESKTOP-R7AB2GV" time="0.044">
  <properties/>
  <testcase name="addUser" classname="com.reservationsystem.application.UserServiceTest" time="0.038"/>
  <testcase name="updateUser" classname="com.reservationsystem.application.UserServiceTest" time="0.002"/>
  <testcase name="delete1" classname="com.reservationsystem.application.UserServiceTest" time="0.001"/>
  <testcase name="getUsers" classname="com.reservationsystem.application.UserServiceTest" time="0.001"/>
  <system-out><![CDATA[]]></system-out>
  <system-err><![CDATA[]]></system-err>
</testsuite>
