<?xml version="1.0" encoding="UTF-8"?>
<testsuite name="com.reservationsystem.application.ReviewServiceTest" tests="2" skipped="0" failures="0" errors="0" timestamp="2021-04-05T12:48:43" hostname="DESKTOP-R7AB2GV" time="0.029">
  <properties/>
  <testcase name="addReview" classname="com.reservationsystem.application.ReviewServiceTest" time="0.028"/>
  <testcase name="getReviews" classname="com.reservationsystem.application.ReviewServiceTest" time="0.001"/>
  <system-out><![CDATA[]]></system-out>
  <system-err><![CDATA[]]></system-err>
</testsuite>
