<?xml version="1.0" encoding="UTF-8"?>
<testsuite name="com.reservationsystem.interfaces.MenuItemControllerTest" tests="1" skipped="0" failures="0" errors="0" timestamp="2021-03-27T08:16:13" hostname="DESKTOP-R7AB2GV" time="0.038">
  <properties/>
  <testcase name="bulkUpdate" classname="com.reservationsystem.interfaces.MenuItemControllerTest" time="0.038"/>
  <system-out><![CDATA[2021-03-27 17:16:12.622  INFO 10692 --- [    Test worker] .b.t.a.w.s.WebMvcTestContextBootstrapper : Neither @ContextConfiguration nor @ContextHierarchy found for test class [com.reservationsystem.interfaces.MenuItemControllerTest], using SpringBootContextLoader
2021-03-27 17:16:12.625  INFO 10692 --- [    Test worker] o.s.t.c.support.AbstractContextLoader    : Could not detect default resource locations for test class [com.reservationsystem.interfaces.MenuItemControllerTest]: no resource found for suffixes {-context.xml, Context.groovy}.
2021-03-27 17:16:12.626  INFO 10692 --- [    Test worker] t.c.s.AnnotationConfigContextLoaderUtils : Could not detect default configuration classes for test class [com.reservationsystem.interfaces.MenuItemControllerTest]: MenuItemControllerTest does not declare any static, non-private, non-final, nested classes annotated with @Configuration.
2021-03-27 17:16:12.633  INFO 10692 --- [    Test worker] .b.t.c.SpringBootTestContextBootstrapper : Found @SpringBootConfiguration com.reservationsystem.EatgoAdminApiApplication for test class com.reservationsystem.interfaces.MenuItemControllerTest
2021-03-27 17:16:12.634  INFO 10692 --- [    Test worker] .b.t.a.w.s.WebMvcTestContextBootstrapper : Loaded default TestExecutionListener class names from location [META-INF/spring.factories]: [org.springframework.boot.test.autoconfigure.restdocs.RestDocsTestExecutionListener, org.springframework.boot.test.autoconfigure.web.client.MockRestServiceServerResetTestExecutionListener, org.springframework.boot.test.autoconfigure.web.servlet.MockMvcPrintOnlyOnFailureTestExecutionListener, org.springframework.boot.test.autoconfigure.web.servlet.WebDriverTestExecutionListener, org.springframework.boot.test.mock.mockito.MockitoTestExecutionListener, org.springframework.boot.test.mock.mockito.ResetMocksTestExecutionListener, org.springframework.test.context.web.ServletTestExecutionListener, org.springframework.test.context.support.DirtiesContextBeforeModesTestExecutionListener, org.springframework.test.context.support.DependencyInjectionTestExecutionListener, org.springframework.test.context.support.DirtiesContextTestExecutionListener, org.springframework.test.context.transaction.TransactionalTestExecutionListener, org.springframework.test.context.jdbc.SqlScriptsTestExecutionListener, org.springframework.test.context.event.EventPublishingTestExecutionListener]
2021-03-27 17:16:12.635  INFO 10692 --- [    Test worker] .b.t.a.w.s.WebMvcTestContextBootstrapper : Using TestExecutionListeners: [org.springframework.test.context.web.ServletTestExecutionListener@1448e142, org.springframework.test.context.support.DirtiesContextBeforeModesTestExecutionListener@5bec80e2, org.springframework.boot.test.mock.mockito.MockitoTestExecutionListener@1254a9e0, org.springframework.boot.test.autoconfigure.SpringBootDependencyInjectionTestExecutionListener@2dac0757, org.springframework.test.context.support.DirtiesContextTestExecutionListener@7e3da151, org.springframework.test.context.transaction.TransactionalTestExecutionListener@4169d5e4, org.springframework.test.context.jdbc.SqlScriptsTestExecutionListener@76c57f80, org.springframework.test.context.event.EventPublishingTestExecutionListener@3b9e58b0, org.springframework.boot.test.autoconfigure.restdocs.RestDocsTestExecutionListener@283a51bb, org.springframework.boot.test.autoconfigure.web.client.MockRestServiceServerResetTestExecutionListener@277367ad, org.springframework.boot.test.autoconfigure.web.servlet.MockMvcPrintOnlyOnFailureTestExecutionListener@7a1735bc, org.springframework.boot.test.autoconfigure.web.servlet.WebDriverTestExecutionListener@3305a996, org.springframework.boot.test.mock.mockito.ResetMocksTestExecutionListener@494881c4]

  .   ____          _            __ _ _
 /\\ / ___'_ __ _ _(_)_ __  __ _ \ \ \ \
( ( )\___ | '_ | '_| | '_ \/ _` | \ \ \ \
 \\/  ___)| |_)| | | | | || (_| |  ) ) ) )
  '  |____| .__|_| |_|_| |_\__, | / / / /
 =========|_|==============|___/=/_/_/_/
 :: Spring Boot ::        (v2.2.1.RELEASE)

2021-03-27 17:16:12.715  INFO 10692 --- [    Test worker] c.r.interfaces.MenuItemControllerTest    : Starting MenuItemControllerTest on DESKTOP-R7AB2GV with PID 10692 (started by JAESEUNG in C:\Users\JAESEUNG\IdeaProjects\reservating_system\eatgo-admin-api)
2021-03-27 17:16:12.716  INFO 10692 --- [    Test worker] c.r.interfaces.MenuItemControllerTest    : No active profile set, falling back to default profiles: default
2021-03-27 17:16:13.528  INFO 10692 --- [    Test worker] o.s.s.concurrent.ThreadPoolTaskExecutor  : Initializing ExecutorService 'applicationTaskExecutor'
2021-03-27 17:16:13.810  INFO 10692 --- [    Test worker] o.s.b.t.m.w.SpringBootMockServletContext : Initializing Spring TestDispatcherServlet ''
2021-03-27 17:16:13.810  INFO 10692 --- [    Test worker] o.s.t.web.servlet.TestDispatcherServlet  : Initializing Servlet ''
2021-03-27 17:16:13.830  INFO 10692 --- [    Test worker] o.s.t.web.servlet.TestDispatcherServlet  : Completed initialization in 20 ms
2021-03-27 17:16:13.864  INFO 10692 --- [    Test worker] c.r.interfaces.MenuItemControllerTest    : Started MenuItemControllerTest in 1.224 seconds (JVM running for 8.939)
]]></system-out>
  <system-err><![CDATA[]]></system-err>
</testsuite>
