<?xml version="1.0" encoding="UTF-8"?>
<testsuite name="com.reservationsystem.interfaces.RegionControllerTest" tests="2" skipped="0" failures="0" errors="0" timestamp="2021-03-21T14:20:16" hostname="DESKTOP-R7AB2GV" time="0.108">
  <properties/>
  <testcase name="create" classname="com.reservationsystem.interfaces.RegionControllerTest" time="0.071"/>
  <testcase name="list" classname="com.reservationsystem.interfaces.RegionControllerTest" time="0.035"/>
  <system-out><![CDATA[2021-03-21 23:20:16.025  INFO 3220 --- [    Test worker] .b.t.a.w.s.WebMvcTestContextBootstrapper : Neither @ContextConfiguration nor @ContextHierarchy found for test class [com.reservationsystem.interfaces.RegionControllerTest], using SpringBootContextLoader
2021-03-21 23:20:16.027  INFO 3220 --- [    Test worker] o.s.t.c.support.AbstractContextLoader    : Could not detect default resource locations for test class [com.reservationsystem.interfaces.RegionControllerTest]: no resource found for suffixes {-context.xml, Context.groovy}.
2021-03-21 23:20:16.028  INFO 3220 --- [    Test worker] t.c.s.AnnotationConfigContextLoaderUtils : Could not detect default configuration classes for test class [com.reservationsystem.interfaces.RegionControllerTest]: RegionControllerTest does not declare any static, non-private, non-final, nested classes annotated with @Configuration.
2021-03-21 23:20:16.034  INFO 3220 --- [    Test worker] .b.t.c.SpringBootTestContextBootstrapper : Found @SpringBootConfiguration com.reservationsystem.EatgoAdminApiApplication for test class com.reservationsystem.interfaces.RegionControllerTest
2021-03-21 23:20:16.035  INFO 3220 --- [    Test worker] .b.t.a.w.s.WebMvcTestContextBootstrapper : Loaded default TestExecutionListener class names from location [META-INF/spring.factories]: [org.springframework.boot.test.autoconfigure.restdocs.RestDocsTestExecutionListener, org.springframework.boot.test.autoconfigure.web.client.MockRestServiceServerResetTestExecutionListener, org.springframework.boot.test.autoconfigure.web.servlet.MockMvcPrintOnlyOnFailureTestExecutionListener, org.springframework.boot.test.autoconfigure.web.servlet.WebDriverTestExecutionListener, org.springframework.boot.test.mock.mockito.MockitoTestExecutionListener, org.springframework.boot.test.mock.mockito.ResetMocksTestExecutionListener, org.springframework.test.context.web.ServletTestExecutionListener, org.springframework.test.context.support.DirtiesContextBeforeModesTestExecutionListener, org.springframework.test.context.support.DependencyInjectionTestExecutionListener, org.springframework.test.context.support.DirtiesContextTestExecutionListener, org.springframework.test.context.transaction.TransactionalTestExecutionListener, org.springframework.test.context.jdbc.SqlScriptsTestExecutionListener, org.springframework.test.context.event.EventPublishingTestExecutionListener]
2021-03-21 23:20:16.036  INFO 3220 --- [    Test worker] .b.t.a.w.s.WebMvcTestContextBootstrapper : Using TestExecutionListeners: [org.springframework.test.context.web.ServletTestExecutionListener@7ba6a200, org.springframework.test.context.support.DirtiesContextBeforeModesTestExecutionListener@65cca59, org.springframework.boot.test.mock.mockito.MockitoTestExecutionListener@55ef8624, org.springframework.boot.test.autoconfigure.SpringBootDependencyInjectionTestExecutionListener@56adabe8, org.springframework.test.context.support.DirtiesContextTestExecutionListener@18d5a59f, org.springframework.test.context.transaction.TransactionalTestExecutionListener@783baade, org.springframework.test.context.jdbc.SqlScriptsTestExecutionListener@51cccd5b, org.springframework.test.context.event.EventPublishingTestExecutionListener@6a85ce61, org.springframework.boot.test.autoconfigure.restdocs.RestDocsTestExecutionListener@5fc967f3, org.springframework.boot.test.autoconfigure.web.client.MockRestServiceServerResetTestExecutionListener@7a814b8e, org.springframework.boot.test.autoconfigure.web.servlet.MockMvcPrintOnlyOnFailureTestExecutionListener@4d90e790, org.springframework.boot.test.autoconfigure.web.servlet.WebDriverTestExecutionListener@922de85, org.springframework.boot.test.mock.mockito.ResetMocksTestExecutionListener@1d40d6ad]

  .   ____          _            __ _ _
 /\\ / ___'_ __ _ _(_)_ __  __ _ \ \ \ \
( ( )\___ | '_ | '_| | '_ \/ _` | \ \ \ \
 \\/  ___)| |_)| | | | | || (_| |  ) ) ) )
  '  |____| .__|_| |_|_| |_\__, | / / / /
 =========|_|==============|___/=/_/_/_/
 :: Spring Boot ::        (v2.2.1.RELEASE)

2021-03-21 23:20:16.091  INFO 3220 --- [    Test worker] c.r.interfaces.RegionControllerTest      : Starting RegionControllerTest on DESKTOP-R7AB2GV with PID 3220 (started by JAESEUNG in C:\Users\JAESEUNG\IdeaProjects\reservating_system\eatgo-admin-api)
2021-03-21 23:20:16.093  INFO 3220 --- [    Test worker] c.r.interfaces.RegionControllerTest      : No active profile set, falling back to default profiles: default
2021-03-21 23:20:16.642  INFO 3220 --- [    Test worker] o.s.s.concurrent.ThreadPoolTaskExecutor  : Initializing ExecutorService 'applicationTaskExecutor'
2021-03-21 23:20:16.877  INFO 3220 --- [    Test worker] o.s.b.t.m.w.SpringBootMockServletContext : Initializing Spring TestDispatcherServlet ''
2021-03-21 23:20:16.877  INFO 3220 --- [    Test worker] o.s.t.web.servlet.TestDispatcherServlet  : Initializing Servlet ''
2021-03-21 23:20:16.895  INFO 3220 --- [    Test worker] o.s.t.web.servlet.TestDispatcherServlet  : Completed initialization in 18 ms
2021-03-21 23:20:16.917  INFO 3220 --- [    Test worker] c.r.interfaces.RegionControllerTest      : Started RegionControllerTest in 0.877 seconds (JVM running for 6.463)
]]></system-out>
  <system-err><![CDATA[]]></system-err>
</testsuite>
